[0.217s] DEBUG:colcon:Command line arguments: ['/usr/bin/colcon', 'build']
[0.217s] DEBUG:colcon:Parsed command line arguments: Namespace(log_base=None, log_level=None, verb_name='build', build_base='build', install_base='install', merge_install=False, symlink_install=False, test_result_base=None, continue_on_error=False, executor='parallel', parallel_workers=8, event_handlers=None, ignore_user_meta=False, metas=['./colcon.meta'], base_paths=['.'], packages_ignore=None, packages_ignore_regex=None, paths=None, packages_up_to=None, packages_up_to_regex=None, packages_above=None, packages_above_and_dependencies=None, packages_above_depth=None, packages_select_by_dep=None, packages_skip_by_dep=None, packages_skip_up_to=None, packages_select_build_failed=False, packages_skip_build_finished=False, packages_select_test_failures=False, packages_skip_test_passed=False, packages_select=None, packages_skip=None, packages_select_regex=None, packages_skip_regex=None, packages_start=None, packages_end=None, allow_overriding=[], cmake_args=None, cmake_target=None, cmake_target_skip_unavailable=False, cmake_clean_cache=False, cmake_clean_first=False, cmake_force_configure=False, ament_cmake_args=None, catkin_cmake_args=None, catkin_skip_building_tests=False, verb_parser=<colcon_defaults.argument_parser.defaults.DefaultArgumentsDecorator object at 0x70fecf922170>, verb_extension=<colcon_core.verb.build.BuildVerb object at 0x70fecfa775b0>, main=<bound method BuildVerb.main of <colcon_core.verb.build.BuildVerb object at 0x70fecfa775b0>>)
[0.690s] Level 1:colcon.colcon_core.package_discovery:discover_packages(colcon_meta) check parameters
[0.690s] Level 1:colcon.colcon_core.package_discovery:discover_packages(recursive) check parameters
[0.690s] Level 1:colcon.colcon_core.package_discovery:discover_packages(ignore) check parameters
[0.690s] Level 1:colcon.colcon_core.package_discovery:discover_packages(path) check parameters
[0.690s] Level 1:colcon.colcon_core.package_discovery:discover_packages(colcon_meta) discover
[0.691s] Level 1:colcon.colcon_core.package_discovery:discover_packages(recursive) discover
[0.691s] INFO:colcon.colcon_core.package_discovery:Crawling recursively for packages in '/home/ayush/Desktop/ROS2 /ROS2_NAV2/src'
[0.691s] Level 1:colcon.colcon_core.package_identification:_identify(.) by extensions ['ignore', 'ignore_ament_install']
[0.691s] Level 1:colcon.colcon_core.package_identification:_identify(.) by extension 'ignore'
[0.691s] Level 1:colcon.colcon_core.package_identification:_identify(.) by extension 'ignore_ament_install'
[0.692s] Level 1:colcon.colcon_core.package_identification:_identify(.) by extensions ['colcon_pkg']
[0.692s] Level 1:colcon.colcon_core.package_identification:_identify(.) by extension 'colcon_pkg'
[0.692s] Level 1:colcon.colcon_core.package_identification:_identify(.) by extensions ['colcon_meta']
[0.692s] Level 1:colcon.colcon_core.package_identification:_identify(.) by extension 'colcon_meta'
[0.692s] Level 1:colcon.colcon_core.package_identification:_identify(.) by extensions ['ros']
[0.692s] Level 1:colcon.colcon_core.package_identification:_identify(.) by extension 'ros'
[0.723s] Level 1:colcon.colcon_core.package_identification:_identify(.) by extensions ['cmake', 'python']
[0.723s] Level 1:colcon.colcon_core.package_identification:_identify(.) by extension 'cmake'
[0.723s] Level 1:colcon.colcon_core.package_identification:_identify(.) by extension 'python'
[0.724s] Level 1:colcon.colcon_core.package_identification:_identify(.) by extensions ['python_setup_py']
[0.724s] Level 1:colcon.colcon_core.package_identification:_identify(.) by extension 'python_setup_py'
[0.724s] Level 1:colcon.colcon_core.package_identification:_identify(build) by extensions ['ignore', 'ignore_ament_install']
[0.724s] Level 1:colcon.colcon_core.package_identification:_identify(build) by extension 'ignore'
[0.724s] Level 1:colcon.colcon_core.package_identification:_identify(build) ignored
[0.724s] Level 1:colcon.colcon_core.package_identification:_identify(install) by extensions ['ignore', 'ignore_ament_install']
[0.725s] Level 1:colcon.colcon_core.package_identification:_identify(install) by extension 'ignore'
[0.725s] Level 1:colcon.colcon_core.package_identification:_identify(install) ignored
[0.725s] Level 1:colcon.colcon_core.package_identification:_identify(log) by extensions ['ignore', 'ignore_ament_install']
[0.725s] Level 1:colcon.colcon_core.package_identification:_identify(log) by extension 'ignore'
[0.725s] Level 1:colcon.colcon_core.package_identification:_identify(log) ignored
[0.725s] Level 1:colcon.colcon_core.package_identification:_identify(turtlebot3_fake_node) by extensions ['ignore', 'ignore_ament_install']
[0.725s] Level 1:colcon.colcon_core.package_identification:_identify(turtlebot3_fake_node) by extension 'ignore'
[0.725s] Level 1:colcon.colcon_core.package_identification:_identify(turtlebot3_fake_node) by extension 'ignore_ament_install'
[0.725s] Level 1:colcon.colcon_core.package_identification:_identify(turtlebot3_fake_node) by extensions ['colcon_pkg']
[0.726s] Level 1:colcon.colcon_core.package_identification:_identify(turtlebot3_fake_node) by extension 'colcon_pkg'
[0.726s] Level 1:colcon.colcon_core.package_identification:_identify(turtlebot3_fake_node) by extensions ['colcon_meta']
[0.726s] Level 1:colcon.colcon_core.package_identification:_identify(turtlebot3_fake_node) by extension 'colcon_meta'
[0.726s] Level 1:colcon.colcon_core.package_identification:_identify(turtlebot3_fake_node) by extensions ['ros']
[0.726s] Level 1:colcon.colcon_core.package_identification:_identify(turtlebot3_fake_node) by extension 'ros'
[0.731s] DEBUG:colcon.colcon_core.package_identification:Package 'turtlebot3_fake_node' with type 'ros.ament_cmake' and name 'turtlebot3_fake_node'
[0.732s] Level 1:colcon.colcon_core.package_identification:_identify(turtlebot3_gazebo) by extensions ['ignore', 'ignore_ament_install']
[0.732s] Level 1:colcon.colcon_core.package_identification:_identify(turtlebot3_gazebo) by extension 'ignore'
[0.732s] Level 1:colcon.colcon_core.package_identification:_identify(turtlebot3_gazebo) by extension 'ignore_ament_install'
[0.732s] Level 1:colcon.colcon_core.package_identification:_identify(turtlebot3_gazebo) by extensions ['colcon_pkg']
[0.732s] Level 1:colcon.colcon_core.package_identification:_identify(turtlebot3_gazebo) by extension 'colcon_pkg'
[0.732s] Level 1:colcon.colcon_core.package_identification:_identify(turtlebot3_gazebo) by extensions ['colcon_meta']
[0.732s] Level 1:colcon.colcon_core.package_identification:_identify(turtlebot3_gazebo) by extension 'colcon_meta'
[0.732s] Level 1:colcon.colcon_core.package_identification:_identify(turtlebot3_gazebo) by extensions ['ros']
[0.732s] Level 1:colcon.colcon_core.package_identification:_identify(turtlebot3_gazebo) by extension 'ros'
[0.733s] DEBUG:colcon.colcon_core.package_identification:Package 'turtlebot3_gazebo' with type 'ros.ament_cmake' and name 'turtlebot3_gazebo'
[0.733s] Level 1:colcon.colcon_core.package_identification:_identify(turtlebot3_simulations) by extensions ['ignore', 'ignore_ament_install']
[0.733s] Level 1:colcon.colcon_core.package_identification:_identify(turtlebot3_simulations) by extension 'ignore'
[0.733s] Level 1:colcon.colcon_core.package_identification:_identify(turtlebot3_simulations) by extension 'ignore_ament_install'
[0.734s] Level 1:colcon.colcon_core.package_identification:_identify(turtlebot3_simulations) by extensions ['colcon_pkg']
[0.734s] Level 1:colcon.colcon_core.package_identification:_identify(turtlebot3_simulations) by extension 'colcon_pkg'
[0.734s] Level 1:colcon.colcon_core.package_identification:_identify(turtlebot3_simulations) by extensions ['colcon_meta']
[0.734s] Level 1:colcon.colcon_core.package_identification:_identify(turtlebot3_simulations) by extension 'colcon_meta'
[0.734s] Level 1:colcon.colcon_core.package_identification:_identify(turtlebot3_simulations) by extensions ['ros']
[0.734s] Level 1:colcon.colcon_core.package_identification:_identify(turtlebot3_simulations) by extension 'ros'
[0.734s] DEBUG:colcon.colcon_core.package_identification:Package 'turtlebot3_simulations' with type 'ros.ament_cmake' and name 'turtlebot3_simulations'
[0.734s] Level 1:colcon.colcon_core.package_discovery:discover_packages(recursive) using defaults
[0.735s] Level 1:colcon.colcon_core.package_discovery:discover_packages(ignore) discover
[0.735s] Level 1:colcon.colcon_core.package_discovery:discover_packages(ignore) using defaults
[0.735s] Level 1:colcon.colcon_core.package_discovery:discover_packages(path) discover
[0.735s] Level 1:colcon.colcon_core.package_discovery:discover_packages(path) using defaults
[0.776s] Level 1:colcon.colcon_core.package_discovery:discover_packages(prefix_path) check parameters
[0.776s] Level 1:colcon.colcon_core.package_discovery:discover_packages(prefix_path) discover
[0.781s] DEBUG:colcon.colcon_installed_package_information.package_discovery:Found 403 installed packages in /opt/ros/humble
[0.783s] Level 1:colcon.colcon_core.package_discovery:discover_packages(prefix_path) using defaults
[0.866s] Level 5:colcon.colcon_core.verb:set package 'turtlebot3_fake_node' build argument 'cmake_args' from command line to 'None'
[0.866s] Level 5:colcon.colcon_core.verb:set package 'turtlebot3_fake_node' build argument 'cmake_target' from command line to 'None'
[0.866s] Level 5:colcon.colcon_core.verb:set package 'turtlebot3_fake_node' build argument 'cmake_target_skip_unavailable' from command line to 'False'
[0.866s] Level 5:colcon.colcon_core.verb:set package 'turtlebot3_fake_node' build argument 'cmake_clean_cache' from command line to 'False'
[0.866s] Level 5:colcon.colcon_core.verb:set package 'turtlebot3_fake_node' build argument 'cmake_clean_first' from command line to 'False'
[0.866s] Level 5:colcon.colcon_core.verb:set package 'turtlebot3_fake_node' build argument 'cmake_force_configure' from command line to 'False'
[0.866s] Level 5:colcon.colcon_core.verb:set package 'turtlebot3_fake_node' build argument 'ament_cmake_args' from command line to 'None'
[0.866s] Level 5:colcon.colcon_core.verb:set package 'turtlebot3_fake_node' build argument 'catkin_cmake_args' from command line to 'None'
[0.866s] Level 5:colcon.colcon_core.verb:set package 'turtlebot3_fake_node' build argument 'catkin_skip_building_tests' from command line to 'False'
[0.866s] DEBUG:colcon.colcon_core.verb:Building package 'turtlebot3_fake_node' with the following arguments: {'ament_cmake_args': None, 'build_base': '/home/ayush/Desktop/ROS2 /ROS2_NAV2/src/build/turtlebot3_fake_node', 'catkin_cmake_args': None, 'catkin_skip_building_tests': False, 'cmake_args': None, 'cmake_clean_cache': False, 'cmake_clean_first': False, 'cmake_force_configure': False, 'cmake_target': None, 'cmake_target_skip_unavailable': False, 'install_base': '/home/ayush/Desktop/ROS2 /ROS2_NAV2/src/install/turtlebot3_fake_node', 'merge_install': False, 'path': '/home/ayush/Desktop/ROS2 /ROS2_NAV2/src/turtlebot3_fake_node', 'symlink_install': False, 'test_result_base': None}
[0.867s] Level 5:colcon.colcon_core.verb:set package 'turtlebot3_gazebo' build argument 'cmake_args' from command line to 'None'
[0.867s] Level 5:colcon.colcon_core.verb:set package 'turtlebot3_gazebo' build argument 'cmake_target' from command line to 'None'
[0.867s] Level 5:colcon.colcon_core.verb:set package 'turtlebot3_gazebo' build argument 'cmake_target_skip_unavailable' from command line to 'False'
[0.867s] Level 5:colcon.colcon_core.verb:set package 'turtlebot3_gazebo' build argument 'cmake_clean_cache' from command line to 'False'
[0.867s] Level 5:colcon.colcon_core.verb:set package 'turtlebot3_gazebo' build argument 'cmake_clean_first' from command line to 'False'
[0.867s] Level 5:colcon.colcon_core.verb:set package 'turtlebot3_gazebo' build argument 'cmake_force_configure' from command line to 'False'
[0.867s] Level 5:colcon.colcon_core.verb:set package 'turtlebot3_gazebo' build argument 'ament_cmake_args' from command line to 'None'
[0.867s] Level 5:colcon.colcon_core.verb:set package 'turtlebot3_gazebo' build argument 'catkin_cmake_args' from command line to 'None'
[0.867s] Level 5:colcon.colcon_core.verb:set package 'turtlebot3_gazebo' build argument 'catkin_skip_building_tests' from command line to 'False'
[0.867s] DEBUG:colcon.colcon_core.verb:Building package 'turtlebot3_gazebo' with the following arguments: {'ament_cmake_args': None, 'build_base': '/home/ayush/Desktop/ROS2 /ROS2_NAV2/src/build/turtlebot3_gazebo', 'catkin_cmake_args': None, 'catkin_skip_building_tests': False, 'cmake_args': None, 'cmake_clean_cache': False, 'cmake_clean_first': False, 'cmake_force_configure': False, 'cmake_target': None, 'cmake_target_skip_unavailable': False, 'install_base': '/home/ayush/Desktop/ROS2 /ROS2_NAV2/src/install/turtlebot3_gazebo', 'merge_install': False, 'path': '/home/ayush/Desktop/ROS2 /ROS2_NAV2/src/turtlebot3_gazebo', 'symlink_install': False, 'test_result_base': None}
[0.868s] Level 5:colcon.colcon_core.verb:set package 'turtlebot3_simulations' build argument 'cmake_args' from command line to 'None'
[0.868s] Level 5:colcon.colcon_core.verb:set package 'turtlebot3_simulations' build argument 'cmake_target' from command line to 'None'
[0.868s] Level 5:colcon.colcon_core.verb:set package 'turtlebot3_simulations' build argument 'cmake_target_skip_unavailable' from command line to 'False'
[0.868s] Level 5:colcon.colcon_core.verb:set package 'turtlebot3_simulations' build argument 'cmake_clean_cache' from command line to 'False'
[0.868s] Level 5:colcon.colcon_core.verb:set package 'turtlebot3_simulations' build argument 'cmake_clean_first' from command line to 'False'
[0.868s] Level 5:colcon.colcon_core.verb:set package 'turtlebot3_simulations' build argument 'cmake_force_configure' from command line to 'False'
[0.868s] Level 5:colcon.colcon_core.verb:set package 'turtlebot3_simulations' build argument 'ament_cmake_args' from command line to 'None'
[0.868s] Level 5:colcon.colcon_core.verb:set package 'turtlebot3_simulations' build argument 'catkin_cmake_args' from command line to 'None'
[0.868s] Level 5:colcon.colcon_core.verb:set package 'turtlebot3_simulations' build argument 'catkin_skip_building_tests' from command line to 'False'
[0.868s] DEBUG:colcon.colcon_core.verb:Building package 'turtlebot3_simulations' with the following arguments: {'ament_cmake_args': None, 'build_base': '/home/ayush/Desktop/ROS2 /ROS2_NAV2/src/build/turtlebot3_simulations', 'catkin_cmake_args': None, 'catkin_skip_building_tests': False, 'cmake_args': None, 'cmake_clean_cache': False, 'cmake_clean_first': False, 'cmake_force_configure': False, 'cmake_target': None, 'cmake_target_skip_unavailable': False, 'install_base': '/home/ayush/Desktop/ROS2 /ROS2_NAV2/src/install/turtlebot3_simulations', 'merge_install': False, 'path': '/home/ayush/Desktop/ROS2 /ROS2_NAV2/src/turtlebot3_simulations', 'symlink_install': False, 'test_result_base': None}
[0.869s] INFO:colcon.colcon_core.executor:Executing jobs using 'parallel' executor
[0.870s] DEBUG:colcon.colcon_parallel_executor.executor.parallel:run_until_complete
[0.871s] INFO:colcon.colcon_ros.task.ament_cmake.build:Building ROS package in '/home/ayush/Desktop/ROS2 /ROS2_NAV2/src/turtlebot3_fake_node' with build type 'ament_cmake'
[0.871s] INFO:colcon.colcon_cmake.task.cmake.build:Building CMake package in '/home/ayush/Desktop/ROS2 /ROS2_NAV2/src/turtlebot3_fake_node'
[0.878s] INFO:colcon.colcon_core.plugin_system:Skipping extension 'colcon_core.shell.bat': Not used on non-Windows systems
[0.878s] INFO:colcon.colcon_core.shell:Skip shell extension 'powershell' for command environment: Not usable outside of PowerShell
[0.878s] DEBUG:colcon.colcon_core.shell:Skip shell extension 'dsv' for command environment
[0.884s] INFO:colcon.colcon_ros.task.ament_cmake.build:Building ROS package in '/home/ayush/Desktop/ROS2 /ROS2_NAV2/src/turtlebot3_gazebo' with build type 'ament_cmake'
[0.884s] INFO:colcon.colcon_cmake.task.cmake.build:Building CMake package in '/home/ayush/Desktop/ROS2 /ROS2_NAV2/src/turtlebot3_gazebo'
[0.885s] INFO:colcon.colcon_core.shell:Skip shell extension 'powershell' for command environment: Not usable outside of PowerShell
[0.885s] DEBUG:colcon.colcon_core.shell:Skip shell extension 'dsv' for command environment
[0.896s] DEBUG:colcon.colcon_core.event_handler.log_command:Invoking command in '/home/ayush/Desktop/ROS2 /ROS2_NAV2/src/build/turtlebot3_fake_node': CMAKE_PREFIX_PATH=/opt/ros/humble /usr/bin/cmake /home/ayush/Desktop/ROS2 /ROS2_NAV2/src/turtlebot3_fake_node -DCMAKE_INSTALL_PREFIX=/home/ayush/Desktop/ROS2 /ROS2_NAV2/src/install/turtlebot3_fake_node
[0.907s] DEBUG:colcon.colcon_core.event_handler.log_command:Invoking command in '/home/ayush/Desktop/ROS2 /ROS2_NAV2/src/build/turtlebot3_gazebo': CMAKE_PREFIX_PATH=/opt/ros/humble /usr/bin/cmake /home/ayush/Desktop/ROS2 /ROS2_NAV2/src/turtlebot3_gazebo -DCMAKE_INSTALL_PREFIX=/home/ayush/Desktop/ROS2 /ROS2_NAV2/src/install/turtlebot3_gazebo
[3.335s] DEBUG:colcon.colcon_core.event_handler.log_command:Invoked command in '/home/ayush/Desktop/ROS2 /ROS2_NAV2/src/build/turtlebot3_fake_node' returned '0': CMAKE_PREFIX_PATH=/opt/ros/humble /usr/bin/cmake /home/ayush/Desktop/ROS2 /ROS2_NAV2/src/turtlebot3_fake_node -DCMAKE_INSTALL_PREFIX=/home/ayush/Desktop/ROS2 /ROS2_NAV2/src/install/turtlebot3_fake_node
[3.340s] DEBUG:colcon.colcon_core.event_handler.log_command:Invoking command in '/home/ayush/Desktop/ROS2 /ROS2_NAV2/src/build/turtlebot3_fake_node': CMAKE_PREFIX_PATH=/opt/ros/humble /usr/bin/cmake --build /home/ayush/Desktop/ROS2 /ROS2_NAV2/src/build/turtlebot3_fake_node -- -j8 -l8
[4.907s] DEBUG:colcon.colcon_core.event_handler.log_command:Invoked command in '/home/ayush/Desktop/ROS2 /ROS2_NAV2/src/build/turtlebot3_gazebo' returned '0': CMAKE_PREFIX_PATH=/opt/ros/humble /usr/bin/cmake /home/ayush/Desktop/ROS2 /ROS2_NAV2/src/turtlebot3_gazebo -DCMAKE_INSTALL_PREFIX=/home/ayush/Desktop/ROS2 /ROS2_NAV2/src/install/turtlebot3_gazebo
[4.909s] DEBUG:colcon.colcon_core.event_handler.log_command:Invoking command in '/home/ayush/Desktop/ROS2 /ROS2_NAV2/src/build/turtlebot3_gazebo': CMAKE_PREFIX_PATH=/opt/ros/humble /usr/bin/cmake --build /home/ayush/Desktop/ROS2 /ROS2_NAV2/src/build/turtlebot3_gazebo -- -j8 -l8
[30.726s] DEBUG:colcon.colcon_core.event_handler.log_command:Invoked command in '/home/ayush/Desktop/ROS2 /ROS2_NAV2/src/build/turtlebot3_fake_node' returned '0': CMAKE_PREFIX_PATH=/opt/ros/humble /usr/bin/cmake --build /home/ayush/Desktop/ROS2 /ROS2_NAV2/src/build/turtlebot3_fake_node -- -j8 -l8
[30.754s] DEBUG:colcon.colcon_core.event_handler.log_command:Invoking command in '/home/ayush/Desktop/ROS2 /ROS2_NAV2/src/build/turtlebot3_fake_node': CMAKE_PREFIX_PATH=/opt/ros/humble /usr/bin/cmake --install /home/ayush/Desktop/ROS2 /ROS2_NAV2/src/build/turtlebot3_fake_node
[30.802s] Level 1:colcon.colcon_core.environment:create_environment_scripts_only(turtlebot3_fake_node)
[30.803s] DEBUG:colcon.colcon_core.event_handler.log_command:Invoked command in '/home/ayush/Desktop/ROS2 /ROS2_NAV2/src/build/turtlebot3_fake_node' returned '0': CMAKE_PREFIX_PATH=/opt/ros/humble /usr/bin/cmake --install /home/ayush/Desktop/ROS2 /ROS2_NAV2/src/build/turtlebot3_fake_node
[30.813s] Level 1:colcon.colcon_core.environment:checking '/home/ayush/Desktop/ROS2 /ROS2_NAV2/src/install/turtlebot3_fake_node' for CMake module files
[30.815s] Level 1:colcon.colcon_core.environment:checking '/home/ayush/Desktop/ROS2 /ROS2_NAV2/src/install/turtlebot3_fake_node' for CMake config files
[30.816s] Level 1:colcon.colcon_core.shell:create_environment_hook('turtlebot3_fake_node', 'cmake_prefix_path')
[30.821s] INFO:colcon.colcon_core.shell:Creating environment hook '/home/ayush/Desktop/ROS2 /ROS2_NAV2/src/install/turtlebot3_fake_node/share/turtlebot3_fake_node/hook/cmake_prefix_path.ps1'
[30.823s] INFO:colcon.colcon_core.shell:Creating environment descriptor '/home/ayush/Desktop/ROS2 /ROS2_NAV2/src/install/turtlebot3_fake_node/share/turtlebot3_fake_node/hook/cmake_prefix_path.dsv'
[30.824s] INFO:colcon.colcon_core.shell:Creating environment hook '/home/ayush/Desktop/ROS2 /ROS2_NAV2/src/install/turtlebot3_fake_node/share/turtlebot3_fake_node/hook/cmake_prefix_path.sh'
[30.827s] Level 1:colcon.colcon_core.environment:checking '/home/ayush/Desktop/ROS2 /ROS2_NAV2/src/install/turtlebot3_fake_node/lib'
[30.828s] Level 1:colcon.colcon_core.environment:checking '/home/ayush/Desktop/ROS2 /ROS2_NAV2/src/install/turtlebot3_fake_node/bin'
[30.828s] Level 1:colcon.colcon_core.environment:checking '/home/ayush/Desktop/ROS2 /ROS2_NAV2/src/install/turtlebot3_fake_node/lib/pkgconfig/turtlebot3_fake_node.pc'
[30.829s] Level 1:colcon.colcon_core.environment:checking '/home/ayush/Desktop/ROS2 /ROS2_NAV2/src/install/turtlebot3_fake_node/lib/python3.10/site-packages'
[30.831s] Level 1:colcon.colcon_core.environment:checking '/home/ayush/Desktop/ROS2 /ROS2_NAV2/src/install/turtlebot3_fake_node/bin'
[30.832s] INFO:colcon.colcon_core.shell:Creating package script '/home/ayush/Desktop/ROS2 /ROS2_NAV2/src/install/turtlebot3_fake_node/share/turtlebot3_fake_node/package.ps1'
[30.836s] INFO:colcon.colcon_core.shell:Creating package descriptor '/home/ayush/Desktop/ROS2 /ROS2_NAV2/src/install/turtlebot3_fake_node/share/turtlebot3_fake_node/package.dsv'
[30.838s] INFO:colcon.colcon_core.shell:Creating package script '/home/ayush/Desktop/ROS2 /ROS2_NAV2/src/install/turtlebot3_fake_node/share/turtlebot3_fake_node/package.sh'
[30.841s] INFO:colcon.colcon_core.shell:Creating package script '/home/ayush/Desktop/ROS2 /ROS2_NAV2/src/install/turtlebot3_fake_node/share/turtlebot3_fake_node/package.bash'
[30.843s] INFO:colcon.colcon_core.shell:Creating package script '/home/ayush/Desktop/ROS2 /ROS2_NAV2/src/install/turtlebot3_fake_node/share/turtlebot3_fake_node/package.zsh'
[30.846s] Level 1:colcon.colcon_core.environment:create_file_with_runtime_dependencies(/home/ayush/Desktop/ROS2 /ROS2_NAV2/src/install/turtlebot3_fake_node/share/colcon-core/packages/turtlebot3_fake_node)
[30.850s] Level 1:colcon.colcon_core.environment:create_environment_scripts_only(turtlebot3_fake_node)
[30.851s] Level 1:colcon.colcon_core.environment:checking '/home/ayush/Desktop/ROS2 /ROS2_NAV2/src/install/turtlebot3_fake_node' for CMake module files
[30.852s] Level 1:colcon.colcon_core.environment:checking '/home/ayush/Desktop/ROS2 /ROS2_NAV2/src/install/turtlebot3_fake_node' for CMake config files
[30.852s] Level 1:colcon.colcon_core.shell:create_environment_hook('turtlebot3_fake_node', 'cmake_prefix_path')
[30.853s] INFO:colcon.colcon_core.shell:Creating environment hook '/home/ayush/Desktop/ROS2 /ROS2_NAV2/src/install/turtlebot3_fake_node/share/turtlebot3_fake_node/hook/cmake_prefix_path.ps1'
[30.854s] INFO:colcon.colcon_core.shell:Creating environment descriptor '/home/ayush/Desktop/ROS2 /ROS2_NAV2/src/install/turtlebot3_fake_node/share/turtlebot3_fake_node/hook/cmake_prefix_path.dsv'
[30.855s] INFO:colcon.colcon_core.shell:Creating environment hook '/home/ayush/Desktop/ROS2 /ROS2_NAV2/src/install/turtlebot3_fake_node/share/turtlebot3_fake_node/hook/cmake_prefix_path.sh'
[30.857s] Level 1:colcon.colcon_core.environment:checking '/home/ayush/Desktop/ROS2 /ROS2_NAV2/src/install/turtlebot3_fake_node/lib'
[30.857s] Level 1:colcon.colcon_core.environment:checking '/home/ayush/Desktop/ROS2 /ROS2_NAV2/src/install/turtlebot3_fake_node/bin'
[30.857s] Level 1:colcon.colcon_core.environment:checking '/home/ayush/Desktop/ROS2 /ROS2_NAV2/src/install/turtlebot3_fake_node/lib/pkgconfig/turtlebot3_fake_node.pc'
[30.858s] Level 1:colcon.colcon_core.environment:checking '/home/ayush/Desktop/ROS2 /ROS2_NAV2/src/install/turtlebot3_fake_node/lib/python3.10/site-packages'
[30.858s] Level 1:colcon.colcon_core.environment:checking '/home/ayush/Desktop/ROS2 /ROS2_NAV2/src/install/turtlebot3_fake_node/bin'
[30.859s] INFO:colcon.colcon_core.shell:Creating package script '/home/ayush/Desktop/ROS2 /ROS2_NAV2/src/install/turtlebot3_fake_node/share/turtlebot3_fake_node/package.ps1'
[30.860s] INFO:colcon.colcon_core.shell:Creating package descriptor '/home/ayush/Desktop/ROS2 /ROS2_NAV2/src/install/turtlebot3_fake_node/share/turtlebot3_fake_node/package.dsv'
[30.861s] INFO:colcon.colcon_core.shell:Creating package script '/home/ayush/Desktop/ROS2 /ROS2_NAV2/src/install/turtlebot3_fake_node/share/turtlebot3_fake_node/package.sh'
[30.862s] INFO:colcon.colcon_core.shell:Creating package script '/home/ayush/Desktop/ROS2 /ROS2_NAV2/src/install/turtlebot3_fake_node/share/turtlebot3_fake_node/package.bash'
[30.864s] INFO:colcon.colcon_core.shell:Creating package script '/home/ayush/Desktop/ROS2 /ROS2_NAV2/src/install/turtlebot3_fake_node/share/turtlebot3_fake_node/package.zsh'
[30.865s] Level 1:colcon.colcon_core.environment:create_file_with_runtime_dependencies(/home/ayush/Desktop/ROS2 /ROS2_NAV2/src/install/turtlebot3_fake_node/share/colcon-core/packages/turtlebot3_fake_node)
[37.573s] DEBUG:colcon.colcon_core.event_handler.log_command:Invoked command in '/home/ayush/Desktop/ROS2 /ROS2_NAV2/src/build/turtlebot3_gazebo' returned '0': CMAKE_PREFIX_PATH=/opt/ros/humble /usr/bin/cmake --build /home/ayush/Desktop/ROS2 /ROS2_NAV2/src/build/turtlebot3_gazebo -- -j8 -l8
[37.576s] DEBUG:colcon.colcon_core.event_handler.log_command:Invoking command in '/home/ayush/Desktop/ROS2 /ROS2_NAV2/src/build/turtlebot3_gazebo': CMAKE_PREFIX_PATH=/opt/ros/humble /usr/bin/cmake --install /home/ayush/Desktop/ROS2 /ROS2_NAV2/src/build/turtlebot3_gazebo
[37.635s] Level 1:colcon.colcon_core.environment:create_environment_scripts_only(turtlebot3_gazebo)
[37.635s] Level 1:colcon.colcon_core.environment:checking '/home/ayush/Desktop/ROS2 /ROS2_NAV2/src/install/turtlebot3_gazebo' for CMake module files
[37.636s] DEBUG:colcon.colcon_core.event_handler.log_command:Invoked command in '/home/ayush/Desktop/ROS2 /ROS2_NAV2/src/build/turtlebot3_gazebo' returned '0': CMAKE_PREFIX_PATH=/opt/ros/humble /usr/bin/cmake --install /home/ayush/Desktop/ROS2 /ROS2_NAV2/src/build/turtlebot3_gazebo
[37.637s] Level 1:colcon.colcon_core.environment:checking '/home/ayush/Desktop/ROS2 /ROS2_NAV2/src/install/turtlebot3_gazebo' for CMake config files
[37.637s] Level 1:colcon.colcon_core.shell:create_environment_hook('turtlebot3_gazebo', 'cmake_prefix_path')
[37.638s] INFO:colcon.colcon_core.shell:Creating environment hook '/home/ayush/Desktop/ROS2 /ROS2_NAV2/src/install/turtlebot3_gazebo/share/turtlebot3_gazebo/hook/cmake_prefix_path.ps1'
[37.638s] INFO:colcon.colcon_core.shell:Creating environment descriptor '/home/ayush/Desktop/ROS2 /ROS2_NAV2/src/install/turtlebot3_gazebo/share/turtlebot3_gazebo/hook/cmake_prefix_path.dsv'
[37.639s] INFO:colcon.colcon_core.shell:Creating environment hook '/home/ayush/Desktop/ROS2 /ROS2_NAV2/src/install/turtlebot3_gazebo/share/turtlebot3_gazebo/hook/cmake_prefix_path.sh'
[37.640s] Level 1:colcon.colcon_core.environment:checking '/home/ayush/Desktop/ROS2 /ROS2_NAV2/src/install/turtlebot3_gazebo/lib'
[37.640s] Level 1:colcon.colcon_core.environment:checking '/home/ayush/Desktop/ROS2 /ROS2_NAV2/src/install/turtlebot3_gazebo/bin'
[37.640s] Level 1:colcon.colcon_core.environment:checking '/home/ayush/Desktop/ROS2 /ROS2_NAV2/src/install/turtlebot3_gazebo/lib/pkgconfig/turtlebot3_gazebo.pc'
[37.640s] Level 1:colcon.colcon_core.environment:checking '/home/ayush/Desktop/ROS2 /ROS2_NAV2/src/install/turtlebot3_gazebo/lib/python3.10/site-packages'
[37.641s] Level 1:colcon.colcon_core.environment:checking '/home/ayush/Desktop/ROS2 /ROS2_NAV2/src/install/turtlebot3_gazebo/bin'
[37.641s] INFO:colcon.colcon_core.shell:Creating package script '/home/ayush/Desktop/ROS2 /ROS2_NAV2/src/install/turtlebot3_gazebo/share/turtlebot3_gazebo/package.ps1'
[37.641s] INFO:colcon.colcon_core.shell:Creating package descriptor '/home/ayush/Desktop/ROS2 /ROS2_NAV2/src/install/turtlebot3_gazebo/share/turtlebot3_gazebo/package.dsv'
[37.642s] INFO:colcon.colcon_core.shell:Creating package script '/home/ayush/Desktop/ROS2 /ROS2_NAV2/src/install/turtlebot3_gazebo/share/turtlebot3_gazebo/package.sh'
[37.643s] INFO:colcon.colcon_core.shell:Creating package script '/home/ayush/Desktop/ROS2 /ROS2_NAV2/src/install/turtlebot3_gazebo/share/turtlebot3_gazebo/package.bash'
[37.643s] INFO:colcon.colcon_core.shell:Creating package script '/home/ayush/Desktop/ROS2 /ROS2_NAV2/src/install/turtlebot3_gazebo/share/turtlebot3_gazebo/package.zsh'
[37.644s] Level 1:colcon.colcon_core.environment:create_file_with_runtime_dependencies(/home/ayush/Desktop/ROS2 /ROS2_NAV2/src/install/turtlebot3_gazebo/share/colcon-core/packages/turtlebot3_gazebo)
[37.645s] Level 1:colcon.colcon_core.environment:create_environment_scripts_only(turtlebot3_gazebo)
[37.646s] Level 1:colcon.colcon_core.environment:checking '/home/ayush/Desktop/ROS2 /ROS2_NAV2/src/install/turtlebot3_gazebo' for CMake module files
[37.647s] Level 1:colcon.colcon_core.environment:checking '/home/ayush/Desktop/ROS2 /ROS2_NAV2/src/install/turtlebot3_gazebo' for CMake config files
[37.647s] Level 1:colcon.colcon_core.shell:create_environment_hook('turtlebot3_gazebo', 'cmake_prefix_path')
[37.648s] INFO:colcon.colcon_core.shell:Creating environment hook '/home/ayush/Desktop/ROS2 /ROS2_NAV2/src/install/turtlebot3_gazebo/share/turtlebot3_gazebo/hook/cmake_prefix_path.ps1'
[37.649s] INFO:colcon.colcon_core.shell:Creating environment descriptor '/home/ayush/Desktop/ROS2 /ROS2_NAV2/src/install/turtlebot3_gazebo/share/turtlebot3_gazebo/hook/cmake_prefix_path.dsv'
[37.649s] INFO:colcon.colcon_core.shell:Creating environment hook '/home/ayush/Desktop/ROS2 /ROS2_NAV2/src/install/turtlebot3_gazebo/share/turtlebot3_gazebo/hook/cmake_prefix_path.sh'
[37.650s] Level 1:colcon.colcon_core.environment:checking '/home/ayush/Desktop/ROS2 /ROS2_NAV2/src/install/turtlebot3_gazebo/lib'
[37.650s] Level 1:colcon.colcon_core.environment:checking '/home/ayush/Desktop/ROS2 /ROS2_NAV2/src/install/turtlebot3_gazebo/bin'
[37.650s] Level 1:colcon.colcon_core.environment:checking '/home/ayush/Desktop/ROS2 /ROS2_NAV2/src/install/turtlebot3_gazebo/lib/pkgconfig/turtlebot3_gazebo.pc'
[37.650s] Level 1:colcon.colcon_core.environment:checking '/home/ayush/Desktop/ROS2 /ROS2_NAV2/src/install/turtlebot3_gazebo/lib/python3.10/site-packages'
[37.651s] Level 1:colcon.colcon_core.environment:checking '/home/ayush/Desktop/ROS2 /ROS2_NAV2/src/install/turtlebot3_gazebo/bin'
[37.651s] INFO:colcon.colcon_core.shell:Creating package script '/home/ayush/Desktop/ROS2 /ROS2_NAV2/src/install/turtlebot3_gazebo/share/turtlebot3_gazebo/package.ps1'
[37.651s] INFO:colcon.colcon_core.shell:Creating package descriptor '/home/ayush/Desktop/ROS2 /ROS2_NAV2/src/install/turtlebot3_gazebo/share/turtlebot3_gazebo/package.dsv'
[37.652s] INFO:colcon.colcon_core.shell:Creating package script '/home/ayush/Desktop/ROS2 /ROS2_NAV2/src/install/turtlebot3_gazebo/share/turtlebot3_gazebo/package.sh'
[37.652s] INFO:colcon.colcon_core.shell:Creating package script '/home/ayush/Desktop/ROS2 /ROS2_NAV2/src/install/turtlebot3_gazebo/share/turtlebot3_gazebo/package.bash'
[37.653s] INFO:colcon.colcon_core.shell:Creating package script '/home/ayush/Desktop/ROS2 /ROS2_NAV2/src/install/turtlebot3_gazebo/share/turtlebot3_gazebo/package.zsh'
[37.653s] Level 1:colcon.colcon_core.environment:create_file_with_runtime_dependencies(/home/ayush/Desktop/ROS2 /ROS2_NAV2/src/install/turtlebot3_gazebo/share/colcon-core/packages/turtlebot3_gazebo)
[37.653s] INFO:colcon.colcon_ros.task.ament_cmake.build:Building ROS package in '/home/ayush/Desktop/ROS2 /ROS2_NAV2/src/turtlebot3_simulations' with build type 'ament_cmake'
[37.654s] INFO:colcon.colcon_cmake.task.cmake.build:Building CMake package in '/home/ayush/Desktop/ROS2 /ROS2_NAV2/src/turtlebot3_simulations'
[37.654s] INFO:colcon.colcon_core.shell:Skip shell extension 'powershell' for command environment: Not usable outside of PowerShell
[37.654s] DEBUG:colcon.colcon_core.shell:Skip shell extension 'dsv' for command environment
[37.672s] DEBUG:colcon.colcon_core.event_handler.log_command:Invoking command in '/home/ayush/Desktop/ROS2 /ROS2_NAV2/src/build/turtlebot3_simulations': AMENT_PREFIX_PATH=/home/ayush/Desktop/ROS2 /ROS2_NAV2/src/install/turtlebot3_gazebo:/home/ayush/Desktop/ROS2 /ROS2_NAV2/src/install/turtlebot3_fake_node:${AMENT_PREFIX_PATH} CMAKE_PREFIX_PATH=/home/ayush/Desktop/ROS2 /ROS2_NAV2/src/install/turtlebot3_gazebo:/home/ayush/Desktop/ROS2 /ROS2_NAV2/src/install/turtlebot3_fake_node:/opt/ros/humble /usr/bin/cmake /home/ayush/Desktop/ROS2 /ROS2_NAV2/src/turtlebot3_simulations -DCMAKE_INSTALL_PREFIX=/home/ayush/Desktop/ROS2 /ROS2_NAV2/src/install/turtlebot3_simulations
[38.932s] DEBUG:colcon.colcon_core.event_handler.log_command:Invoked command in '/home/ayush/Desktop/ROS2 /ROS2_NAV2/src/build/turtlebot3_simulations' returned '0': AMENT_PREFIX_PATH=/home/ayush/Desktop/ROS2 /ROS2_NAV2/src/install/turtlebot3_gazebo:/home/ayush/Desktop/ROS2 /ROS2_NAV2/src/install/turtlebot3_fake_node:${AMENT_PREFIX_PATH} CMAKE_PREFIX_PATH=/home/ayush/Desktop/ROS2 /ROS2_NAV2/src/install/turtlebot3_gazebo:/home/ayush/Desktop/ROS2 /ROS2_NAV2/src/install/turtlebot3_fake_node:/opt/ros/humble /usr/bin/cmake /home/ayush/Desktop/ROS2 /ROS2_NAV2/src/turtlebot3_simulations -DCMAKE_INSTALL_PREFIX=/home/ayush/Desktop/ROS2 /ROS2_NAV2/src/install/turtlebot3_simulations
[38.934s] DEBUG:colcon.colcon_core.event_handler.log_command:Invoking command in '/home/ayush/Desktop/ROS2 /ROS2_NAV2/src/build/turtlebot3_simulations': AMENT_PREFIX_PATH=/home/ayush/Desktop/ROS2 /ROS2_NAV2/src/install/turtlebot3_gazebo:/home/ayush/Desktop/ROS2 /ROS2_NAV2/src/install/turtlebot3_fake_node:${AMENT_PREFIX_PATH} CMAKE_PREFIX_PATH=/home/ayush/Desktop/ROS2 /ROS2_NAV2/src/install/turtlebot3_gazebo:/home/ayush/Desktop/ROS2 /ROS2_NAV2/src/install/turtlebot3_fake_node:/opt/ros/humble /usr/bin/cmake --build /home/ayush/Desktop/ROS2 /ROS2_NAV2/src/build/turtlebot3_simulations -- -j8 -l8
[38.998s] DEBUG:colcon.colcon_core.event_handler.log_command:Invoked command in '/home/ayush/Desktop/ROS2 /ROS2_NAV2/src/build/turtlebot3_simulations' returned '0': AMENT_PREFIX_PATH=/home/ayush/Desktop/ROS2 /ROS2_NAV2/src/install/turtlebot3_gazebo:/home/ayush/Desktop/ROS2 /ROS2_NAV2/src/install/turtlebot3_fake_node:${AMENT_PREFIX_PATH} CMAKE_PREFIX_PATH=/home/ayush/Desktop/ROS2 /ROS2_NAV2/src/install/turtlebot3_gazebo:/home/ayush/Desktop/ROS2 /ROS2_NAV2/src/install/turtlebot3_fake_node:/opt/ros/humble /usr/bin/cmake --build /home/ayush/Desktop/ROS2 /ROS2_NAV2/src/build/turtlebot3_simulations -- -j8 -l8
[38.999s] DEBUG:colcon.colcon_core.event_handler.log_command:Invoking command in '/home/ayush/Desktop/ROS2 /ROS2_NAV2/src/build/turtlebot3_simulations': AMENT_PREFIX_PATH=/home/ayush/Desktop/ROS2 /ROS2_NAV2/src/install/turtlebot3_gazebo:/home/ayush/Desktop/ROS2 /ROS2_NAV2/src/install/turtlebot3_fake_node:${AMENT_PREFIX_PATH} CMAKE_PREFIX_PATH=/home/ayush/Desktop/ROS2 /ROS2_NAV2/src/install/turtlebot3_gazebo:/home/ayush/Desktop/ROS2 /ROS2_NAV2/src/install/turtlebot3_fake_node:/opt/ros/humble /usr/bin/cmake --install /home/ayush/Desktop/ROS2 /ROS2_NAV2/src/build/turtlebot3_simulations
[39.013s] Level 1:colcon.colcon_core.environment:create_environment_scripts_only(turtlebot3_simulations)
[39.013s] Level 1:colcon.colcon_core.environment:checking '/home/ayush/Desktop/ROS2 /ROS2_NAV2/src/install/turtlebot3_simulations' for CMake module files
[39.014s] DEBUG:colcon.colcon_core.event_handler.log_command:Invoked command in '/home/ayush/Desktop/ROS2 /ROS2_NAV2/src/build/turtlebot3_simulations' returned '0': AMENT_PREFIX_PATH=/home/ayush/Desktop/ROS2 /ROS2_NAV2/src/install/turtlebot3_gazebo:/home/ayush/Desktop/ROS2 /ROS2_NAV2/src/install/turtlebot3_fake_node:${AMENT_PREFIX_PATH} CMAKE_PREFIX_PATH=/home/ayush/Desktop/ROS2 /ROS2_NAV2/src/install/turtlebot3_gazebo:/home/ayush/Desktop/ROS2 /ROS2_NAV2/src/install/turtlebot3_fake_node:/opt/ros/humble /usr/bin/cmake --install /home/ayush/Desktop/ROS2 /ROS2_NAV2/src/build/turtlebot3_simulations
[39.014s] Level 1:colcon.colcon_core.environment:checking '/home/ayush/Desktop/ROS2 /ROS2_NAV2/src/install/turtlebot3_simulations' for CMake config files
[39.014s] Level 1:colcon.colcon_core.shell:create_environment_hook('turtlebot3_simulations', 'cmake_prefix_path')
[39.015s] INFO:colcon.colcon_core.shell:Creating environment hook '/home/ayush/Desktop/ROS2 /ROS2_NAV2/src/install/turtlebot3_simulations/share/turtlebot3_simulations/hook/cmake_prefix_path.ps1'
[39.015s] INFO:colcon.colcon_core.shell:Creating environment descriptor '/home/ayush/Desktop/ROS2 /ROS2_NAV2/src/install/turtlebot3_simulations/share/turtlebot3_simulations/hook/cmake_prefix_path.dsv'
[39.016s] INFO:colcon.colcon_core.shell:Creating environment hook '/home/ayush/Desktop/ROS2 /ROS2_NAV2/src/install/turtlebot3_simulations/share/turtlebot3_simulations/hook/cmake_prefix_path.sh'
[39.017s] Level 1:colcon.colcon_core.environment:checking '/home/ayush/Desktop/ROS2 /ROS2_NAV2/src/install/turtlebot3_simulations/bin'
[39.017s] Level 1:colcon.colcon_core.environment:checking '/home/ayush/Desktop/ROS2 /ROS2_NAV2/src/install/turtlebot3_simulations/lib/pkgconfig/turtlebot3_simulations.pc'
[39.018s] Level 1:colcon.colcon_core.environment:checking '/home/ayush/Desktop/ROS2 /ROS2_NAV2/src/install/turtlebot3_simulations/lib/python3.10/site-packages'
[39.018s] Level 1:colcon.colcon_core.environment:checking '/home/ayush/Desktop/ROS2 /ROS2_NAV2/src/install/turtlebot3_simulations/bin'
[39.019s] INFO:colcon.colcon_core.shell:Creating package script '/home/ayush/Desktop/ROS2 /ROS2_NAV2/src/install/turtlebot3_simulations/share/turtlebot3_simulations/package.ps1'
[39.021s] INFO:colcon.colcon_core.shell:Creating package descriptor '/home/ayush/Desktop/ROS2 /ROS2_NAV2/src/install/turtlebot3_simulations/share/turtlebot3_simulations/package.dsv'
[39.021s] INFO:colcon.colcon_core.shell:Creating package script '/home/ayush/Desktop/ROS2 /ROS2_NAV2/src/install/turtlebot3_simulations/share/turtlebot3_simulations/package.sh'
[39.022s] INFO:colcon.colcon_core.shell:Creating package script '/home/ayush/Desktop/ROS2 /ROS2_NAV2/src/install/turtlebot3_simulations/share/turtlebot3_simulations/package.bash'
[39.022s] INFO:colcon.colcon_core.shell:Creating package script '/home/ayush/Desktop/ROS2 /ROS2_NAV2/src/install/turtlebot3_simulations/share/turtlebot3_simulations/package.zsh'
[39.023s] Level 1:colcon.colcon_core.environment:create_file_with_runtime_dependencies(/home/ayush/Desktop/ROS2 /ROS2_NAV2/src/install/turtlebot3_simulations/share/colcon-core/packages/turtlebot3_simulations)
[39.024s] Level 1:colcon.colcon_core.environment:create_environment_scripts_only(turtlebot3_simulations)
[39.024s] Level 1:colcon.colcon_core.environment:checking '/home/ayush/Desktop/ROS2 /ROS2_NAV2/src/install/turtlebot3_simulations' for CMake module files
[39.025s] Level 1:colcon.colcon_core.environment:checking '/home/ayush/Desktop/ROS2 /ROS2_NAV2/src/install/turtlebot3_simulations' for CMake config files
[39.025s] Level 1:colcon.colcon_core.shell:create_environment_hook('turtlebot3_simulations', 'cmake_prefix_path')
[39.026s] INFO:colcon.colcon_core.shell:Creating environment hook '/home/ayush/Desktop/ROS2 /ROS2_NAV2/src/install/turtlebot3_simulations/share/turtlebot3_simulations/hook/cmake_prefix_path.ps1'
[39.028s] INFO:colcon.colcon_core.shell:Creating environment descriptor '/home/ayush/Desktop/ROS2 /ROS2_NAV2/src/install/turtlebot3_simulations/share/turtlebot3_simulations/hook/cmake_prefix_path.dsv'
[39.029s] INFO:colcon.colcon_core.shell:Creating environment hook '/home/ayush/Desktop/ROS2 /ROS2_NAV2/src/install/turtlebot3_simulations/share/turtlebot3_simulations/hook/cmake_prefix_path.sh'
[39.031s] Level 1:colcon.colcon_core.environment:checking '/home/ayush/Desktop/ROS2 /ROS2_NAV2/src/install/turtlebot3_simulations/bin'
[39.031s] Level 1:colcon.colcon_core.environment:checking '/home/ayush/Desktop/ROS2 /ROS2_NAV2/src/install/turtlebot3_simulations/lib/pkgconfig/turtlebot3_simulations.pc'
[39.031s] Level 1:colcon.colcon_core.environment:checking '/home/ayush/Desktop/ROS2 /ROS2_NAV2/src/install/turtlebot3_simulations/lib/python3.10/site-packages'
[39.031s] Level 1:colcon.colcon_core.environment:checking '/home/ayush/Desktop/ROS2 /ROS2_NAV2/src/install/turtlebot3_simulations/bin'
[39.032s] INFO:colcon.colcon_core.shell:Creating package script '/home/ayush/Desktop/ROS2 /ROS2_NAV2/src/install/turtlebot3_simulations/share/turtlebot3_simulations/package.ps1'
[39.032s] INFO:colcon.colcon_core.shell:Creating package descriptor '/home/ayush/Desktop/ROS2 /ROS2_NAV2/src/install/turtlebot3_simulations/share/turtlebot3_simulations/package.dsv'
[39.033s] INFO:colcon.colcon_core.shell:Creating package script '/home/ayush/Desktop/ROS2 /ROS2_NAV2/src/install/turtlebot3_simulations/share/turtlebot3_simulations/package.sh'
[39.033s] INFO:colcon.colcon_core.shell:Creating package script '/home/ayush/Desktop/ROS2 /ROS2_NAV2/src/install/turtlebot3_simulations/share/turtlebot3_simulations/package.bash'
[39.034s] INFO:colcon.colcon_core.shell:Creating package script '/home/ayush/Desktop/ROS2 /ROS2_NAV2/src/install/turtlebot3_simulations/share/turtlebot3_simulations/package.zsh'
[39.034s] Level 1:colcon.colcon_core.environment:create_file_with_runtime_dependencies(/home/ayush/Desktop/ROS2 /ROS2_NAV2/src/install/turtlebot3_simulations/share/colcon-core/packages/turtlebot3_simulations)
[39.034s] DEBUG:colcon.colcon_parallel_executor.executor.parallel:closing loop
[39.035s] DEBUG:colcon.colcon_parallel_executor.executor.parallel:loop closed
[39.035s] DEBUG:colcon.colcon_parallel_executor.executor.parallel:run_until_complete finished with '0'
[39.035s] DEBUG:colcon.colcon_core.event_reactor:joining thread
[39.046s] INFO:colcon.colcon_core.plugin_system:Skipping extension 'colcon_notification.desktop_notification.terminal_notifier': Not used on non-Darwin systems
[39.046s] INFO:colcon.colcon_core.plugin_system:Skipping extension 'colcon_notification.desktop_notification.win32': Not used on non-Windows systems
[39.046s] INFO:colcon.colcon_notification.desktop_notification:Sending desktop notification using 'notify2'
[39.069s] DEBUG:colcon.colcon_core.event_reactor:joined thread
[39.070s] INFO:colcon.colcon_core.shell:Creating prefix script '/home/ayush/Desktop/ROS2 /ROS2_NAV2/src/install/local_setup.ps1'
[39.072s] INFO:colcon.colcon_core.shell:Creating prefix util module '/home/ayush/Desktop/ROS2 /ROS2_NAV2/src/install/_local_setup_util_ps1.py'
[39.075s] INFO:colcon.colcon_core.shell:Creating prefix chain script '/home/ayush/Desktop/ROS2 /ROS2_NAV2/src/install/setup.ps1'
[39.077s] INFO:colcon.colcon_core.shell:Creating prefix script '/home/ayush/Desktop/ROS2 /ROS2_NAV2/src/install/local_setup.sh'
[39.078s] INFO:colcon.colcon_core.shell:Creating prefix util module '/home/ayush/Desktop/ROS2 /ROS2_NAV2/src/install/_local_setup_util_sh.py'
[39.079s] INFO:colcon.colcon_core.shell:Creating prefix chain script '/home/ayush/Desktop/ROS2 /ROS2_NAV2/src/install/setup.sh'
[39.081s] INFO:colcon.colcon_core.shell:Creating prefix script '/home/ayush/Desktop/ROS2 /ROS2_NAV2/src/install/local_setup.bash'
[39.082s] INFO:colcon.colcon_core.shell:Creating prefix chain script '/home/ayush/Desktop/ROS2 /ROS2_NAV2/src/install/setup.bash'
[39.085s] INFO:colcon.colcon_core.shell:Creating prefix script '/home/ayush/Desktop/ROS2 /ROS2_NAV2/src/install/local_setup.zsh'
[39.087s] INFO:colcon.colcon_core.shell:Creating prefix chain script '/home/ayush/Desktop/ROS2 /ROS2_NAV2/src/install/setup.zsh'
