[0.016s] Invoking command in '/home/ayush/Desktop/ROS2 /ROS2_NAV2/build/turtlebot3_fake_node': CMAKE_PREFIX_PATH=/opt/ros/humble /usr/bin/cmake --build /home/ayush/Desktop/ROS2 /ROS2_NAV2/build/turtlebot3_fake_node -- -j8 -l8
[0.045s] -- Found ament_cmake: 1.3.11 (/opt/ros/humble/share/ament_cmake/cmake)
[0.179s] -- Found geometry_msgs: 4.2.4 (/opt/ros/humble/share/geometry_msgs/cmake)
[0.219s] -- Found rosidl_generator_c: 3.1.6 (/opt/ros/humble/share/rosidl_generator_c/cmake)
[0.223s] -- Found rosidl_adapter: 3.1.6 (/opt/ros/humble/share/rosidl_adapter/cmake)
[0.233s] -- Found rosidl_generator_cpp: 3.1.6 (/opt/ros/humble/share/rosidl_generator_cpp/cmake)
[0.247s] -- Using all available rosidl_typesupport_c: rosidl_typesupport_fastrtps_c;rosidl_typesupport_introspection_c
[0.265s] -- Using all available rosidl_typesupport_cpp: rosidl_typesupport_fastrtps_cpp;rosidl_typesupport_introspection_cpp
[0.318s] -- Found nav_msgs: 4.2.4 (/opt/ros/humble/share/nav_msgs/cmake)
[0.340s] -- Found rclcpp: 16.0.11 (/opt/ros/humble/share/rclcpp/cmake)
[0.380s] -- Found rmw_implementation_cmake: 6.1.2 (/opt/ros/humble/share/rmw_implementation_cmake/cmake)
[0.382s] -- Found rmw_cyclonedds_cpp: 1.3.4 (/opt/ros/humble/share/rmw_cyclonedds_cpp/cmake)
[0.414s] -- Using RMW implementation 'rmw_cyclonedds_cpp' as default
[0.469s] -- Found sensor_msgs: 4.2.4 (/opt/ros/humble/share/sensor_msgs/cmake)
[0.491s] -- Found tf2: 0.25.12 (/opt/ros/humble/share/tf2/cmake)
[0.498s] -- Found tf2_msgs: 0.25.12 (/opt/ros/humble/share/tf2_msgs/cmake)
[0.554s] -- Found turtlebot3_msgs: 2.2.3 (/opt/ros/humble/share/turtlebot3_msgs/cmake)
[0.666s] -- Configuring done
[0.678s] -- Generating done
[0.684s] -- Build files have been written to: /home/ayush/Desktop/ROS2 /ROS2_NAV2/build/turtlebot3_fake_node
[0.713s] [35m[1mConsolidate compiler generated dependencies of target turtlebot3_fake_node[0m
[0.733s] [ 50%] [32mBuilding CXX object CMakeFiles/turtlebot3_fake_node.dir/src/turtlebot3_fake_node.cpp.o[0m
[17.793s] [100%] [32m[1mLinking CXX executable turtlebot3_fake_node[0m
[19.103s] [100%] Built target turtlebot3_fake_node
[19.129s] Invoked command in '/home/ayush/Desktop/ROS2 /ROS2_NAV2/build/turtlebot3_fake_node' returned '0': CMAKE_PREFIX_PATH=/opt/ros/humble /usr/bin/cmake --build /home/ayush/Desktop/ROS2 /ROS2_NAV2/build/turtlebot3_fake_node -- -j8 -l8
[19.142s] Invoking command in '/home/ayush/Desktop/ROS2 /ROS2_NAV2/build/turtlebot3_fake_node': CMAKE_PREFIX_PATH=/opt/ros/humble /usr/bin/cmake --install /home/ayush/Desktop/ROS2 /ROS2_NAV2/build/turtlebot3_fake_node
[19.152s] -- Install configuration: ""
[19.153s] -- Installing: /home/ayush/Desktop/ROS2 /ROS2_NAV2/install/turtlebot3_fake_node/lib/turtlebot3_fake_node/turtlebot3_fake_node
[19.161s] -- Set runtime path of "/home/ayush/Desktop/ROS2 /ROS2_NAV2/install/turtlebot3_fake_node/lib/turtlebot3_fake_node/turtlebot3_fake_node" to ""
[19.161s] -- Up-to-date: /home/ayush/Desktop/ROS2 /ROS2_NAV2/install/turtlebot3_fake_node/share/turtlebot3_fake_node/launch
[19.162s] -- Up-to-date: /home/ayush/Desktop/ROS2 /ROS2_NAV2/install/turtlebot3_fake_node/share/turtlebot3_fake_node/launch/rviz2.launch.py
[19.162s] -- Up-to-date: /home/ayush/Desktop/ROS2 /ROS2_NAV2/install/turtlebot3_fake_node/share/turtlebot3_fake_node/launch/turtlebot3_fake_node.launch.py
[19.162s] -- Up-to-date: /home/ayush/Desktop/ROS2 /ROS2_NAV2/install/turtlebot3_fake_node/share/turtlebot3_fake_node/param
[19.162s] -- Up-to-date: /home/ayush/Desktop/ROS2 /ROS2_NAV2/install/turtlebot3_fake_node/share/turtlebot3_fake_node/param/waffle.yaml
[19.162s] -- Up-to-date: /home/ayush/Desktop/ROS2 /ROS2_NAV2/install/turtlebot3_fake_node/share/turtlebot3_fake_node/param/burger.yaml
[19.163s] -- Up-to-date: /home/ayush/Desktop/ROS2 /ROS2_NAV2/install/turtlebot3_fake_node/share/turtlebot3_fake_node/param/waffle_pi.yaml
[19.163s] -- Up-to-date: /home/ayush/Desktop/ROS2 /ROS2_NAV2/install/turtlebot3_fake_node/include/
[19.163s] -- Up-to-date: /home/ayush/Desktop/ROS2 /ROS2_NAV2/install/turtlebot3_fake_node/include//turtlebot3_fake_node
[19.163s] -- Installing: /home/ayush/Desktop/ROS2 /ROS2_NAV2/install/turtlebot3_fake_node/include//turtlebot3_fake_node/turtlebot3_fake_node.hpp
[19.164s] -- Up-to-date: /home/ayush/Desktop/ROS2 /ROS2_NAV2/install/turtlebot3_fake_node/share/ament_index/resource_index/package_run_dependencies/turtlebot3_fake_node
[19.164s] -- Up-to-date: /home/ayush/Desktop/ROS2 /ROS2_NAV2/install/turtlebot3_fake_node/share/ament_index/resource_index/parent_prefix_path/turtlebot3_fake_node
[19.164s] -- Up-to-date: /home/ayush/Desktop/ROS2 /ROS2_NAV2/install/turtlebot3_fake_node/share/turtlebot3_fake_node/environment/ament_prefix_path.sh
[19.164s] -- Installing: /home/ayush/Desktop/ROS2 /ROS2_NAV2/install/turtlebot3_fake_node/share/turtlebot3_fake_node/environment/ament_prefix_path.dsv
[19.164s] -- Up-to-date: /home/ayush/Desktop/ROS2 /ROS2_NAV2/install/turtlebot3_fake_node/share/turtlebot3_fake_node/environment/path.sh
[19.164s] -- Installing: /home/ayush/Desktop/ROS2 /ROS2_NAV2/install/turtlebot3_fake_node/share/turtlebot3_fake_node/environment/path.dsv
[19.165s] -- Up-to-date: /home/ayush/Desktop/ROS2 /ROS2_NAV2/install/turtlebot3_fake_node/share/turtlebot3_fake_node/local_setup.bash
[19.165s] -- Up-to-date: /home/ayush/Desktop/ROS2 /ROS2_NAV2/install/turtlebot3_fake_node/share/turtlebot3_fake_node/local_setup.sh
[19.165s] -- Up-to-date: /home/ayush/Desktop/ROS2 /ROS2_NAV2/install/turtlebot3_fake_node/share/turtlebot3_fake_node/local_setup.zsh
[19.165s] -- Installing: /home/ayush/Desktop/ROS2 /ROS2_NAV2/install/turtlebot3_fake_node/share/turtlebot3_fake_node/local_setup.dsv
[19.165s] -- Installing: /home/ayush/Desktop/ROS2 /ROS2_NAV2/install/turtlebot3_fake_node/share/turtlebot3_fake_node/package.dsv
[19.166s] -- Up-to-date: /home/ayush/Desktop/ROS2 /ROS2_NAV2/install/turtlebot3_fake_node/share/ament_index/resource_index/packages/turtlebot3_fake_node
[19.166s] -- Up-to-date: /home/ayush/Desktop/ROS2 /ROS2_NAV2/install/turtlebot3_fake_node/share/turtlebot3_fake_node/cmake/ament_cmake_export_include_directories-extras.cmake
[19.166s] -- Up-to-date: /home/ayush/Desktop/ROS2 /ROS2_NAV2/install/turtlebot3_fake_node/share/turtlebot3_fake_node/cmake/ament_cmake_export_dependencies-extras.cmake
[19.166s] -- Installing: /home/ayush/Desktop/ROS2 /ROS2_NAV2/install/turtlebot3_fake_node/share/turtlebot3_fake_node/cmake/turtlebot3_fake_nodeConfig.cmake
[19.166s] -- Installing: /home/ayush/Desktop/ROS2 /ROS2_NAV2/install/turtlebot3_fake_node/share/turtlebot3_fake_node/cmake/turtlebot3_fake_nodeConfig-version.cmake
[19.166s] -- Installing: /home/ayush/Desktop/ROS2 /ROS2_NAV2/install/turtlebot3_fake_node/share/turtlebot3_fake_node/package.xml
[19.168s] Invoked command in '/home/ayush/Desktop/ROS2 /ROS2_NAV2/build/turtlebot3_fake_node' returned '0': CMAKE_PREFIX_PATH=/opt/ros/humble /usr/bin/cmake --install /home/ayush/Desktop/ROS2 /ROS2_NAV2/build/turtlebot3_fake_node
