[0.013s] Invoking command in '/home/ayush/Desktop/ROS2 /ROS2_NAV2/build/turtlebot3_simulations': AMENT_PREFIX_PATH=/home/ayush/Desktop/ROS2 /ROS2_NAV2/install/turtlebot3_gazebo:/home/ayush/Desktop/ROS2 /ROS2_NAV2/install/turtlebot3_fake_node:${AMENT_PREFIX_PATH} CMAKE_PREFIX_PATH=/home/ayush/Desktop/ROS2 /ROS2_NAV2/install/turtlebot3_gazebo:/home/ayush/Desktop/ROS2 /ROS2_NAV2/install/turtlebot3_fake_node:/opt/ros/humble /usr/bin/cmake /home/ayush/Desktop/ROS2 /ROS2_NAV2/src/turtlebot3_simulations -DCMAKE_INSTALL_PREFIX=/home/ayush/Desktop/ROS2 /ROS2_NAV2/install/turtlebot3_simulations
[0.030s] -- Found ament_cmake: 1.3.11 (/opt/ros/humble/share/ament_cmake/cmake)
[0.186s] -- Override CMake install command with custom implementation using symlinks instead of copying resources
[0.270s] -- Configuring done
[0.275s] -- Generating done
[0.277s] -- Build files have been written to: /home/ayush/Desktop/ROS2 /ROS2_NAV2/build/turtlebot3_simulations
[0.279s] Invoked command in '/home/ayush/Desktop/ROS2 /ROS2_NAV2/build/turtlebot3_simulations' returned '0': AMENT_PREFIX_PATH=/home/ayush/Desktop/ROS2 /ROS2_NAV2/install/turtlebot3_gazebo:/home/ayush/Desktop/ROS2 /ROS2_NAV2/install/turtlebot3_fake_node:${AMENT_PREFIX_PATH} CMAKE_PREFIX_PATH=/home/ayush/Desktop/ROS2 /ROS2_NAV2/install/turtlebot3_gazebo:/home/ayush/Desktop/ROS2 /ROS2_NAV2/install/turtlebot3_fake_node:/opt/ros/humble /usr/bin/cmake /home/ayush/Desktop/ROS2 /ROS2_NAV2/src/turtlebot3_simulations -DCMAKE_INSTALL_PREFIX=/home/ayush/Desktop/ROS2 /ROS2_NAV2/install/turtlebot3_simulations
[0.281s] Invoking command in '/home/ayush/Desktop/ROS2 /ROS2_NAV2/build/turtlebot3_simulations': AMENT_PREFIX_PATH=/home/ayush/Desktop/ROS2 /ROS2_NAV2/install/turtlebot3_gazebo:/home/ayush/Desktop/ROS2 /ROS2_NAV2/install/turtlebot3_fake_node:${AMENT_PREFIX_PATH} CMAKE_PREFIX_PATH=/home/ayush/Desktop/ROS2 /ROS2_NAV2/install/turtlebot3_gazebo:/home/ayush/Desktop/ROS2 /ROS2_NAV2/install/turtlebot3_fake_node:/opt/ros/humble /usr/bin/cmake --build /home/ayush/Desktop/ROS2 /ROS2_NAV2/build/turtlebot3_simulations -- -j8 -l8
[0.320s] Invoked command in '/home/ayush/Desktop/ROS2 /ROS2_NAV2/build/turtlebot3_simulations' returned '0': AMENT_PREFIX_PATH=/home/ayush/Desktop/ROS2 /ROS2_NAV2/install/turtlebot3_gazebo:/home/ayush/Desktop/ROS2 /ROS2_NAV2/install/turtlebot3_fake_node:${AMENT_PREFIX_PATH} CMAKE_PREFIX_PATH=/home/ayush/Desktop/ROS2 /ROS2_NAV2/install/turtlebot3_gazebo:/home/ayush/Desktop/ROS2 /ROS2_NAV2/install/turtlebot3_fake_node:/opt/ros/humble /usr/bin/cmake --build /home/ayush/Desktop/ROS2 /ROS2_NAV2/build/turtlebot3_simulations -- -j8 -l8
[0.321s] Invoking command in '/home/ayush/Desktop/ROS2 /ROS2_NAV2/build/turtlebot3_simulations': AMENT_PREFIX_PATH=/home/ayush/Desktop/ROS2 /ROS2_NAV2/install/turtlebot3_gazebo:/home/ayush/Desktop/ROS2 /ROS2_NAV2/install/turtlebot3_fake_node:${AMENT_PREFIX_PATH} CMAKE_PREFIX_PATH=/home/ayush/Desktop/ROS2 /ROS2_NAV2/install/turtlebot3_gazebo:/home/ayush/Desktop/ROS2 /ROS2_NAV2/install/turtlebot3_fake_node:/opt/ros/humble /usr/bin/cmake --install /home/ayush/Desktop/ROS2 /ROS2_NAV2/build/turtlebot3_simulations
[0.328s] -- Install configuration: ""
[0.328s] -- Execute custom install script
[0.328s] -- Up-to-date symlink: /home/ayush/Desktop/ROS2 /ROS2_NAV2/install/turtlebot3_simulations/share/ament_index/resource_index/package_run_dependencies/turtlebot3_simulations
[0.329s] -- Up-to-date symlink: /home/ayush/Desktop/ROS2 /ROS2_NAV2/install/turtlebot3_simulations/share/ament_index/resource_index/parent_prefix_path/turtlebot3_simulations
[0.329s] -- Up-to-date symlink: /home/ayush/Desktop/ROS2 /ROS2_NAV2/install/turtlebot3_simulations/share/turtlebot3_simulations/environment/ament_prefix_path.sh
[0.329s] -- Up-to-date symlink: /home/ayush/Desktop/ROS2 /ROS2_NAV2/install/turtlebot3_simulations/share/turtlebot3_simulations/environment/ament_prefix_path.dsv
[0.330s] -- Up-to-date symlink: /home/ayush/Desktop/ROS2 /ROS2_NAV2/install/turtlebot3_simulations/share/turtlebot3_simulations/environment/path.sh
[0.330s] -- Up-to-date symlink: /home/ayush/Desktop/ROS2 /ROS2_NAV2/install/turtlebot3_simulations/share/turtlebot3_simulations/environment/path.dsv
[0.331s] -- Up-to-date symlink: /home/ayush/Desktop/ROS2 /ROS2_NAV2/install/turtlebot3_simulations/share/turtlebot3_simulations/local_setup.bash
[0.331s] -- Up-to-date symlink: /home/ayush/Desktop/ROS2 /ROS2_NAV2/install/turtlebot3_simulations/share/turtlebot3_simulations/local_setup.sh
[0.331s] -- Up-to-date symlink: /home/ayush/Desktop/ROS2 /ROS2_NAV2/install/turtlebot3_simulations/share/turtlebot3_simulations/local_setup.zsh
[0.332s] -- Up-to-date symlink: /home/ayush/Desktop/ROS2 /ROS2_NAV2/install/turtlebot3_simulations/share/turtlebot3_simulations/local_setup.dsv
[0.332s] -- Symlinking: /home/ayush/Desktop/ROS2 /ROS2_NAV2/install/turtlebot3_simulations/share/turtlebot3_simulations/package.dsv
[0.341s] -- Up-to-date symlink: /home/ayush/Desktop/ROS2 /ROS2_NAV2/install/turtlebot3_simulations/share/ament_index/resource_index/packages/turtlebot3_simulations
[0.341s] -- Up-to-date symlink: /home/ayush/Desktop/ROS2 /ROS2_NAV2/install/turtlebot3_simulations/share/turtlebot3_simulations/cmake/turtlebot3_simulationsConfig.cmake
[0.342s] -- Up-to-date symlink: /home/ayush/Desktop/ROS2 /ROS2_NAV2/install/turtlebot3_simulations/share/turtlebot3_simulations/cmake/turtlebot3_simulationsConfig-version.cmake
[0.342s] -- Up-to-date symlink: /home/ayush/Desktop/ROS2 /ROS2_NAV2/install/turtlebot3_simulations/share/turtlebot3_simulations/package.xml
[0.344s] Invoked command in '/home/ayush/Desktop/ROS2 /ROS2_NAV2/build/turtlebot3_simulations' returned '0': AMENT_PREFIX_PATH=/home/ayush/Desktop/ROS2 /ROS2_NAV2/install/turtlebot3_gazebo:/home/ayush/Desktop/ROS2 /ROS2_NAV2/install/turtlebot3_fake_node:${AMENT_PREFIX_PATH} CMAKE_PREFIX_PATH=/home/ayush/Desktop/ROS2 /ROS2_NAV2/install/turtlebot3_gazebo:/home/ayush/Desktop/ROS2 /ROS2_NAV2/install/turtlebot3_fake_node:/opt/ros/humble /usr/bin/cmake --install /home/ayush/Desktop/ROS2 /ROS2_NAV2/build/turtlebot3_simulations
