[0.014s] Invoking command in '/home/ayush/Desktop/ROS2 /ROS2_NAV2/build/turtlebot3_fake_node': CMAKE_PREFIX_PATH=/opt/ros/humble /usr/bin/cmake /home/ayush/Desktop/ROS2 /ROS2_NAV2/src/turtlebot3_fake_node -DCMAKE_INSTALL_PREFIX=/home/ayush/Desktop/ROS2 /ROS2_NAV2/install/turtlebot3_fake_node
[0.060s] -- Found ament_cmake: 1.3.11 (/opt/ros/humble/share/ament_cmake/cmake)
[0.231s] -- Override CMake install command with custom implementation using symlinks instead of copying resources
[0.255s] -- Found geometry_msgs: 4.2.4 (/opt/ros/humble/share/geometry_msgs/cmake)
[0.327s] -- Found rosidl_generator_c: 3.1.6 (/opt/ros/humble/share/rosidl_generator_c/cmake)
[0.334s] -- Found rosidl_adapter: 3.1.6 (/opt/ros/humble/share/rosidl_adapter/cmake)
[0.346s] -- Found rosidl_generator_cpp: 3.1.6 (/opt/ros/humble/share/rosidl_generator_cpp/cmake)
[0.366s] -- Using all available rosidl_typesupport_c: rosidl_typesupport_fastrtps_c;rosidl_typesupport_introspection_c
[0.390s] -- Using all available rosidl_typesupport_cpp: rosidl_typesupport_fastrtps_cpp;rosidl_typesupport_introspection_cpp
[0.457s] -- Found nav_msgs: 4.2.4 (/opt/ros/humble/share/nav_msgs/cmake)
[0.487s] -- Found rclcpp: 16.0.11 (/opt/ros/humble/share/rclcpp/cmake)
[0.531s] -- Found rmw_implementation_cmake: 6.1.2 (/opt/ros/humble/share/rmw_implementation_cmake/cmake)
[0.533s] -- Found rmw_cyclonedds_cpp: 1.3.4 (/opt/ros/humble/share/rmw_cyclonedds_cpp/cmake)
[0.571s] -- Using RMW implementation 'rmw_cyclonedds_cpp' as default
[0.664s] -- Found sensor_msgs: 4.2.4 (/opt/ros/humble/share/sensor_msgs/cmake)
[0.700s] -- Found tf2: 0.25.12 (/opt/ros/humble/share/tf2/cmake)
[0.708s] -- Found tf2_msgs: 0.25.12 (/opt/ros/humble/share/tf2_msgs/cmake)
[0.782s] -- Found turtlebot3_msgs: 2.2.3 (/opt/ros/humble/share/turtlebot3_msgs/cmake)
[0.901s] -- Configuring done
[0.938s] -- Generating done
[0.947s] -- Build files have been written to: /home/ayush/Desktop/ROS2 /ROS2_NAV2/build/turtlebot3_fake_node
[0.961s] Invoked command in '/home/ayush/Desktop/ROS2 /ROS2_NAV2/build/turtlebot3_fake_node' returned '0': CMAKE_PREFIX_PATH=/opt/ros/humble /usr/bin/cmake /home/ayush/Desktop/ROS2 /ROS2_NAV2/src/turtlebot3_fake_node -DCMAKE_INSTALL_PREFIX=/home/ayush/Desktop/ROS2 /ROS2_NAV2/install/turtlebot3_fake_node
[0.966s] Invoking command in '/home/ayush/Desktop/ROS2 /ROS2_NAV2/build/turtlebot3_fake_node': CMAKE_PREFIX_PATH=/opt/ros/humble /usr/bin/cmake --build /home/ayush/Desktop/ROS2 /ROS2_NAV2/build/turtlebot3_fake_node -- -j8 -l8
[1.021s] [35m[1mConsolidate compiler generated dependencies of target turtlebot3_fake_node[0m
[1.045s] [100%] Built target turtlebot3_fake_node
[1.064s] Invoked command in '/home/ayush/Desktop/ROS2 /ROS2_NAV2/build/turtlebot3_fake_node' returned '0': CMAKE_PREFIX_PATH=/opt/ros/humble /usr/bin/cmake --build /home/ayush/Desktop/ROS2 /ROS2_NAV2/build/turtlebot3_fake_node -- -j8 -l8
[1.081s] Invoking command in '/home/ayush/Desktop/ROS2 /ROS2_NAV2/build/turtlebot3_fake_node': CMAKE_PREFIX_PATH=/opt/ros/humble /usr/bin/cmake --install /home/ayush/Desktop/ROS2 /ROS2_NAV2/build/turtlebot3_fake_node
[1.094s] -- Install configuration: ""
[1.094s] -- Execute custom install script
[1.095s] -- Up-to-date symlink: /home/ayush/Desktop/ROS2 /ROS2_NAV2/install/turtlebot3_fake_node/lib/turtlebot3_fake_node/turtlebot3_fake_node
[1.096s] -- Up-to-date symlink: /home/ayush/Desktop/ROS2 /ROS2_NAV2/install/turtlebot3_fake_node/share/turtlebot3_fake_node/launch/rviz2.launch.py
[1.096s] -- Up-to-date symlink: /home/ayush/Desktop/ROS2 /ROS2_NAV2/install/turtlebot3_fake_node/share/turtlebot3_fake_node/launch/turtlebot3_fake_node.launch.py
[1.097s] -- Up-to-date symlink: /home/ayush/Desktop/ROS2 /ROS2_NAV2/install/turtlebot3_fake_node/share/turtlebot3_fake_node/param/burger.yaml
[1.099s] -- Up-to-date symlink: /home/ayush/Desktop/ROS2 /ROS2_NAV2/install/turtlebot3_fake_node/share/turtlebot3_fake_node/param/waffle.yaml
[1.099s] -- Up-to-date symlink: /home/ayush/Desktop/ROS2 /ROS2_NAV2/install/turtlebot3_fake_node/share/turtlebot3_fake_node/param/waffle_pi.yaml
[1.099s] -- Up-to-date symlink: /home/ayush/Desktop/ROS2 /ROS2_NAV2/install/turtlebot3_fake_node/include//turtlebot3_fake_node/turtlebot3_fake_node.hpp
[1.100s] -- Up-to-date symlink: /home/ayush/Desktop/ROS2 /ROS2_NAV2/install/turtlebot3_fake_node/share/ament_index/resource_index/package_run_dependencies/turtlebot3_fake_node
[1.100s] -- Up-to-date symlink: /home/ayush/Desktop/ROS2 /ROS2_NAV2/install/turtlebot3_fake_node/share/ament_index/resource_index/parent_prefix_path/turtlebot3_fake_node
[1.101s] -- Up-to-date symlink: /home/ayush/Desktop/ROS2 /ROS2_NAV2/install/turtlebot3_fake_node/share/turtlebot3_fake_node/environment/ament_prefix_path.sh
[1.101s] -- Up-to-date symlink: /home/ayush/Desktop/ROS2 /ROS2_NAV2/install/turtlebot3_fake_node/share/turtlebot3_fake_node/environment/ament_prefix_path.dsv
[1.101s] -- Up-to-date symlink: /home/ayush/Desktop/ROS2 /ROS2_NAV2/install/turtlebot3_fake_node/share/turtlebot3_fake_node/environment/path.sh
[1.102s] -- Up-to-date symlink: /home/ayush/Desktop/ROS2 /ROS2_NAV2/install/turtlebot3_fake_node/share/turtlebot3_fake_node/environment/path.dsv
[1.102s] -- Up-to-date symlink: /home/ayush/Desktop/ROS2 /ROS2_NAV2/install/turtlebot3_fake_node/share/turtlebot3_fake_node/local_setup.bash
[1.103s] -- Up-to-date symlink: /home/ayush/Desktop/ROS2 /ROS2_NAV2/install/turtlebot3_fake_node/share/turtlebot3_fake_node/local_setup.sh
[1.103s] -- Up-to-date symlink: /home/ayush/Desktop/ROS2 /ROS2_NAV2/install/turtlebot3_fake_node/share/turtlebot3_fake_node/local_setup.zsh
[1.104s] -- Up-to-date symlink: /home/ayush/Desktop/ROS2 /ROS2_NAV2/install/turtlebot3_fake_node/share/turtlebot3_fake_node/local_setup.dsv
[1.104s] -- Symlinking: /home/ayush/Desktop/ROS2 /ROS2_NAV2/install/turtlebot3_fake_node/share/turtlebot3_fake_node/package.dsv
[1.119s] -- Up-to-date symlink: /home/ayush/Desktop/ROS2 /ROS2_NAV2/install/turtlebot3_fake_node/share/ament_index/resource_index/packages/turtlebot3_fake_node
[1.120s] -- Up-to-date symlink: /home/ayush/Desktop/ROS2 /ROS2_NAV2/install/turtlebot3_fake_node/share/turtlebot3_fake_node/cmake/ament_cmake_export_include_directories-extras.cmake
[1.120s] -- Up-to-date symlink: /home/ayush/Desktop/ROS2 /ROS2_NAV2/install/turtlebot3_fake_node/share/turtlebot3_fake_node/cmake/ament_cmake_export_dependencies-extras.cmake
[1.121s] -- Up-to-date symlink: /home/ayush/Desktop/ROS2 /ROS2_NAV2/install/turtlebot3_fake_node/share/turtlebot3_fake_node/cmake/turtlebot3_fake_nodeConfig.cmake
[1.121s] -- Up-to-date symlink: /home/ayush/Desktop/ROS2 /ROS2_NAV2/install/turtlebot3_fake_node/share/turtlebot3_fake_node/cmake/turtlebot3_fake_nodeConfig-version.cmake
[1.121s] -- Up-to-date symlink: /home/ayush/Desktop/ROS2 /ROS2_NAV2/install/turtlebot3_fake_node/share/turtlebot3_fake_node/package.xml
[1.124s] Invoked command in '/home/ayush/Desktop/ROS2 /ROS2_NAV2/build/turtlebot3_fake_node' returned '0': CMAKE_PREFIX_PATH=/opt/ros/humble /usr/bin/cmake --install /home/ayush/Desktop/ROS2 /ROS2_NAV2/build/turtlebot3_fake_node
