[0.014s] Invoking command in '/home/ayush/Desktop/ROS2 /ROS2_NAV2/build/turtlebot3_gazebo': CMAKE_PREFIX_PATH=/opt/ros/humble /usr/bin/cmake /home/ayush/Desktop/ROS2 /ROS2_NAV2/src/turtlebot3_gazebo -DCMAKE_INSTALL_PREFIX=/home/ayush/Desktop/ROS2 /ROS2_NAV2/install/turtlebot3_gazebo
[0.054s] -- Found ament_cmake: 1.3.11 (/opt/ros/humble/share/ament_cmake/cmake)
[0.224s] -- Override CMake install command with custom implementation using symlinks instead of copying resources
[0.256s] [33mCMake Warning (dev) at /usr/share/cmake-3.22/Modules/FindPackageHandleStandardArgs.cmake:438 (message):
[0.256s]   The package name passed to `find_package_handle_standard_args` (PkgConfig)
[0.256s]   does not match the name of the calling package (gazebo).  This can lead to
[0.256s]   problems in calling code that expects `find_package` result variables
[0.256s]   (e.g., `_FOUND`) to follow a certain pattern.
[0.256s] Call Stack (most recent call first):
[0.257s]   /usr/share/cmake-3.22/Modules/FindPkgConfig.cmake:99 (find_package_handle_standard_args)
[0.257s]   /usr/lib/x86_64-linux-gnu/cmake/gazebo/gazebo-config.cmake:72 (include)
[0.257s]   CMakeLists.txt:23 (find_package)
[0.257s] This warning is for project developers.  Use -Wno-dev to suppress it.
[0.257s] [0m
[0.309s] -- Found DART: /usr/include (Required is at least version "6.6") found components: dart 
[0.376s] -- Found Protobuf: /usr/lib/x86_64-linux-gnu/libprotobuf.so (found version "3.12.4") 
[0.380s] -- Looking for ignition-math6 -- found version 6.15.1
[0.392s] -- Searching for dependencies of ignition-math6
[0.396s] -- Looking for OGRE...
[0.405s] -- Found Ogre Ghadamon (1.9.0)
[0.406s] -- Found OGRE: optimized;/usr/lib/x86_64-linux-gnu/libOgreMain.so;debug;/usr/lib/x86_64-linux-gnu/libOgreMain.so
[0.422s] -- Looking for OGRE_Paging...
[0.423s] -- Found OGRE_Paging: optimized;/usr/lib/x86_64-linux-gnu/libOgrePaging.so;debug;/usr/lib/x86_64-linux-gnu/libOgrePaging.so
[0.423s] -- Looking for OGRE_Terrain...
[0.423s] -- Found OGRE_Terrain: optimized;/usr/lib/x86_64-linux-gnu/libOgreTerrain.so;debug;/usr/lib/x86_64-linux-gnu/libOgreTerrain.so
[0.423s] -- Looking for OGRE_Property...
[0.423s] -- Found OGRE_Property: optimized;/usr/lib/x86_64-linux-gnu/libOgreProperty.so;debug;/usr/lib/x86_64-linux-gnu/libOgreProperty.so
[0.423s] -- Looking for OGRE_RTShaderSystem...
[0.424s] -- Found OGRE_RTShaderSystem: optimized;/usr/lib/x86_64-linux-gnu/libOgreRTShaderSystem.so;debug;/usr/lib/x86_64-linux-gnu/libOgreRTShaderSystem.so
[0.424s] -- Looking for OGRE_Volume...
[0.424s] -- Found OGRE_Volume: optimized;/usr/lib/x86_64-linux-gnu/libOgreVolume.so;debug;/usr/lib/x86_64-linux-gnu/libOgreVolume.so
[0.424s] -- Looking for OGRE_Overlay...
[0.424s] -- Found OGRE_Overlay: optimized;/usr/lib/x86_64-linux-gnu/libOgreOverlay.so;debug;/usr/lib/x86_64-linux-gnu/libOgreOverlay.so
[0.639s] -- Looking for ignition-math6 -- found version 6.15.1
[0.641s] -- Looking for ignition-transport8 -- found version 8.2.1
[0.642s] -- Searching for dependencies of ignition-transport8
[0.695s] -- Found Protobuf: /usr/lib/x86_64-linux-gnu/libprotobuf.so (found suitable version "3.12.4", minimum required is "3") 
[0.704s] -- Checking for module 'uuid'
[0.719s] --   Found uuid, version 2.37.2
[0.761s] -- Looking for ignition-msgs5 -- found version 5.8.1
[0.761s] -- Searching for dependencies of ignition-msgs5
[0.789s] -- Looking for ignition-math6 -- found version 6.15.1
[0.795s] -- Checking for module 'tinyxml2'
[0.809s] --   Found tinyxml2, version 9.0.0
[0.848s] -- Looking for ignition-msgs5 -- found version 5.8.1
[0.849s] -- Looking for ignition-common3 -- found version 3.14.0
[0.850s] -- Searching for dependencies of ignition-common3
[0.850s] -- Looking for dlfcn.h - found
[0.850s] -- Looking for libdl - found
[0.864s] -- Searching for <ignition-common3> component [graphics]
[0.865s] -- Looking for ignition-common3-graphics -- found version 3.14.0
[0.865s] -- Searching for dependencies of ignition-common3-graphics
[0.866s] -- Looking for ignition-math6 -- found version 6.15.1
[0.868s] -- Looking for ignition-fuel_tools4 -- found version 4.4.0
[0.868s] -- Searching for dependencies of ignition-fuel_tools4
[0.936s] -- Checking for module 'jsoncpp'
[0.961s] --   Found jsoncpp, version 1.9.5
[1.012s] -- Checking for module 'libzip'
[1.030s] --   Found libzip, version 1.7.3
[1.078s] -- Looking for ignition-common3 -- found version 3.14.0
[1.078s] -- Looking for ignition-math6 -- found version 6.15.1
[1.079s] -- Looking for ignition-msgs5 -- found version 5.8.1
[1.083s] -- Found gazebo_ros_pkgs: 3.9.0 (/opt/ros/humble/share/gazebo_ros_pkgs/cmake)
[1.083s] -- Found geometry_msgs: 4.2.4 (/opt/ros/humble/share/geometry_msgs/cmake)
[1.124s] -- Found rosidl_generator_c: 3.1.6 (/opt/ros/humble/share/rosidl_generator_c/cmake)
[1.131s] -- Found rosidl_adapter: 3.1.6 (/opt/ros/humble/share/rosidl_adapter/cmake)
[1.142s] -- Found rosidl_generator_cpp: 3.1.6 (/opt/ros/humble/share/rosidl_generator_cpp/cmake)
[1.156s] -- Using all available rosidl_typesupport_c: rosidl_typesupport_fastrtps_c;rosidl_typesupport_introspection_c
[1.172s] -- Using all available rosidl_typesupport_cpp: rosidl_typesupport_fastrtps_cpp;rosidl_typesupport_introspection_cpp
[1.225s] -- Found nav_msgs: 4.2.4 (/opt/ros/humble/share/nav_msgs/cmake)
[1.258s] -- Found rclcpp: 16.0.11 (/opt/ros/humble/share/rclcpp/cmake)
[1.295s] -- Found rmw_implementation_cmake: 6.1.2 (/opt/ros/humble/share/rmw_implementation_cmake/cmake)
[1.296s] -- Found rmw_cyclonedds_cpp: 1.3.4 (/opt/ros/humble/share/rmw_cyclonedds_cpp/cmake)
[1.316s] -- Using RMW implementation 'rmw_cyclonedds_cpp' as default
[1.359s] -- Found sensor_msgs: 4.2.4 (/opt/ros/humble/share/sensor_msgs/cmake)
[1.380s] -- Found tf2: 0.25.12 (/opt/ros/humble/share/tf2/cmake)
[1.461s] -- Configuring done
[1.531s] -- Generating done
[1.541s] -- Build files have been written to: /home/ayush/Desktop/ROS2 /ROS2_NAV2/build/turtlebot3_gazebo
[1.551s] Invoked command in '/home/ayush/Desktop/ROS2 /ROS2_NAV2/build/turtlebot3_gazebo' returned '0': CMAKE_PREFIX_PATH=/opt/ros/humble /usr/bin/cmake /home/ayush/Desktop/ROS2 /ROS2_NAV2/src/turtlebot3_gazebo -DCMAKE_INSTALL_PREFIX=/home/ayush/Desktop/ROS2 /ROS2_NAV2/install/turtlebot3_gazebo
[1.554s] Invoking command in '/home/ayush/Desktop/ROS2 /ROS2_NAV2/build/turtlebot3_gazebo': CMAKE_PREFIX_PATH=/opt/ros/humble /usr/bin/cmake --build /home/ayush/Desktop/ROS2 /ROS2_NAV2/build/turtlebot3_gazebo -- -j8 -l8
[1.601s] [35m[1mConsolidate compiler generated dependencies of target turtlebot3_drive[0m
[1.602s] [35m[1mConsolidate compiler generated dependencies of target obstacle2[0m
[1.603s] [35m[1mConsolidate compiler generated dependencies of target obstacle1[0m
[1.605s] [35m[1mConsolidate compiler generated dependencies of target obstacles[0m
[1.627s] [ 25%] Built target turtlebot3_drive
[1.653s] [ 50%] Built target obstacle2
[1.657s] [100%] Built target obstacle1
[1.657s] [100%] Built target obstacles
[1.669s] Invoked command in '/home/ayush/Desktop/ROS2 /ROS2_NAV2/build/turtlebot3_gazebo' returned '0': CMAKE_PREFIX_PATH=/opt/ros/humble /usr/bin/cmake --build /home/ayush/Desktop/ROS2 /ROS2_NAV2/build/turtlebot3_gazebo -- -j8 -l8
[1.672s] Invoking command in '/home/ayush/Desktop/ROS2 /ROS2_NAV2/build/turtlebot3_gazebo': CMAKE_PREFIX_PATH=/opt/ros/humble /usr/bin/cmake --install /home/ayush/Desktop/ROS2 /ROS2_NAV2/build/turtlebot3_gazebo
[1.678s] -- Install configuration: ""
[1.678s] -- Execute custom install script
[1.679s] -- Up-to-date symlink: /home/ayush/Desktop/ROS2 /ROS2_NAV2/install/turtlebot3_gazebo/lib/turtlebot3_gazebo/turtlebot3_drive
[1.679s] -- Up-to-date symlink: /home/ayush/Desktop/ROS2 /ROS2_NAV2/install/turtlebot3_gazebo/share/turtlebot3_gazebo//launch/empty_world.launch.py
[1.679s] -- Up-to-date symlink: /home/ayush/Desktop/ROS2 /ROS2_NAV2/install/turtlebot3_gazebo/share/turtlebot3_gazebo//launch/robot_state_publisher.launch.py
[1.680s] -- Up-to-date symlink: /home/ayush/Desktop/ROS2 /ROS2_NAV2/install/turtlebot3_gazebo/share/turtlebot3_gazebo//launch/spawn_turtlebot3.launch.py
[1.680s] -- Up-to-date symlink: /home/ayush/Desktop/ROS2 /ROS2_NAV2/install/turtlebot3_gazebo/share/turtlebot3_gazebo//launch/turtlebot3_dqn_stage1.launch.py
[1.680s] -- Up-to-date symlink: /home/ayush/Desktop/ROS2 /ROS2_NAV2/install/turtlebot3_gazebo/share/turtlebot3_gazebo//launch/turtlebot3_dqn_stage2.launch.py
[1.680s] -- Up-to-date symlink: /home/ayush/Desktop/ROS2 /ROS2_NAV2/install/turtlebot3_gazebo/share/turtlebot3_gazebo//launch/turtlebot3_dqn_stage3.launch.py
[1.680s] -- Up-to-date symlink: /home/ayush/Desktop/ROS2 /ROS2_NAV2/install/turtlebot3_gazebo/share/turtlebot3_gazebo//launch/turtlebot3_dqn_stage4.launch.py
[1.680s] -- Up-to-date symlink: /home/ayush/Desktop/ROS2 /ROS2_NAV2/install/turtlebot3_gazebo/share/turtlebot3_gazebo//launch/turtlebot3_house.launch.py
[1.681s] -- Up-to-date symlink: /home/ayush/Desktop/ROS2 /ROS2_NAV2/install/turtlebot3_gazebo/share/turtlebot3_gazebo//launch/turtlebot3_my_world.launch.py
[1.681s] -- Up-to-date symlink: /home/ayush/Desktop/ROS2 /ROS2_NAV2/install/turtlebot3_gazebo/share/turtlebot3_gazebo//launch/turtlebot3_world.launch.py
[1.684s] -- Up-to-date symlink: /home/ayush/Desktop/ROS2 /ROS2_NAV2/install/turtlebot3_gazebo/share/turtlebot3_gazebo//models/turtlebot3_burger/model-1_4.sdf
[1.684s] -- Up-to-date symlink: /home/ayush/Desktop/ROS2 /ROS2_NAV2/install/turtlebot3_gazebo/share/turtlebot3_gazebo//models/turtlebot3_burger/model.config
[1.685s] -- Up-to-date symlink: /home/ayush/Desktop/ROS2 /ROS2_NAV2/install/turtlebot3_gazebo/share/turtlebot3_gazebo//models/turtlebot3_burger/model.sdf
[1.685s] -- Up-to-date symlink: /home/ayush/Desktop/ROS2 /ROS2_NAV2/install/turtlebot3_gazebo/share/turtlebot3_gazebo//models/turtlebot3_common/meshes/burger_base.dae
[1.685s] -- Up-to-date symlink: /home/ayush/Desktop/ROS2 /ROS2_NAV2/install/turtlebot3_gazebo/share/turtlebot3_gazebo//models/turtlebot3_common/meshes/lds.dae
[1.685s] -- Up-to-date symlink: /home/ayush/Desktop/ROS2 /ROS2_NAV2/install/turtlebot3_gazebo/share/turtlebot3_gazebo//models/turtlebot3_common/meshes/r200.dae
[1.685s] -- Up-to-date symlink: /home/ayush/Desktop/ROS2 /ROS2_NAV2/install/turtlebot3_gazebo/share/turtlebot3_gazebo//models/turtlebot3_common/meshes/tire.dae
[1.686s] -- Up-to-date symlink: /home/ayush/Desktop/ROS2 /ROS2_NAV2/install/turtlebot3_gazebo/share/turtlebot3_gazebo//models/turtlebot3_common/meshes/waffle_base.dae
[1.686s] -- Up-to-date symlink: /home/ayush/Desktop/ROS2 /ROS2_NAV2/install/turtlebot3_gazebo/share/turtlebot3_gazebo//models/turtlebot3_common/meshes/waffle_pi_base.dae
[1.686s] -- Up-to-date symlink: /home/ayush/Desktop/ROS2 /ROS2_NAV2/install/turtlebot3_gazebo/share/turtlebot3_gazebo//models/turtlebot3_common/model.config
[1.686s] -- Up-to-date symlink: /home/ayush/Desktop/ROS2 /ROS2_NAV2/install/turtlebot3_gazebo/share/turtlebot3_gazebo//models/turtlebot3_dqn_world/goal_box/model.config
[1.686s] -- Up-to-date symlink: /home/ayush/Desktop/ROS2 /ROS2_NAV2/install/turtlebot3_gazebo/share/turtlebot3_gazebo//models/turtlebot3_dqn_world/goal_box/model.sdf
[1.687s] -- Up-to-date symlink: /home/ayush/Desktop/ROS2 /ROS2_NAV2/install/turtlebot3_gazebo/share/turtlebot3_gazebo//models/turtlebot3_dqn_world/inner_walls/model.config
[1.687s] -- Up-to-date symlink: /home/ayush/Desktop/ROS2 /ROS2_NAV2/install/turtlebot3_gazebo/share/turtlebot3_gazebo//models/turtlebot3_dqn_world/inner_walls/model.sdf
[1.688s] -- Up-to-date symlink: /home/ayush/Desktop/ROS2 /ROS2_NAV2/install/turtlebot3_gazebo/share/turtlebot3_gazebo//models/turtlebot3_dqn_world/model.config
[1.688s] -- Up-to-date symlink: /home/ayush/Desktop/ROS2 /ROS2_NAV2/install/turtlebot3_gazebo/share/turtlebot3_gazebo//models/turtlebot3_dqn_world/model.sdf
[1.688s] -- Up-to-date symlink: /home/ayush/Desktop/ROS2 /ROS2_NAV2/install/turtlebot3_gazebo/share/turtlebot3_gazebo//models/turtlebot3_dqn_world/obstacle1/model.config
[1.688s] -- Up-to-date symlink: /home/ayush/Desktop/ROS2 /ROS2_NAV2/install/turtlebot3_gazebo/share/turtlebot3_gazebo//models/turtlebot3_dqn_world/obstacle1/model.sdf
[1.688s] -- Up-to-date symlink: /home/ayush/Desktop/ROS2 /ROS2_NAV2/install/turtlebot3_gazebo/share/turtlebot3_gazebo//models/turtlebot3_dqn_world/obstacle2/model.config
[1.688s] -- Up-to-date symlink: /home/ayush/Desktop/ROS2 /ROS2_NAV2/install/turtlebot3_gazebo/share/turtlebot3_gazebo//models/turtlebot3_dqn_world/obstacle2/model.sdf
[1.689s] -- Up-to-date symlink: /home/ayush/Desktop/ROS2 /ROS2_NAV2/install/turtlebot3_gazebo/share/turtlebot3_gazebo//models/turtlebot3_dqn_world/obstacle_plugin/CMakeLists.txt
[1.689s] -- Up-to-date symlink: /home/ayush/Desktop/ROS2 /ROS2_NAV2/install/turtlebot3_gazebo/share/turtlebot3_gazebo//models/turtlebot3_dqn_world/obstacle_plugin/obstacle1.cc
[1.691s] -- Up-to-date symlink: /home/ayush/Desktop/ROS2 /ROS2_NAV2/install/turtlebot3_gazebo/share/turtlebot3_gazebo//models/turtlebot3_dqn_world/obstacle_plugin/obstacle2.cc
[1.691s] -- Up-to-date symlink: /home/ayush/Desktop/ROS2 /ROS2_NAV2/install/turtlebot3_gazebo/share/turtlebot3_gazebo//models/turtlebot3_dqn_world/obstacle_plugin/obstacles.cc
[1.692s] -- Up-to-date symlink: /home/ayush/Desktop/ROS2 /ROS2_NAV2/install/turtlebot3_gazebo/share/turtlebot3_gazebo//models/turtlebot3_dqn_world/obstacles/model.config
[1.692s] -- Up-to-date symlink: /home/ayush/Desktop/ROS2 /ROS2_NAV2/install/turtlebot3_gazebo/share/turtlebot3_gazebo//models/turtlebot3_dqn_world/obstacles/model.sdf
[1.692s] -- Up-to-date symlink: /home/ayush/Desktop/ROS2 /ROS2_NAV2/install/turtlebot3_gazebo/share/turtlebot3_gazebo//models/turtlebot3_house/model.config
[1.693s] -- Up-to-date symlink: /home/ayush/Desktop/ROS2 /ROS2_NAV2/install/turtlebot3_gazebo/share/turtlebot3_gazebo//models/turtlebot3_house/model.sdf
[1.693s] -- Up-to-date symlink: /home/ayush/Desktop/ROS2 /ROS2_NAV2/install/turtlebot3_gazebo/share/turtlebot3_gazebo//models/turtlebot3_waffle/model-1_4.sdf
[1.693s] -- Up-to-date symlink: /home/ayush/Desktop/ROS2 /ROS2_NAV2/install/turtlebot3_gazebo/share/turtlebot3_gazebo//models/turtlebot3_waffle/model.config
[1.694s] -- Up-to-date symlink: /home/ayush/Desktop/ROS2 /ROS2_NAV2/install/turtlebot3_gazebo/share/turtlebot3_gazebo//models/turtlebot3_waffle/model.sdf
[1.694s] -- Up-to-date symlink: /home/ayush/Desktop/ROS2 /ROS2_NAV2/install/turtlebot3_gazebo/share/turtlebot3_gazebo//models/turtlebot3_waffle_pi/model-1_4_.sdf
[1.694s] -- Up-to-date symlink: /home/ayush/Desktop/ROS2 /ROS2_NAV2/install/turtlebot3_gazebo/share/turtlebot3_gazebo//models/turtlebot3_waffle_pi/model.config
[1.695s] -- Up-to-date symlink: /home/ayush/Desktop/ROS2 /ROS2_NAV2/install/turtlebot3_gazebo/share/turtlebot3_gazebo//models/turtlebot3_waffle_pi/model.sdf
[1.695s] -- Up-to-date symlink: /home/ayush/Desktop/ROS2 /ROS2_NAV2/install/turtlebot3_gazebo/share/turtlebot3_gazebo//models/turtlebot3_world/meshes/hexagon.dae
[1.695s] -- Up-to-date symlink: /home/ayush/Desktop/ROS2 /ROS2_NAV2/install/turtlebot3_gazebo/share/turtlebot3_gazebo//models/turtlebot3_world/meshes/wall.dae
[1.695s] -- Up-to-date symlink: /home/ayush/Desktop/ROS2 /ROS2_NAV2/install/turtlebot3_gazebo/share/turtlebot3_gazebo//models/turtlebot3_world/model-1_4.sdf
[1.696s] -- Up-to-date symlink: /home/ayush/Desktop/ROS2 /ROS2_NAV2/install/turtlebot3_gazebo/share/turtlebot3_gazebo//models/turtlebot3_world/model.config
[1.696s] -- Up-to-date symlink: /home/ayush/Desktop/ROS2 /ROS2_NAV2/install/turtlebot3_gazebo/share/turtlebot3_gazebo//models/turtlebot3_world/model.sdf
[1.696s] -- Up-to-date symlink: /home/ayush/Desktop/ROS2 /ROS2_NAV2/install/turtlebot3_gazebo/share/turtlebot3_gazebo//rviz/tb3_gazebo.rviz
[1.697s] -- Up-to-date symlink: /home/ayush/Desktop/ROS2 /ROS2_NAV2/install/turtlebot3_gazebo/share/turtlebot3_gazebo//urdf/common_properties.urdf
[1.697s] -- Up-to-date symlink: /home/ayush/Desktop/ROS2 /ROS2_NAV2/install/turtlebot3_gazebo/share/turtlebot3_gazebo//urdf/turtlebot3_burger.urdf
[1.698s] -- Up-to-date symlink: /home/ayush/Desktop/ROS2 /ROS2_NAV2/install/turtlebot3_gazebo/share/turtlebot3_gazebo//urdf/turtlebot3_waffle.urdf
[1.698s] -- Up-to-date symlink: /home/ayush/Desktop/ROS2 /ROS2_NAV2/install/turtlebot3_gazebo/share/turtlebot3_gazebo//urdf/turtlebot3_waffle_pi.urdf
[1.699s] -- Up-to-date symlink: /home/ayush/Desktop/ROS2 /ROS2_NAV2/install/turtlebot3_gazebo/share/turtlebot3_gazebo//worlds/empty_world.world
[1.699s] -- Up-to-date symlink: /home/ayush/Desktop/ROS2 /ROS2_NAV2/install/turtlebot3_gazebo/share/turtlebot3_gazebo//worlds/my_world.world
[1.699s] -- Up-to-date symlink: /home/ayush/Desktop/ROS2 /ROS2_NAV2/install/turtlebot3_gazebo/share/turtlebot3_gazebo//worlds/turtlebot3_dqn_stage1.world
[1.699s] -- Up-to-date symlink: /home/ayush/Desktop/ROS2 /ROS2_NAV2/install/turtlebot3_gazebo/share/turtlebot3_gazebo//worlds/turtlebot3_dqn_stage2.world
[1.699s] -- Up-to-date symlink: /home/ayush/Desktop/ROS2 /ROS2_NAV2/install/turtlebot3_gazebo/share/turtlebot3_gazebo//worlds/turtlebot3_dqn_stage3.world
[1.700s] -- Up-to-date symlink: /home/ayush/Desktop/ROS2 /ROS2_NAV2/install/turtlebot3_gazebo/share/turtlebot3_gazebo//worlds/turtlebot3_dqn_stage4.world
[1.700s] -- Up-to-date symlink: /home/ayush/Desktop/ROS2 /ROS2_NAV2/install/turtlebot3_gazebo/share/turtlebot3_gazebo//worlds/turtlebot3_house.world
[1.700s] -- Up-to-date symlink: /home/ayush/Desktop/ROS2 /ROS2_NAV2/install/turtlebot3_gazebo/share/turtlebot3_gazebo//worlds/turtlebot3_world.world
[1.701s] -- Up-to-date symlink: /home/ayush/Desktop/ROS2 /ROS2_NAV2/install/turtlebot3_gazebo/include//turtlebot3_gazebo/turtlebot3_drive.hpp
[1.702s] -- Up-to-date symlink: /home/ayush/Desktop/ROS2 /ROS2_NAV2/install/turtlebot3_gazebo/share/ament_index/resource_index/package_run_dependencies/turtlebot3_gazebo
[1.702s] -- Up-to-date symlink: /home/ayush/Desktop/ROS2 /ROS2_NAV2/install/turtlebot3_gazebo/share/ament_index/resource_index/parent_prefix_path/turtlebot3_gazebo
[1.702s] -- Up-to-date symlink: /home/ayush/Desktop/ROS2 /ROS2_NAV2/install/turtlebot3_gazebo/share/turtlebot3_gazebo/environment/ament_prefix_path.sh
[1.703s] -- Up-to-date symlink: /home/ayush/Desktop/ROS2 /ROS2_NAV2/install/turtlebot3_gazebo/share/turtlebot3_gazebo/environment/ament_prefix_path.dsv
[1.703s] -- Up-to-date symlink: /home/ayush/Desktop/ROS2 /ROS2_NAV2/install/turtlebot3_gazebo/share/turtlebot3_gazebo/environment/path.sh
[1.704s] -- Up-to-date symlink: /home/ayush/Desktop/ROS2 /ROS2_NAV2/install/turtlebot3_gazebo/share/turtlebot3_gazebo/environment/path.dsv
[1.704s] -- Up-to-date symlink: /home/ayush/Desktop/ROS2 /ROS2_NAV2/install/turtlebot3_gazebo/share/turtlebot3_gazebo/local_setup.bash
[1.704s] -- Up-to-date symlink: /home/ayush/Desktop/ROS2 /ROS2_NAV2/install/turtlebot3_gazebo/share/turtlebot3_gazebo/local_setup.sh
[1.704s] -- Up-to-date symlink: /home/ayush/Desktop/ROS2 /ROS2_NAV2/install/turtlebot3_gazebo/share/turtlebot3_gazebo/local_setup.zsh
[1.705s] -- Up-to-date symlink: /home/ayush/Desktop/ROS2 /ROS2_NAV2/install/turtlebot3_gazebo/share/turtlebot3_gazebo/local_setup.dsv
[1.705s] -- Symlinking: /home/ayush/Desktop/ROS2 /ROS2_NAV2/install/turtlebot3_gazebo/share/turtlebot3_gazebo/package.dsv
[1.715s] -- Up-to-date symlink: /home/ayush/Desktop/ROS2 /ROS2_NAV2/install/turtlebot3_gazebo/share/ament_index/resource_index/packages/turtlebot3_gazebo
[1.715s] -- Up-to-date symlink: /home/ayush/Desktop/ROS2 /ROS2_NAV2/install/turtlebot3_gazebo/share/turtlebot3_gazebo/cmake/ament_cmake_export_include_directories-extras.cmake
[1.715s] -- Up-to-date symlink: /home/ayush/Desktop/ROS2 /ROS2_NAV2/install/turtlebot3_gazebo/share/turtlebot3_gazebo/cmake/ament_cmake_export_dependencies-extras.cmake
[1.716s] -- Up-to-date symlink: /home/ayush/Desktop/ROS2 /ROS2_NAV2/install/turtlebot3_gazebo/share/turtlebot3_gazebo/cmake/turtlebot3_gazeboConfig.cmake
[1.716s] -- Up-to-date symlink: /home/ayush/Desktop/ROS2 /ROS2_NAV2/install/turtlebot3_gazebo/share/turtlebot3_gazebo/cmake/turtlebot3_gazeboConfig-version.cmake
[1.716s] -- Up-to-date symlink: /home/ayush/Desktop/ROS2 /ROS2_NAV2/install/turtlebot3_gazebo/share/turtlebot3_gazebo/package.xml
[1.718s] Invoked command in '/home/ayush/Desktop/ROS2 /ROS2_NAV2/build/turtlebot3_gazebo' returned '0': CMAKE_PREFIX_PATH=/opt/ros/humble /usr/bin/cmake --install /home/ayush/Desktop/ROS2 /ROS2_NAV2/build/turtlebot3_gazebo
