[0.017s] Invoking command in '/home/ayush/Desktop/ROS2 /ROS2_NAV2/src/build/turtlebot3_simulations': AMENT_PREFIX_PATH=/home/ayush/Desktop/ROS2 /ROS2_NAV2/src/install/turtlebot3_gazebo:/home/ayush/Desktop/ROS2 /ROS2_NAV2/src/install/turtlebot3_fake_node:${AMENT_PREFIX_PATH} CMAKE_PREFIX_PATH=/home/ayush/Desktop/ROS2 /ROS2_NAV2/src/install/turtlebot3_gazebo:/home/ayush/Desktop/ROS2 /ROS2_NAV2/src/install/turtlebot3_fake_node:/opt/ros/humble /usr/bin/cmake /home/ayush/Desktop/ROS2 /ROS2_NAV2/src/turtlebot3_simulations -DCMAKE_INSTALL_PREFIX=/home/ayush/Desktop/ROS2 /ROS2_NAV2/src/install/turtlebot3_simulations
[0.131s] -- The C compiler identification is GNU 11.4.0
[0.240s] -- The CXX compiler identification is GNU 11.4.0
[0.255s] -- Detecting C compiler ABI info
[0.378s] -- Detecting C compiler ABI info - done
[0.394s] -- Check for working C compiler: /usr/bin/cc - skipped
[0.395s] -- Detecting C compile features
[0.395s] -- Detecting C compile features - done
[0.399s] -- Detecting CXX compiler ABI info
[0.525s] -- Detecting CXX compiler ABI info - done
[0.538s] -- Check for working CXX compiler: /usr/bin/c++ - skipped
[0.538s] -- Detecting CXX compile features
[0.539s] -- Detecting CXX compile features - done
[0.543s] -- Found ament_cmake: 1.3.11 (/opt/ros/humble/share/ament_cmake/cmake)
[0.924s] -- Found Python3: /usr/bin/python3 (found version "3.10.12") found components: Interpreter 
[1.256s] -- Configuring done
[1.263s] -- Generating done
[1.267s] -- Build files have been written to: /home/ayush/Desktop/ROS2 /ROS2_NAV2/src/build/turtlebot3_simulations
[1.277s] Invoked command in '/home/ayush/Desktop/ROS2 /ROS2_NAV2/src/build/turtlebot3_simulations' returned '0': AMENT_PREFIX_PATH=/home/ayush/Desktop/ROS2 /ROS2_NAV2/src/install/turtlebot3_gazebo:/home/ayush/Desktop/ROS2 /ROS2_NAV2/src/install/turtlebot3_fake_node:${AMENT_PREFIX_PATH} CMAKE_PREFIX_PATH=/home/ayush/Desktop/ROS2 /ROS2_NAV2/src/install/turtlebot3_gazebo:/home/ayush/Desktop/ROS2 /ROS2_NAV2/src/install/turtlebot3_fake_node:/opt/ros/humble /usr/bin/cmake /home/ayush/Desktop/ROS2 /ROS2_NAV2/src/turtlebot3_simulations -DCMAKE_INSTALL_PREFIX=/home/ayush/Desktop/ROS2 /ROS2_NAV2/src/install/turtlebot3_simulations
[1.279s] Invoking command in '/home/ayush/Desktop/ROS2 /ROS2_NAV2/src/build/turtlebot3_simulations': AMENT_PREFIX_PATH=/home/ayush/Desktop/ROS2 /ROS2_NAV2/src/install/turtlebot3_gazebo:/home/ayush/Desktop/ROS2 /ROS2_NAV2/src/install/turtlebot3_fake_node:${AMENT_PREFIX_PATH} CMAKE_PREFIX_PATH=/home/ayush/Desktop/ROS2 /ROS2_NAV2/src/install/turtlebot3_gazebo:/home/ayush/Desktop/ROS2 /ROS2_NAV2/src/install/turtlebot3_fake_node:/opt/ros/humble /usr/bin/cmake --build /home/ayush/Desktop/ROS2 /ROS2_NAV2/src/build/turtlebot3_simulations -- -j8 -l8
[1.342s] Invoked command in '/home/ayush/Desktop/ROS2 /ROS2_NAV2/src/build/turtlebot3_simulations' returned '0': AMENT_PREFIX_PATH=/home/ayush/Desktop/ROS2 /ROS2_NAV2/src/install/turtlebot3_gazebo:/home/ayush/Desktop/ROS2 /ROS2_NAV2/src/install/turtlebot3_fake_node:${AMENT_PREFIX_PATH} CMAKE_PREFIX_PATH=/home/ayush/Desktop/ROS2 /ROS2_NAV2/src/install/turtlebot3_gazebo:/home/ayush/Desktop/ROS2 /ROS2_NAV2/src/install/turtlebot3_fake_node:/opt/ros/humble /usr/bin/cmake --build /home/ayush/Desktop/ROS2 /ROS2_NAV2/src/build/turtlebot3_simulations -- -j8 -l8
[1.344s] Invoking command in '/home/ayush/Desktop/ROS2 /ROS2_NAV2/src/build/turtlebot3_simulations': AMENT_PREFIX_PATH=/home/ayush/Desktop/ROS2 /ROS2_NAV2/src/install/turtlebot3_gazebo:/home/ayush/Desktop/ROS2 /ROS2_NAV2/src/install/turtlebot3_fake_node:${AMENT_PREFIX_PATH} CMAKE_PREFIX_PATH=/home/ayush/Desktop/ROS2 /ROS2_NAV2/src/install/turtlebot3_gazebo:/home/ayush/Desktop/ROS2 /ROS2_NAV2/src/install/turtlebot3_fake_node:/opt/ros/humble /usr/bin/cmake --install /home/ayush/Desktop/ROS2 /ROS2_NAV2/src/build/turtlebot3_simulations
[1.353s] -- Install configuration: ""
[1.353s] -- Installing: /home/ayush/Desktop/ROS2 /ROS2_NAV2/src/install/turtlebot3_simulations/share/ament_index/resource_index/package_run_dependencies/turtlebot3_simulations
[1.354s] -- Installing: /home/ayush/Desktop/ROS2 /ROS2_NAV2/src/install/turtlebot3_simulations/share/ament_index/resource_index/parent_prefix_path/turtlebot3_simulations
[1.354s] -- Installing: /home/ayush/Desktop/ROS2 /ROS2_NAV2/src/install/turtlebot3_simulations/share/turtlebot3_simulations/environment/ament_prefix_path.sh
[1.354s] -- Installing: /home/ayush/Desktop/ROS2 /ROS2_NAV2/src/install/turtlebot3_simulations/share/turtlebot3_simulations/environment/ament_prefix_path.dsv
[1.354s] -- Installing: /home/ayush/Desktop/ROS2 /ROS2_NAV2/src/install/turtlebot3_simulations/share/turtlebot3_simulations/environment/path.sh
[1.354s] -- Installing: /home/ayush/Desktop/ROS2 /ROS2_NAV2/src/install/turtlebot3_simulations/share/turtlebot3_simulations/environment/path.dsv
[1.355s] -- Installing: /home/ayush/Desktop/ROS2 /ROS2_NAV2/src/install/turtlebot3_simulations/share/turtlebot3_simulations/local_setup.bash
[1.355s] -- Installing: /home/ayush/Desktop/ROS2 /ROS2_NAV2/src/install/turtlebot3_simulations/share/turtlebot3_simulations/local_setup.sh
[1.355s] -- Installing: /home/ayush/Desktop/ROS2 /ROS2_NAV2/src/install/turtlebot3_simulations/share/turtlebot3_simulations/local_setup.zsh
[1.355s] -- Installing: /home/ayush/Desktop/ROS2 /ROS2_NAV2/src/install/turtlebot3_simulations/share/turtlebot3_simulations/local_setup.dsv
[1.355s] -- Installing: /home/ayush/Desktop/ROS2 /ROS2_NAV2/src/install/turtlebot3_simulations/share/turtlebot3_simulations/package.dsv
[1.355s] -- Installing: /home/ayush/Desktop/ROS2 /ROS2_NAV2/src/install/turtlebot3_simulations/share/ament_index/resource_index/packages/turtlebot3_simulations
[1.356s] -- Installing: /home/ayush/Desktop/ROS2 /ROS2_NAV2/src/install/turtlebot3_simulations/share/turtlebot3_simulations/cmake/turtlebot3_simulationsConfig.cmake
[1.356s] -- Installing: /home/ayush/Desktop/ROS2 /ROS2_NAV2/src/install/turtlebot3_simulations/share/turtlebot3_simulations/cmake/turtlebot3_simulationsConfig-version.cmake
[1.356s] -- Installing: /home/ayush/Desktop/ROS2 /ROS2_NAV2/src/install/turtlebot3_simulations/share/turtlebot3_simulations/package.xml
[1.359s] Invoked command in '/home/ayush/Desktop/ROS2 /ROS2_NAV2/src/build/turtlebot3_simulations' returned '0': AMENT_PREFIX_PATH=/home/ayush/Desktop/ROS2 /ROS2_NAV2/src/install/turtlebot3_gazebo:/home/ayush/Desktop/ROS2 /ROS2_NAV2/src/install/turtlebot3_fake_node:${AMENT_PREFIX_PATH} CMAKE_PREFIX_PATH=/home/ayush/Desktop/ROS2 /ROS2_NAV2/src/install/turtlebot3_gazebo:/home/ayush/Desktop/ROS2 /ROS2_NAV2/src/install/turtlebot3_fake_node:/opt/ros/humble /usr/bin/cmake --install /home/ayush/Desktop/ROS2 /ROS2_NAV2/src/build/turtlebot3_simulations
