[0.023s] Invoking command in '/home/ayush/Desktop/ROS2 /ROS2_NAV2/src/build/turtlebot3_fake_node': CMAKE_PREFIX_PATH=/opt/ros/humble /usr/bin/cmake /home/ayush/Desktop/ROS2 /ROS2_NAV2/src/turtlebot3_fake_node -DCMAKE_INSTALL_PREFIX=/home/ayush/Desktop/ROS2 /ROS2_NAV2/src/install/turtlebot3_fake_node
[0.181s] -- The C compiler identification is GNU 11.4.0
[0.316s] -- The CXX compiler identification is GNU 11.4.0
[0.336s] -- Detecting C compiler ABI info
[0.461s] -- Detecting C compiler ABI info - done
[0.476s] -- Check for working C compiler: /usr/bin/cc - skipped
[0.477s] -- Detecting C compile features
[0.479s] -- Detecting C compile features - done
[0.485s] -- Detecting CXX compiler ABI info
[0.614s] -- Detecting CXX compiler ABI info - done
[0.634s] -- Check for working CXX compiler: /usr/bin/c++ - skipped
[0.635s] -- Detecting CXX compile features
[0.636s] -- Detecting CXX compile features - done
[0.651s] -- Found ament_cmake: 1.3.11 (/opt/ros/humble/share/ament_cmake/cmake)
[0.943s] -- Found Python3: /usr/bin/python3 (found version "3.10.12") found components: Interpreter 
[1.111s] -- Found geometry_msgs: 4.2.4 (/opt/ros/humble/share/geometry_msgs/cmake)
[1.208s] -- Found rosidl_generator_c: 3.1.6 (/opt/ros/humble/share/rosidl_generator_c/cmake)
[1.219s] -- Found rosidl_adapter: 3.1.6 (/opt/ros/humble/share/rosidl_adapter/cmake)
[1.252s] -- Found rosidl_generator_cpp: 3.1.6 (/opt/ros/humble/share/rosidl_generator_cpp/cmake)
[1.337s] -- Using all available rosidl_typesupport_c: rosidl_typesupport_fastrtps_c;rosidl_typesupport_introspection_c
[1.393s] -- Using all available rosidl_typesupport_cpp: rosidl_typesupport_fastrtps_cpp;rosidl_typesupport_introspection_cpp
[1.510s] -- Found nav_msgs: 4.2.4 (/opt/ros/humble/share/nav_msgs/cmake)
[1.555s] -- Found rclcpp: 16.0.11 (/opt/ros/humble/share/rclcpp/cmake)
[1.646s] -- Found rmw_implementation_cmake: 6.1.2 (/opt/ros/humble/share/rmw_implementation_cmake/cmake)
[1.651s] -- Found rmw_cyclonedds_cpp: 1.3.4 (/opt/ros/humble/share/rmw_cyclonedds_cpp/cmake)
[1.706s] -- Using RMW implementation 'rmw_cyclonedds_cpp' as default
[1.727s] -- Looking for pthread.h
[1.854s] -- Looking for pthread.h - found
[1.854s] -- Performing Test CMAKE_HAVE_LIBC_PTHREAD
[1.981s] -- Performing Test CMAKE_HAVE_LIBC_PTHREAD - Success
[1.982s] -- Found Threads: TRUE  
[2.081s] -- Found sensor_msgs: 4.2.4 (/opt/ros/humble/share/sensor_msgs/cmake)
[2.119s] -- Found tf2: 0.25.12 (/opt/ros/humble/share/tf2/cmake)
[2.140s] -- Found tf2_msgs: 0.25.12 (/opt/ros/humble/share/tf2_msgs/cmake)
[2.244s] -- Found turtlebot3_msgs: 2.2.3 (/opt/ros/humble/share/turtlebot3_msgs/cmake)
[2.406s] -- Configuring done
[2.434s] -- Generating done
[2.446s] -- Build files have been written to: /home/ayush/Desktop/ROS2 /ROS2_NAV2/src/build/turtlebot3_fake_node
[2.463s] Invoked command in '/home/ayush/Desktop/ROS2 /ROS2_NAV2/src/build/turtlebot3_fake_node' returned '0': CMAKE_PREFIX_PATH=/opt/ros/humble /usr/bin/cmake /home/ayush/Desktop/ROS2 /ROS2_NAV2/src/turtlebot3_fake_node -DCMAKE_INSTALL_PREFIX=/home/ayush/Desktop/ROS2 /ROS2_NAV2/src/install/turtlebot3_fake_node
[2.467s] Invoking command in '/home/ayush/Desktop/ROS2 /ROS2_NAV2/src/build/turtlebot3_fake_node': CMAKE_PREFIX_PATH=/opt/ros/humble /usr/bin/cmake --build /home/ayush/Desktop/ROS2 /ROS2_NAV2/src/build/turtlebot3_fake_node -- -j8 -l8
[2.547s] [ 50%] [32mBuilding CXX object CMakeFiles/turtlebot3_fake_node.dir/src/turtlebot3_fake_node.cpp.o[0m
[28.233s] [100%] [32m[1mLinking CXX executable turtlebot3_fake_node[0m
[29.824s] [100%] Built target turtlebot3_fake_node
[29.854s] Invoked command in '/home/ayush/Desktop/ROS2 /ROS2_NAV2/src/build/turtlebot3_fake_node' returned '0': CMAKE_PREFIX_PATH=/opt/ros/humble /usr/bin/cmake --build /home/ayush/Desktop/ROS2 /ROS2_NAV2/src/build/turtlebot3_fake_node -- -j8 -l8
[29.881s] Invoking command in '/home/ayush/Desktop/ROS2 /ROS2_NAV2/src/build/turtlebot3_fake_node': CMAKE_PREFIX_PATH=/opt/ros/humble /usr/bin/cmake --install /home/ayush/Desktop/ROS2 /ROS2_NAV2/src/build/turtlebot3_fake_node
[29.902s] -- Install configuration: ""
[29.902s] -- Installing: /home/ayush/Desktop/ROS2 /ROS2_NAV2/src/install/turtlebot3_fake_node/lib/turtlebot3_fake_node/turtlebot3_fake_node
[29.907s] -- Set runtime path of "/home/ayush/Desktop/ROS2 /ROS2_NAV2/src/install/turtlebot3_fake_node/lib/turtlebot3_fake_node/turtlebot3_fake_node" to ""
[29.907s] -- Installing: /home/ayush/Desktop/ROS2 /ROS2_NAV2/src/install/turtlebot3_fake_node/share/turtlebot3_fake_node/launch
[29.908s] -- Installing: /home/ayush/Desktop/ROS2 /ROS2_NAV2/src/install/turtlebot3_fake_node/share/turtlebot3_fake_node/launch/rviz2.launch.py
[29.908s] -- Installing: /home/ayush/Desktop/ROS2 /ROS2_NAV2/src/install/turtlebot3_fake_node/share/turtlebot3_fake_node/launch/turtlebot3_fake_node.launch.py
[29.909s] -- Installing: /home/ayush/Desktop/ROS2 /ROS2_NAV2/src/install/turtlebot3_fake_node/share/turtlebot3_fake_node/param
[29.910s] -- Installing: /home/ayush/Desktop/ROS2 /ROS2_NAV2/src/install/turtlebot3_fake_node/share/turtlebot3_fake_node/param/waffle.yaml
[29.911s] -- Installing: /home/ayush/Desktop/ROS2 /ROS2_NAV2/src/install/turtlebot3_fake_node/share/turtlebot3_fake_node/param/burger.yaml
[29.912s] -- Installing: /home/ayush/Desktop/ROS2 /ROS2_NAV2/src/install/turtlebot3_fake_node/share/turtlebot3_fake_node/param/waffle_pi.yaml
[29.913s] -- Installing: /home/ayush/Desktop/ROS2 /ROS2_NAV2/src/install/turtlebot3_fake_node/include/
[29.913s] -- Installing: /home/ayush/Desktop/ROS2 /ROS2_NAV2/src/install/turtlebot3_fake_node/include//turtlebot3_fake_node
[29.914s] -- Installing: /home/ayush/Desktop/ROS2 /ROS2_NAV2/src/install/turtlebot3_fake_node/include//turtlebot3_fake_node/turtlebot3_fake_node.hpp
[29.915s] -- Installing: /home/ayush/Desktop/ROS2 /ROS2_NAV2/src/install/turtlebot3_fake_node/share/ament_index/resource_index/package_run_dependencies/turtlebot3_fake_node
[29.915s] -- Installing: /home/ayush/Desktop/ROS2 /ROS2_NAV2/src/install/turtlebot3_fake_node/share/ament_index/resource_index/parent_prefix_path/turtlebot3_fake_node
[29.916s] -- Installing: /home/ayush/Desktop/ROS2 /ROS2_NAV2/src/install/turtlebot3_fake_node/share/turtlebot3_fake_node/environment/ament_prefix_path.sh
[29.916s] -- Installing: /home/ayush/Desktop/ROS2 /ROS2_NAV2/src/install/turtlebot3_fake_node/share/turtlebot3_fake_node/environment/ament_prefix_path.dsv
[29.917s] -- Installing: /home/ayush/Desktop/ROS2 /ROS2_NAV2/src/install/turtlebot3_fake_node/share/turtlebot3_fake_node/environment/path.sh
[29.918s] -- Installing: /home/ayush/Desktop/ROS2 /ROS2_NAV2/src/install/turtlebot3_fake_node/share/turtlebot3_fake_node/environment/path.dsv
[29.924s] -- Installing: /home/ayush/Desktop/ROS2 /ROS2_NAV2/src/install/turtlebot3_fake_node/share/turtlebot3_fake_node/local_setup.bash
[29.924s] -- Installing: /home/ayush/Desktop/ROS2 /ROS2_NAV2/src/install/turtlebot3_fake_node/share/turtlebot3_fake_node/local_setup.sh
[29.924s] -- Installing: /home/ayush/Desktop/ROS2 /ROS2_NAV2/src/install/turtlebot3_fake_node/share/turtlebot3_fake_node/local_setup.zsh
[29.924s] -- Installing: /home/ayush/Desktop/ROS2 /ROS2_NAV2/src/install/turtlebot3_fake_node/share/turtlebot3_fake_node/local_setup.dsv
[29.925s] -- Installing: /home/ayush/Desktop/ROS2 /ROS2_NAV2/src/install/turtlebot3_fake_node/share/turtlebot3_fake_node/package.dsv
[29.925s] -- Installing: /home/ayush/Desktop/ROS2 /ROS2_NAV2/src/install/turtlebot3_fake_node/share/ament_index/resource_index/packages/turtlebot3_fake_node
[29.925s] -- Installing: /home/ayush/Desktop/ROS2 /ROS2_NAV2/src/install/turtlebot3_fake_node/share/turtlebot3_fake_node/cmake/ament_cmake_export_include_directories-extras.cmake
[29.925s] -- Installing: /home/ayush/Desktop/ROS2 /ROS2_NAV2/src/install/turtlebot3_fake_node/share/turtlebot3_fake_node/cmake/ament_cmake_export_dependencies-extras.cmake
[29.925s] -- Installing: /home/ayush/Desktop/ROS2 /ROS2_NAV2/src/install/turtlebot3_fake_node/share/turtlebot3_fake_node/cmake/turtlebot3_fake_nodeConfig.cmake
[29.925s] -- Installing: /home/ayush/Desktop/ROS2 /ROS2_NAV2/src/install/turtlebot3_fake_node/share/turtlebot3_fake_node/cmake/turtlebot3_fake_nodeConfig-version.cmake
[29.925s] -- Installing: /home/ayush/Desktop/ROS2 /ROS2_NAV2/src/install/turtlebot3_fake_node/share/turtlebot3_fake_node/package.xml
[29.931s] Invoked command in '/home/ayush/Desktop/ROS2 /ROS2_NAV2/src/build/turtlebot3_fake_node' returned '0': CMAKE_PREFIX_PATH=/opt/ros/humble /usr/bin/cmake --install /home/ayush/Desktop/ROS2 /ROS2_NAV2/src/build/turtlebot3_fake_node
