[0.022s] Invoking command in '/home/ayush/Desktop/ROS2 /ROS2_NAV2/src/build/turtlebot3_gazebo': CMAKE_PREFIX_PATH=/opt/ros/humble /usr/bin/cmake /home/ayush/Desktop/ROS2 /ROS2_NAV2/src/turtlebot3_gazebo -DCMAKE_INSTALL_PREFIX=/home/ayush/Desktop/ROS2 /ROS2_NAV2/src/install/turtlebot3_gazebo
[0.167s] -- The C compiler identification is GNU 11.4.0
[0.303s] -- The CXX compiler identification is GNU 11.4.0
[0.323s] -- Detecting C compiler ABI info
[0.451s] -- Detecting C compiler ABI info - done
[0.467s] -- Check for working C compiler: /usr/bin/cc - skipped
[0.467s] -- Detecting C compile features
[0.468s] -- Detecting C compile features - done
[0.472s] -- Detecting CXX compiler ABI info
[0.605s] -- Detecting CXX compiler ABI info - done
[0.626s] -- Check for working CXX compiler: /usr/bin/c++ - skipped
[0.627s] -- Detecting CXX compile features
[0.628s] -- Detecting CXX compile features - done
[0.639s] -- Found ament_cmake: 1.3.11 (/opt/ros/humble/share/ament_cmake/cmake)
[0.931s] -- Found Python3: /usr/bin/python3 (found version "3.10.12") found components: Interpreter 
[1.113s] [33mCMake Warning (dev) at /usr/share/cmake-3.22/Modules/FindPackageHandleStandardArgs.cmake:438 (message):
[1.113s]   The package name passed to `find_package_handle_standard_args` (PkgConfig)
[1.113s]   does not match the name of the calling package (gazebo).  This can lead to
[1.113s]   problems in calling code that expects `find_package` result variables
[1.113s]   (e.g., `_FOUND`) to follow a certain pattern.
[1.113s] Call Stack (most recent call first):
[1.113s]   /usr/share/cmake-3.22/Modules/FindPkgConfig.cmake:99 (find_package_handle_standard_args)
[1.114s]   /usr/lib/x86_64-linux-gnu/cmake/gazebo/gazebo-config.cmake:72 (include)
[1.114s]   CMakeLists.txt:23 (find_package)
[1.114s] This warning is for project developers.  Use -Wno-dev to suppress it.
[1.114s] [0m
[1.114s] -- Found PkgConfig: /usr/bin/pkg-config (found version "0.29.2") 
[1.124s] -- Checking for module 'bullet>=2.82'
[1.150s] --   Found bullet, version 3.05
[1.404s] -- Found fcl: /usr/include (found suitable version "0.7.0", minimum required is "0.5.0") 
[1.493s] -- Found assimp: /usr/include (found version "5.2.0") 
[1.545s] -- Found DART: /usr/include (Required is at least version "6.6") found components: dart 
[1.865s] -- Found Boost: /usr/lib/x86_64-linux-gnu/cmake/Boost-1.74.0/BoostConfig.cmake (found suitable version "1.74.0", minimum required is "1.40.0") found components: thread system filesystem program_options regex iostreams date_time 
[1.914s] -- Found Protobuf: /usr/lib/x86_64-linux-gnu/libprotobuf.so (found version "3.12.4") 
[1.924s] -- Looking for ignition-math6 -- found version 6.15.1
[1.939s] -- Searching for dependencies of ignition-math6
[1.943s] -- Looking for OGRE...
[1.944s] -- OGRE_PREFIX_WATCH changed.
[1.953s] -- Checking for module 'OGRE'
[1.974s] --   Found OGRE, version 1.9.0
[2.035s] -- Found Ogre Ghadamon (1.9.0)
[2.057s] -- Found OGRE: optimized;/usr/lib/x86_64-linux-gnu/libOgreMain.so;debug;/usr/lib/x86_64-linux-gnu/libOgreMain.so
[2.070s] -- Looking for OGRE_Paging...
[2.086s] -- Found OGRE_Paging: optimized;/usr/lib/x86_64-linux-gnu/libOgrePaging.so;debug;/usr/lib/x86_64-linux-gnu/libOgrePaging.so
[2.086s] -- Looking for OGRE_Terrain...
[2.097s] -- Found OGRE_Terrain: optimized;/usr/lib/x86_64-linux-gnu/libOgreTerrain.so;debug;/usr/lib/x86_64-linux-gnu/libOgreTerrain.so
[2.097s] -- Looking for OGRE_Property...
[2.106s] -- Found OGRE_Property: optimized;/usr/lib/x86_64-linux-gnu/libOgreProperty.so;debug;/usr/lib/x86_64-linux-gnu/libOgreProperty.so
[2.107s] -- Looking for OGRE_RTShaderSystem...
[2.121s] -- Found OGRE_RTShaderSystem: optimized;/usr/lib/x86_64-linux-gnu/libOgreRTShaderSystem.so;debug;/usr/lib/x86_64-linux-gnu/libOgreRTShaderSystem.so
[2.121s] -- Looking for OGRE_Volume...
[2.132s] -- Found OGRE_Volume: optimized;/usr/lib/x86_64-linux-gnu/libOgreVolume.so;debug;/usr/lib/x86_64-linux-gnu/libOgreVolume.so
[2.132s] -- Looking for OGRE_Overlay...
[2.142s] -- Found OGRE_Overlay: optimized;/usr/lib/x86_64-linux-gnu/libOgreOverlay.so;debug;/usr/lib/x86_64-linux-gnu/libOgreOverlay.so
[2.441s] -- Looking for ignition-math6 -- found version 6.15.1
[2.446s] -- Looking for ignition-transport8 -- found version 8.2.1
[2.447s] -- Searching for dependencies of ignition-transport8
[2.485s] -- Found Protobuf: /usr/lib/x86_64-linux-gnu/libprotobuf.so (found suitable version "3.12.4", minimum required is "3") 
[2.507s] -- Checking for module 'uuid'
[2.533s] --   Found uuid, version 2.37.2
[2.601s] -- Found UUID: TRUE  
[2.606s] -- Looking for ignition-msgs5 -- found version 5.8.1
[2.609s] -- Searching for dependencies of ignition-msgs5
[2.645s] -- Looking for ignition-math6 -- found version 6.15.1
[2.652s] -- Checking for module 'tinyxml2'
[2.677s] --   Found tinyxml2, version 9.0.0
[2.733s] -- Looking for ignition-msgs5 -- found version 5.8.1
[2.740s] -- Looking for ignition-common3 -- found version 3.14.0
[2.740s] -- Searching for dependencies of ignition-common3
[2.741s] -- Looking for dlfcn.h - found
[2.743s] -- Looking for libdl - found
[2.745s] -- Found DL: TRUE  
[2.774s] -- Found tinyobjloader: /usr/lib/x86_64-linux-gnu/cmake/tinyobjloader/tinyobjloader-config.cmake (found version "2.0.0") 
[2.775s] -- Searching for <ignition-common3> component [graphics]
[2.779s] -- Looking for ignition-common3-graphics -- found version 3.14.0
[2.779s] -- Searching for dependencies of ignition-common3-graphics
[2.780s] -- Looking for ignition-math6 -- found version 6.15.1
[2.786s] -- Looking for ignition-fuel_tools4 -- found version 4.4.0
[2.786s] -- Searching for dependencies of ignition-fuel_tools4
[2.916s] -- Found CURL: /usr/lib/x86_64-linux-gnu/libcurl.so (found version "7.81.0")  
[2.936s] -- Checking for module 'jsoncpp'
[2.959s] --   Found jsoncpp, version 1.9.5
[3.019s] -- Found JSONCPP: TRUE  
[3.033s] -- Checking for module 'libzip'
[3.058s] --   Found libzip, version 1.7.3
[3.119s] -- Found ZIP: TRUE  
[3.120s] -- Looking for ignition-common3 -- found version 3.14.0
[3.121s] -- Looking for ignition-math6 -- found version 6.15.1
[3.122s] -- Looking for ignition-msgs5 -- found version 5.8.1
[3.133s] -- Found gazebo_ros_pkgs: 3.9.0 (/opt/ros/humble/share/gazebo_ros_pkgs/cmake)
[3.137s] -- Found geometry_msgs: 4.2.4 (/opt/ros/humble/share/geometry_msgs/cmake)
[3.190s] -- Found rosidl_generator_c: 3.1.6 (/opt/ros/humble/share/rosidl_generator_c/cmake)
[3.201s] -- Found rosidl_adapter: 3.1.6 (/opt/ros/humble/share/rosidl_adapter/cmake)
[3.218s] -- Found rosidl_generator_cpp: 3.1.6 (/opt/ros/humble/share/rosidl_generator_cpp/cmake)
[3.250s] -- Using all available rosidl_typesupport_c: rosidl_typesupport_fastrtps_c;rosidl_typesupport_introspection_c
[3.294s] -- Using all available rosidl_typesupport_cpp: rosidl_typesupport_fastrtps_cpp;rosidl_typesupport_introspection_cpp
[3.411s] -- Found nav_msgs: 4.2.4 (/opt/ros/humble/share/nav_msgs/cmake)
[3.460s] -- Found rclcpp: 16.0.11 (/opt/ros/humble/share/rclcpp/cmake)
[3.554s] -- Found rmw_implementation_cmake: 6.1.2 (/opt/ros/humble/share/rmw_implementation_cmake/cmake)
[3.560s] -- Found rmw_cyclonedds_cpp: 1.3.4 (/opt/ros/humble/share/rmw_cyclonedds_cpp/cmake)
[3.612s] -- Using RMW implementation 'rmw_cyclonedds_cpp' as default
[3.633s] -- Found Threads: TRUE  
[3.735s] -- Found sensor_msgs: 4.2.4 (/opt/ros/humble/share/sensor_msgs/cmake)
[3.769s] -- Found tf2: 0.25.12 (/opt/ros/humble/share/tf2/cmake)
[3.908s] -- Configuring done
[3.984s] -- Generating done
[3.996s] -- Build files have been written to: /home/ayush/Desktop/ROS2 /ROS2_NAV2/src/build/turtlebot3_gazebo
[4.022s] Invoked command in '/home/ayush/Desktop/ROS2 /ROS2_NAV2/src/build/turtlebot3_gazebo' returned '0': CMAKE_PREFIX_PATH=/opt/ros/humble /usr/bin/cmake /home/ayush/Desktop/ROS2 /ROS2_NAV2/src/turtlebot3_gazebo -DCMAKE_INSTALL_PREFIX=/home/ayush/Desktop/ROS2 /ROS2_NAV2/src/install/turtlebot3_gazebo
[4.024s] Invoking command in '/home/ayush/Desktop/ROS2 /ROS2_NAV2/src/build/turtlebot3_gazebo': CMAKE_PREFIX_PATH=/opt/ros/humble /usr/bin/cmake --build /home/ayush/Desktop/ROS2 /ROS2_NAV2/src/build/turtlebot3_gazebo -- -j8 -l8
[4.120s] [ 12%] [32mBuilding CXX object CMakeFiles/obstacle2.dir/models/turtlebot3_dqn_world/obstacle_plugin/obstacle2.cc.o[0m
[4.122s] [ 25%] [32mBuilding CXX object CMakeFiles/turtlebot3_drive.dir/src/turtlebot3_drive.cpp.o[0m
[4.124s] [ 37%] [32mBuilding CXX object CMakeFiles/obstacles.dir/models/turtlebot3_dqn_world/obstacle_plugin/obstacles.cc.o[0m
[4.124s] [ 50%] [32mBuilding CXX object CMakeFiles/obstacle1.dir/models/turtlebot3_dqn_world/obstacle_plugin/obstacle1.cc.o[0m
[34.621s] [ 62%] [32m[1mLinking CXX shared library libobstacle1.so[0m
[34.823s] [ 75%] [32m[1mLinking CXX shared library libobstacles.so[0m
[34.823s] [ 87%] [32m[1mLinking CXX shared library libobstacle2.so[0m
[35.538s] [100%] [32m[1mLinking CXX executable turtlebot3_drive[0m
[35.575s] [100%] Built target obstacle1
[35.649s] [100%] Built target obstacles
[35.656s] [100%] Built target obstacle2
[36.668s] [100%] Built target turtlebot3_drive
[36.688s] Invoked command in '/home/ayush/Desktop/ROS2 /ROS2_NAV2/src/build/turtlebot3_gazebo' returned '0': CMAKE_PREFIX_PATH=/opt/ros/humble /usr/bin/cmake --build /home/ayush/Desktop/ROS2 /ROS2_NAV2/src/build/turtlebot3_gazebo -- -j8 -l8
[36.691s] Invoking command in '/home/ayush/Desktop/ROS2 /ROS2_NAV2/src/build/turtlebot3_gazebo': CMAKE_PREFIX_PATH=/opt/ros/humble /usr/bin/cmake --install /home/ayush/Desktop/ROS2 /ROS2_NAV2/src/build/turtlebot3_gazebo
[36.701s] -- Install configuration: ""
[36.701s] -- Installing: /home/ayush/Desktop/ROS2 /ROS2_NAV2/src/install/turtlebot3_gazebo/lib/turtlebot3_gazebo/turtlebot3_drive
[36.708s] -- Set runtime path of "/home/ayush/Desktop/ROS2 /ROS2_NAV2/src/install/turtlebot3_gazebo/lib/turtlebot3_gazebo/turtlebot3_drive" to ""
[36.708s] -- Installing: /home/ayush/Desktop/ROS2 /ROS2_NAV2/src/install/turtlebot3_gazebo/share/turtlebot3_gazebo//launch
[36.709s] -- Installing: /home/ayush/Desktop/ROS2 /ROS2_NAV2/src/install/turtlebot3_gazebo/share/turtlebot3_gazebo//launch/turtlebot3_dqn_stage2.launch.py
[36.709s] -- Installing: /home/ayush/Desktop/ROS2 /ROS2_NAV2/src/install/turtlebot3_gazebo/share/turtlebot3_gazebo//launch/turtlebot3_dqn_stage1.launch.py
[36.709s] -- Installing: /home/ayush/Desktop/ROS2 /ROS2_NAV2/src/install/turtlebot3_gazebo/share/turtlebot3_gazebo//launch/turtlebot3_my_world.launch.py
[36.709s] -- Installing: /home/ayush/Desktop/ROS2 /ROS2_NAV2/src/install/turtlebot3_gazebo/share/turtlebot3_gazebo//launch/turtlebot3_dqn_stage3.launch.py
[36.710s] -- Installing: /home/ayush/Desktop/ROS2 /ROS2_NAV2/src/install/turtlebot3_gazebo/share/turtlebot3_gazebo//launch/spawn_turtlebot3.launch.py
[36.710s] -- Installing: /home/ayush/Desktop/ROS2 /ROS2_NAV2/src/install/turtlebot3_gazebo/share/turtlebot3_gazebo//launch/turtlebot3_dqn_stage4.launch.py
[36.710s] -- Installing: /home/ayush/Desktop/ROS2 /ROS2_NAV2/src/install/turtlebot3_gazebo/share/turtlebot3_gazebo//launch/robot_state_publisher.launch.py
[36.710s] -- Installing: /home/ayush/Desktop/ROS2 /ROS2_NAV2/src/install/turtlebot3_gazebo/share/turtlebot3_gazebo//launch/turtlebot3_house.launch.py
[36.710s] -- Installing: /home/ayush/Desktop/ROS2 /ROS2_NAV2/src/install/turtlebot3_gazebo/share/turtlebot3_gazebo//launch/turtlebot3_world.launch.py
[36.710s] -- Installing: /home/ayush/Desktop/ROS2 /ROS2_NAV2/src/install/turtlebot3_gazebo/share/turtlebot3_gazebo//launch/empty_world.launch.py
[36.711s] -- Installing: /home/ayush/Desktop/ROS2 /ROS2_NAV2/src/install/turtlebot3_gazebo/share/turtlebot3_gazebo//models
[36.711s] -- Installing: /home/ayush/Desktop/ROS2 /ROS2_NAV2/src/install/turtlebot3_gazebo/share/turtlebot3_gazebo//models/turtlebot3_waffle
[36.711s] -- Installing: /home/ayush/Desktop/ROS2 /ROS2_NAV2/src/install/turtlebot3_gazebo/share/turtlebot3_gazebo//models/turtlebot3_waffle/model-1_4.sdf
[36.712s] -- Installing: /home/ayush/Desktop/ROS2 /ROS2_NAV2/src/install/turtlebot3_gazebo/share/turtlebot3_gazebo//models/turtlebot3_waffle/model.config
[36.712s] -- Installing: /home/ayush/Desktop/ROS2 /ROS2_NAV2/src/install/turtlebot3_gazebo/share/turtlebot3_gazebo//models/turtlebot3_waffle/model.sdf
[36.713s] -- Installing: /home/ayush/Desktop/ROS2 /ROS2_NAV2/src/install/turtlebot3_gazebo/share/turtlebot3_gazebo//models/turtlebot3_house
[36.713s] -- Installing: /home/ayush/Desktop/ROS2 /ROS2_NAV2/src/install/turtlebot3_gazebo/share/turtlebot3_gazebo//models/turtlebot3_house/model.config
[36.713s] -- Installing: /home/ayush/Desktop/ROS2 /ROS2_NAV2/src/install/turtlebot3_gazebo/share/turtlebot3_gazebo//models/turtlebot3_house/model.sdf
[36.715s] -- Installing: /home/ayush/Desktop/ROS2 /ROS2_NAV2/src/install/turtlebot3_gazebo/share/turtlebot3_gazebo//models/turtlebot3_dqn_world
[36.715s] -- Installing: /home/ayush/Desktop/ROS2 /ROS2_NAV2/src/install/turtlebot3_gazebo/share/turtlebot3_gazebo//models/turtlebot3_dqn_world/obstacle2
[36.715s] -- Installing: /home/ayush/Desktop/ROS2 /ROS2_NAV2/src/install/turtlebot3_gazebo/share/turtlebot3_gazebo//models/turtlebot3_dqn_world/obstacle2/model.config
[36.715s] -- Installing: /home/ayush/Desktop/ROS2 /ROS2_NAV2/src/install/turtlebot3_gazebo/share/turtlebot3_gazebo//models/turtlebot3_dqn_world/obstacle2/model.sdf
[36.716s] -- Installing: /home/ayush/Desktop/ROS2 /ROS2_NAV2/src/install/turtlebot3_gazebo/share/turtlebot3_gazebo//models/turtlebot3_dqn_world/obstacle_plugin
[36.716s] -- Installing: /home/ayush/Desktop/ROS2 /ROS2_NAV2/src/install/turtlebot3_gazebo/share/turtlebot3_gazebo//models/turtlebot3_dqn_world/obstacle_plugin/obstacle2.cc
[36.716s] -- Installing: /home/ayush/Desktop/ROS2 /ROS2_NAV2/src/install/turtlebot3_gazebo/share/turtlebot3_gazebo//models/turtlebot3_dqn_world/obstacle_plugin/CMakeLists.txt
[36.717s] -- Installing: /home/ayush/Desktop/ROS2 /ROS2_NAV2/src/install/turtlebot3_gazebo/share/turtlebot3_gazebo//models/turtlebot3_dqn_world/obstacle_plugin/obstacles.cc
[36.718s] -- Installing: /home/ayush/Desktop/ROS2 /ROS2_NAV2/src/install/turtlebot3_gazebo/share/turtlebot3_gazebo//models/turtlebot3_dqn_world/obstacle_plugin/obstacle1.cc
[36.719s] -- Installing: /home/ayush/Desktop/ROS2 /ROS2_NAV2/src/install/turtlebot3_gazebo/share/turtlebot3_gazebo//models/turtlebot3_dqn_world/model.config
[36.719s] -- Installing: /home/ayush/Desktop/ROS2 /ROS2_NAV2/src/install/turtlebot3_gazebo/share/turtlebot3_gazebo//models/turtlebot3_dqn_world/goal_box
[36.719s] -- Installing: /home/ayush/Desktop/ROS2 /ROS2_NAV2/src/install/turtlebot3_gazebo/share/turtlebot3_gazebo//models/turtlebot3_dqn_world/goal_box/model.config
[36.720s] -- Installing: /home/ayush/Desktop/ROS2 /ROS2_NAV2/src/install/turtlebot3_gazebo/share/turtlebot3_gazebo//models/turtlebot3_dqn_world/goal_box/model.sdf
[36.720s] -- Installing: /home/ayush/Desktop/ROS2 /ROS2_NAV2/src/install/turtlebot3_gazebo/share/turtlebot3_gazebo//models/turtlebot3_dqn_world/model.sdf
[36.721s] -- Installing: /home/ayush/Desktop/ROS2 /ROS2_NAV2/src/install/turtlebot3_gazebo/share/turtlebot3_gazebo//models/turtlebot3_dqn_world/obstacle1
[36.721s] -- Installing: /home/ayush/Desktop/ROS2 /ROS2_NAV2/src/install/turtlebot3_gazebo/share/turtlebot3_gazebo//models/turtlebot3_dqn_world/obstacle1/model.config
[36.722s] -- Installing: /home/ayush/Desktop/ROS2 /ROS2_NAV2/src/install/turtlebot3_gazebo/share/turtlebot3_gazebo//models/turtlebot3_dqn_world/obstacle1/model.sdf
[36.722s] -- Installing: /home/ayush/Desktop/ROS2 /ROS2_NAV2/src/install/turtlebot3_gazebo/share/turtlebot3_gazebo//models/turtlebot3_dqn_world/inner_walls
[36.722s] -- Installing: /home/ayush/Desktop/ROS2 /ROS2_NAV2/src/install/turtlebot3_gazebo/share/turtlebot3_gazebo//models/turtlebot3_dqn_world/inner_walls/model.config
[36.723s] -- Installing: /home/ayush/Desktop/ROS2 /ROS2_NAV2/src/install/turtlebot3_gazebo/share/turtlebot3_gazebo//models/turtlebot3_dqn_world/inner_walls/model.sdf
[36.723s] -- Installing: /home/ayush/Desktop/ROS2 /ROS2_NAV2/src/install/turtlebot3_gazebo/share/turtlebot3_gazebo//models/turtlebot3_dqn_world/obstacles
[36.723s] -- Installing: /home/ayush/Desktop/ROS2 /ROS2_NAV2/src/install/turtlebot3_gazebo/share/turtlebot3_gazebo//models/turtlebot3_dqn_world/obstacles/model.config
[36.723s] -- Installing: /home/ayush/Desktop/ROS2 /ROS2_NAV2/src/install/turtlebot3_gazebo/share/turtlebot3_gazebo//models/turtlebot3_dqn_world/obstacles/model.sdf
[36.724s] -- Installing: /home/ayush/Desktop/ROS2 /ROS2_NAV2/src/install/turtlebot3_gazebo/share/turtlebot3_gazebo//models/turtlebot3_waffle_pi
[36.724s] -- Installing: /home/ayush/Desktop/ROS2 /ROS2_NAV2/src/install/turtlebot3_gazebo/share/turtlebot3_gazebo//models/turtlebot3_waffle_pi/model.config
[36.724s] -- Installing: /home/ayush/Desktop/ROS2 /ROS2_NAV2/src/install/turtlebot3_gazebo/share/turtlebot3_gazebo//models/turtlebot3_waffle_pi/model-1_4_.sdf
[36.725s] -- Installing: /home/ayush/Desktop/ROS2 /ROS2_NAV2/src/install/turtlebot3_gazebo/share/turtlebot3_gazebo//models/turtlebot3_waffle_pi/model.sdf
[36.725s] -- Installing: /home/ayush/Desktop/ROS2 /ROS2_NAV2/src/install/turtlebot3_gazebo/share/turtlebot3_gazebo//models/turtlebot3_burger
[36.725s] -- Installing: /home/ayush/Desktop/ROS2 /ROS2_NAV2/src/install/turtlebot3_gazebo/share/turtlebot3_gazebo//models/turtlebot3_burger/model-1_4.sdf
[36.726s] -- Installing: /home/ayush/Desktop/ROS2 /ROS2_NAV2/src/install/turtlebot3_gazebo/share/turtlebot3_gazebo//models/turtlebot3_burger/model.config
[36.726s] -- Installing: /home/ayush/Desktop/ROS2 /ROS2_NAV2/src/install/turtlebot3_gazebo/share/turtlebot3_gazebo//models/turtlebot3_burger/model.sdf
[36.727s] -- Installing: /home/ayush/Desktop/ROS2 /ROS2_NAV2/src/install/turtlebot3_gazebo/share/turtlebot3_gazebo//models/turtlebot3_world
[36.727s] -- Installing: /home/ayush/Desktop/ROS2 /ROS2_NAV2/src/install/turtlebot3_gazebo/share/turtlebot3_gazebo//models/turtlebot3_world/model-1_4.sdf
[36.727s] -- Installing: /home/ayush/Desktop/ROS2 /ROS2_NAV2/src/install/turtlebot3_gazebo/share/turtlebot3_gazebo//models/turtlebot3_world/model.config
[36.727s] -- Installing: /home/ayush/Desktop/ROS2 /ROS2_NAV2/src/install/turtlebot3_gazebo/share/turtlebot3_gazebo//models/turtlebot3_world/model.sdf
[36.728s] -- Installing: /home/ayush/Desktop/ROS2 /ROS2_NAV2/src/install/turtlebot3_gazebo/share/turtlebot3_gazebo//models/turtlebot3_world/meshes
[36.729s] -- Installing: /home/ayush/Desktop/ROS2 /ROS2_NAV2/src/install/turtlebot3_gazebo/share/turtlebot3_gazebo//models/turtlebot3_world/meshes/wall.dae
[36.730s] -- Installing: /home/ayush/Desktop/ROS2 /ROS2_NAV2/src/install/turtlebot3_gazebo/share/turtlebot3_gazebo//models/turtlebot3_world/meshes/hexagon.dae
[36.730s] -- Installing: /home/ayush/Desktop/ROS2 /ROS2_NAV2/src/install/turtlebot3_gazebo/share/turtlebot3_gazebo//models/turtlebot3_common
[36.730s] -- Installing: /home/ayush/Desktop/ROS2 /ROS2_NAV2/src/install/turtlebot3_gazebo/share/turtlebot3_gazebo//models/turtlebot3_common/model.config
[36.730s] -- Installing: /home/ayush/Desktop/ROS2 /ROS2_NAV2/src/install/turtlebot3_gazebo/share/turtlebot3_gazebo//models/turtlebot3_common/meshes
[36.731s] -- Installing: /home/ayush/Desktop/ROS2 /ROS2_NAV2/src/install/turtlebot3_gazebo/share/turtlebot3_gazebo//models/turtlebot3_common/meshes/r200.dae
[36.732s] -- Installing: /home/ayush/Desktop/ROS2 /ROS2_NAV2/src/install/turtlebot3_gazebo/share/turtlebot3_gazebo//models/turtlebot3_common/meshes/lds.dae
[36.732s] -- Installing: /home/ayush/Desktop/ROS2 /ROS2_NAV2/src/install/turtlebot3_gazebo/share/turtlebot3_gazebo//models/turtlebot3_common/meshes/burger_base.dae
[36.733s] -- Installing: /home/ayush/Desktop/ROS2 /ROS2_NAV2/src/install/turtlebot3_gazebo/share/turtlebot3_gazebo//models/turtlebot3_common/meshes/tire.dae
[36.733s] -- Installing: /home/ayush/Desktop/ROS2 /ROS2_NAV2/src/install/turtlebot3_gazebo/share/turtlebot3_gazebo//models/turtlebot3_common/meshes/waffle_pi_base.dae
[36.733s] -- Installing: /home/ayush/Desktop/ROS2 /ROS2_NAV2/src/install/turtlebot3_gazebo/share/turtlebot3_gazebo//models/turtlebot3_common/meshes/waffle_base.dae
[36.733s] -- Installing: /home/ayush/Desktop/ROS2 /ROS2_NAV2/src/install/turtlebot3_gazebo/share/turtlebot3_gazebo//rviz
[36.733s] -- Installing: /home/ayush/Desktop/ROS2 /ROS2_NAV2/src/install/turtlebot3_gazebo/share/turtlebot3_gazebo//rviz/tb3_gazebo.rviz
[36.734s] -- Installing: /home/ayush/Desktop/ROS2 /ROS2_NAV2/src/install/turtlebot3_gazebo/share/turtlebot3_gazebo//urdf
[36.734s] -- Installing: /home/ayush/Desktop/ROS2 /ROS2_NAV2/src/install/turtlebot3_gazebo/share/turtlebot3_gazebo//urdf/common_properties.urdf
[36.734s] -- Installing: /home/ayush/Desktop/ROS2 /ROS2_NAV2/src/install/turtlebot3_gazebo/share/turtlebot3_gazebo//urdf/turtlebot3_waffle_pi.urdf
[36.735s] -- Installing: /home/ayush/Desktop/ROS2 /ROS2_NAV2/src/install/turtlebot3_gazebo/share/turtlebot3_gazebo//urdf/turtlebot3_burger.urdf
[36.735s] -- Installing: /home/ayush/Desktop/ROS2 /ROS2_NAV2/src/install/turtlebot3_gazebo/share/turtlebot3_gazebo//urdf/turtlebot3_waffle.urdf
[36.735s] -- Installing: /home/ayush/Desktop/ROS2 /ROS2_NAV2/src/install/turtlebot3_gazebo/share/turtlebot3_gazebo//worlds
[36.735s] -- Installing: /home/ayush/Desktop/ROS2 /ROS2_NAV2/src/install/turtlebot3_gazebo/share/turtlebot3_gazebo//worlds/turtlebot3_dqn_stage1.world
[36.735s] -- Installing: /home/ayush/Desktop/ROS2 /ROS2_NAV2/src/install/turtlebot3_gazebo/share/turtlebot3_gazebo//worlds/my_world.world
[36.736s] -- Installing: /home/ayush/Desktop/ROS2 /ROS2_NAV2/src/install/turtlebot3_gazebo/share/turtlebot3_gazebo//worlds/empty_world.world
[36.737s] -- Installing: /home/ayush/Desktop/ROS2 /ROS2_NAV2/src/install/turtlebot3_gazebo/share/turtlebot3_gazebo//worlds/turtlebot3_world.world
[36.737s] -- Installing: /home/ayush/Desktop/ROS2 /ROS2_NAV2/src/install/turtlebot3_gazebo/share/turtlebot3_gazebo//worlds/turtlebot3_dqn_stage4.world
[36.738s] -- Installing: /home/ayush/Desktop/ROS2 /ROS2_NAV2/src/install/turtlebot3_gazebo/share/turtlebot3_gazebo//worlds/turtlebot3_dqn_stage3.world
[36.738s] -- Installing: /home/ayush/Desktop/ROS2 /ROS2_NAV2/src/install/turtlebot3_gazebo/share/turtlebot3_gazebo//worlds/turtlebot3_dqn_stage2.world
[36.739s] -- Installing: /home/ayush/Desktop/ROS2 /ROS2_NAV2/src/install/turtlebot3_gazebo/share/turtlebot3_gazebo//worlds/turtlebot3_house.world
[36.740s] -- Installing: /home/ayush/Desktop/ROS2 /ROS2_NAV2/src/install/turtlebot3_gazebo/include/
[36.740s] -- Installing: /home/ayush/Desktop/ROS2 /ROS2_NAV2/src/install/turtlebot3_gazebo/include//turtlebot3_gazebo
[36.741s] -- Installing: /home/ayush/Desktop/ROS2 /ROS2_NAV2/src/install/turtlebot3_gazebo/include//turtlebot3_gazebo/turtlebot3_drive.hpp
[36.741s] -- Installing: /home/ayush/Desktop/ROS2 /ROS2_NAV2/src/install/turtlebot3_gazebo/share/ament_index/resource_index/package_run_dependencies/turtlebot3_gazebo
[36.741s] -- Installing: /home/ayush/Desktop/ROS2 /ROS2_NAV2/src/install/turtlebot3_gazebo/share/ament_index/resource_index/parent_prefix_path/turtlebot3_gazebo
[36.743s] -- Installing: /home/ayush/Desktop/ROS2 /ROS2_NAV2/src/install/turtlebot3_gazebo/share/turtlebot3_gazebo/environment/ament_prefix_path.sh
[36.743s] -- Installing: /home/ayush/Desktop/ROS2 /ROS2_NAV2/src/install/turtlebot3_gazebo/share/turtlebot3_gazebo/environment/ament_prefix_path.dsv
[36.743s] -- Installing: /home/ayush/Desktop/ROS2 /ROS2_NAV2/src/install/turtlebot3_gazebo/share/turtlebot3_gazebo/environment/path.sh
[36.743s] -- Installing: /home/ayush/Desktop/ROS2 /ROS2_NAV2/src/install/turtlebot3_gazebo/share/turtlebot3_gazebo/environment/path.dsv
[36.744s] -- Installing: /home/ayush/Desktop/ROS2 /ROS2_NAV2/src/install/turtlebot3_gazebo/share/turtlebot3_gazebo/local_setup.bash
[36.744s] -- Installing: /home/ayush/Desktop/ROS2 /ROS2_NAV2/src/install/turtlebot3_gazebo/share/turtlebot3_gazebo/local_setup.sh
[36.744s] -- Installing: /home/ayush/Desktop/ROS2 /ROS2_NAV2/src/install/turtlebot3_gazebo/share/turtlebot3_gazebo/local_setup.zsh
[36.744s] -- Installing: /home/ayush/Desktop/ROS2 /ROS2_NAV2/src/install/turtlebot3_gazebo/share/turtlebot3_gazebo/local_setup.dsv
[36.744s] -- Installing: /home/ayush/Desktop/ROS2 /ROS2_NAV2/src/install/turtlebot3_gazebo/share/turtlebot3_gazebo/package.dsv
[36.745s] -- Installing: /home/ayush/Desktop/ROS2 /ROS2_NAV2/src/install/turtlebot3_gazebo/share/ament_index/resource_index/packages/turtlebot3_gazebo
[36.745s] -- Installing: /home/ayush/Desktop/ROS2 /ROS2_NAV2/src/install/turtlebot3_gazebo/share/turtlebot3_gazebo/cmake/ament_cmake_export_include_directories-extras.cmake
[36.745s] -- Installing: /home/ayush/Desktop/ROS2 /ROS2_NAV2/src/install/turtlebot3_gazebo/share/turtlebot3_gazebo/cmake/ament_cmake_export_dependencies-extras.cmake
[36.745s] -- Installing: /home/ayush/Desktop/ROS2 /ROS2_NAV2/src/install/turtlebot3_gazebo/share/turtlebot3_gazebo/cmake/turtlebot3_gazeboConfig.cmake
[36.745s] -- Installing: /home/ayush/Desktop/ROS2 /ROS2_NAV2/src/install/turtlebot3_gazebo/share/turtlebot3_gazebo/cmake/turtlebot3_gazeboConfig-version.cmake
[36.746s] -- Installing: /home/ayush/Desktop/ROS2 /ROS2_NAV2/src/install/turtlebot3_gazebo/share/turtlebot3_gazebo/package.xml
[36.751s] Invoked command in '/home/ayush/Desktop/ROS2 /ROS2_NAV2/src/build/turtlebot3_gazebo' returned '0': CMAKE_PREFIX_PATH=/opt/ros/humble /usr/bin/cmake --install /home/ayush/Desktop/ROS2 /ROS2_NAV2/src/build/turtlebot3_gazebo
