[0.015s] Invoking command in '/home/ayush/Desktop/ROS2 /ROS2_NAV2/build/turtlebot3_gazebo': CMAKE_PREFIX_PATH=/opt/ros/humble /usr/bin/cmake --build /home/ayush/Desktop/ROS2 /ROS2_NAV2/build/turtlebot3_gazebo -- -j8 -l8
[0.041s] -- Found ament_cmake: 1.3.11 (/opt/ros/humble/share/ament_cmake/cmake)
[0.182s] [33mCMake Warning (dev) at /usr/share/cmake-3.22/Modules/FindPackageHandleStandardArgs.cmake:438 (message):
[0.182s]   The package name passed to `find_package_handle_standard_args` (PkgConfig)
[0.182s]   does not match the name of the calling package (gazebo).  This can lead to
[0.182s]   problems in calling code that expects `find_package` result variables
[0.182s]   (e.g., `_FOUND`) to follow a certain pattern.
[0.182s] Call Stack (most recent call first):
[0.183s]   /usr/share/cmake-3.22/Modules/FindPkgConfig.cmake:99 (find_package_handle_standard_args)
[0.183s]   /usr/lib/x86_64-linux-gnu/cmake/gazebo/gazebo-config.cmake:72 (include)
[0.183s]   CMakeLists.txt:23 (find_package)
[0.183s] This warning is for project developers.  Use -Wno-dev to suppress it.
[0.183s] [0m
[0.223s] -- Found DART: /usr/include (Required is at least version "6.6") found components: dart 
[0.266s] -- Found Protobuf: /usr/lib/x86_64-linux-gnu/libprotobuf.so (found version "3.12.4") 
[0.268s] -- Looking for ignition-math6 -- found version 6.15.1
[0.276s] -- Searching for dependencies of ignition-math6
[0.278s] -- Looking for OGRE...
[0.284s] -- Found Ogre Ghadamon (1.9.0)
[0.285s] -- Found OGRE: optimized;/usr/lib/x86_64-linux-gnu/libOgreMain.so;debug;/usr/lib/x86_64-linux-gnu/libOgreMain.so
[0.295s] -- Looking for OGRE_Paging...
[0.295s] -- Found OGRE_Paging: optimized;/usr/lib/x86_64-linux-gnu/libOgrePaging.so;debug;/usr/lib/x86_64-linux-gnu/libOgrePaging.so
[0.295s] -- Looking for OGRE_Terrain...
[0.295s] -- Found OGRE_Terrain: optimized;/usr/lib/x86_64-linux-gnu/libOgreTerrain.so;debug;/usr/lib/x86_64-linux-gnu/libOgreTerrain.so
[0.295s] -- Looking for OGRE_Property...
[0.295s] -- Found OGRE_Property: optimized;/usr/lib/x86_64-linux-gnu/libOgreProperty.so;debug;/usr/lib/x86_64-linux-gnu/libOgreProperty.so
[0.296s] -- Looking for OGRE_RTShaderSystem...
[0.296s] -- Found OGRE_RTShaderSystem: optimized;/usr/lib/x86_64-linux-gnu/libOgreRTShaderSystem.so;debug;/usr/lib/x86_64-linux-gnu/libOgreRTShaderSystem.so
[0.296s] -- Looking for OGRE_Volume...
[0.296s] -- Found OGRE_Volume: optimized;/usr/lib/x86_64-linux-gnu/libOgreVolume.so;debug;/usr/lib/x86_64-linux-gnu/libOgreVolume.so
[0.296s] -- Looking for OGRE_Overlay...
[0.296s] -- Found OGRE_Overlay: optimized;/usr/lib/x86_64-linux-gnu/libOgreOverlay.so;debug;/usr/lib/x86_64-linux-gnu/libOgreOverlay.so
[0.442s] -- Looking for ignition-math6 -- found version 6.15.1
[0.443s] -- Looking for ignition-transport8 -- found version 8.2.1
[0.444s] -- Searching for dependencies of ignition-transport8
[0.474s] -- Found Protobuf: /usr/lib/x86_64-linux-gnu/libprotobuf.so (found suitable version "3.12.4", minimum required is "3") 
[0.481s] -- Checking for module 'uuid'
[0.494s] --   Found uuid, version 2.37.2
[0.528s] -- Looking for ignition-msgs5 -- found version 5.8.1
[0.529s] -- Searching for dependencies of ignition-msgs5
[0.556s] -- Looking for ignition-math6 -- found version 6.15.1
[0.563s] -- Checking for module 'tinyxml2'
[0.579s] --   Found tinyxml2, version 9.0.0
[0.614s] -- Looking for ignition-msgs5 -- found version 5.8.1
[0.615s] -- Looking for ignition-common3 -- found version 3.14.0
[0.616s] -- Searching for dependencies of ignition-common3
[0.616s] -- Looking for dlfcn.h - found
[0.616s] -- Looking for libdl - found
[0.630s] -- Searching for <ignition-common3> component [graphics]
[0.631s] -- Looking for ignition-common3-graphics -- found version 3.14.0
[0.631s] -- Searching for dependencies of ignition-common3-graphics
[0.632s] -- Looking for ignition-math6 -- found version 6.15.1
[0.634s] -- Looking for ignition-fuel_tools4 -- found version 4.4.0
[0.635s] -- Searching for dependencies of ignition-fuel_tools4
[0.685s] -- Checking for module 'jsoncpp'
[0.698s] --   Found jsoncpp, version 1.9.5
[0.739s] -- Checking for module 'libzip'
[0.754s] --   Found libzip, version 1.7.3
[0.792s] -- Looking for ignition-common3 -- found version 3.14.0
[0.793s] -- Looking for ignition-math6 -- found version 6.15.1
[0.793s] -- Looking for ignition-msgs5 -- found version 5.8.1
[0.798s] -- Found gazebo_ros_pkgs: 3.9.0 (/opt/ros/humble/share/gazebo_ros_pkgs/cmake)
[0.799s] -- Found geometry_msgs: 4.2.4 (/opt/ros/humble/share/geometry_msgs/cmake)
[0.823s] -- Found rosidl_generator_c: 3.1.6 (/opt/ros/humble/share/rosidl_generator_c/cmake)
[0.826s] -- Found rosidl_adapter: 3.1.6 (/opt/ros/humble/share/rosidl_adapter/cmake)
[0.833s] -- Found rosidl_generator_cpp: 3.1.6 (/opt/ros/humble/share/rosidl_generator_cpp/cmake)
[0.845s] -- Using all available rosidl_typesupport_c: rosidl_typesupport_fastrtps_c;rosidl_typesupport_introspection_c
[0.858s] -- Using all available rosidl_typesupport_cpp: rosidl_typesupport_fastrtps_cpp;rosidl_typesupport_introspection_cpp
[0.900s] -- Found nav_msgs: 4.2.4 (/opt/ros/humble/share/nav_msgs/cmake)
[0.919s] -- Found rclcpp: 16.0.11 (/opt/ros/humble/share/rclcpp/cmake)
[0.949s] -- Found rmw_implementation_cmake: 6.1.2 (/opt/ros/humble/share/rmw_implementation_cmake/cmake)
[0.949s] -- Found rmw_cyclonedds_cpp: 1.3.4 (/opt/ros/humble/share/rmw_cyclonedds_cpp/cmake)
[0.969s] -- Using RMW implementation 'rmw_cyclonedds_cpp' as default
[1.012s] -- Found sensor_msgs: 4.2.4 (/opt/ros/humble/share/sensor_msgs/cmake)
[1.033s] -- Found tf2: 0.25.12 (/opt/ros/humble/share/tf2/cmake)
[1.116s] -- Configuring done
[1.163s] -- Generating done
[1.171s] -- Build files have been written to: /home/ayush/Desktop/ROS2 /ROS2_NAV2/build/turtlebot3_gazebo
[1.207s] [35m[1mConsolidate compiler generated dependencies of target turtlebot3_drive[0m
[1.214s] [ 12%] [32mBuilding CXX object CMakeFiles/obstacle2.dir/models/turtlebot3_dqn_world/obstacle_plugin/obstacle2.cc.o[0m
[1.215s] [ 25%] [32mBuilding CXX object CMakeFiles/obstacle1.dir/models/turtlebot3_dqn_world/obstacle_plugin/obstacle1.cc.o[0m
[1.222s] [ 37%] [32mBuilding CXX object CMakeFiles/obstacles.dir/models/turtlebot3_dqn_world/obstacle_plugin/obstacles.cc.o[0m
[1.238s] [ 50%] [32mBuilding CXX object CMakeFiles/turtlebot3_drive.dir/src/turtlebot3_drive.cpp.o[0m
[18.493s] [ 62%] [32m[1mLinking CXX shared library libobstacle2.so[0m
[18.513s] [ 75%] [32m[1mLinking CXX shared library libobstacle1.so[0m
[18.731s] [ 87%] [32m[1mLinking CXX executable turtlebot3_drive[0m
[19.037s] [ 87%] Built target obstacle2
[19.071s] [ 87%] Built target obstacle1
[19.782s] [ 87%] Built target turtlebot3_drive
[21.243s] [100%] [32m[1mLinking CXX shared library libobstacles.so[0m
[21.545s] [100%] Built target obstacles
[21.560s] Invoked command in '/home/ayush/Desktop/ROS2 /ROS2_NAV2/build/turtlebot3_gazebo' returned '0': CMAKE_PREFIX_PATH=/opt/ros/humble /usr/bin/cmake --build /home/ayush/Desktop/ROS2 /ROS2_NAV2/build/turtlebot3_gazebo -- -j8 -l8
[21.562s] Invoking command in '/home/ayush/Desktop/ROS2 /ROS2_NAV2/build/turtlebot3_gazebo': CMAKE_PREFIX_PATH=/opt/ros/humble /usr/bin/cmake --install /home/ayush/Desktop/ROS2 /ROS2_NAV2/build/turtlebot3_gazebo
[21.570s] -- Install configuration: ""
[21.571s] -- Installing: /home/ayush/Desktop/ROS2 /ROS2_NAV2/install/turtlebot3_gazebo/lib/turtlebot3_gazebo/turtlebot3_drive
[21.579s] -- Set runtime path of "/home/ayush/Desktop/ROS2 /ROS2_NAV2/install/turtlebot3_gazebo/lib/turtlebot3_gazebo/turtlebot3_drive" to ""
[21.579s] -- Up-to-date: /home/ayush/Desktop/ROS2 /ROS2_NAV2/install/turtlebot3_gazebo/share/turtlebot3_gazebo//launch
[21.579s] -- Up-to-date: /home/ayush/Desktop/ROS2 /ROS2_NAV2/install/turtlebot3_gazebo/share/turtlebot3_gazebo//launch/turtlebot3_dqn_stage2.launch.py
[21.579s] -- Up-to-date: /home/ayush/Desktop/ROS2 /ROS2_NAV2/install/turtlebot3_gazebo/share/turtlebot3_gazebo//launch/turtlebot3_dqn_stage1.launch.py
[21.580s] -- Up-to-date: /home/ayush/Desktop/ROS2 /ROS2_NAV2/install/turtlebot3_gazebo/share/turtlebot3_gazebo//launch/turtlebot3_dqn_stage3.launch.py
[21.580s] -- Up-to-date: /home/ayush/Desktop/ROS2 /ROS2_NAV2/install/turtlebot3_gazebo/share/turtlebot3_gazebo//launch/spawn_turtlebot3.launch.py
[21.580s] -- Up-to-date: /home/ayush/Desktop/ROS2 /ROS2_NAV2/install/turtlebot3_gazebo/share/turtlebot3_gazebo//launch/turtlebot3_dqn_stage4.launch.py
[21.580s] -- Installing: /home/ayush/Desktop/ROS2 /ROS2_NAV2/install/turtlebot3_gazebo/share/turtlebot3_gazebo//launch/robot_state_publisher.launch.py
[21.580s] -- Up-to-date: /home/ayush/Desktop/ROS2 /ROS2_NAV2/install/turtlebot3_gazebo/share/turtlebot3_gazebo//launch/turtlebot3_house.launch.py
[21.580s] -- Up-to-date: /home/ayush/Desktop/ROS2 /ROS2_NAV2/install/turtlebot3_gazebo/share/turtlebot3_gazebo//launch/turtlebot3_world.launch.py
[21.581s] -- Up-to-date: /home/ayush/Desktop/ROS2 /ROS2_NAV2/install/turtlebot3_gazebo/share/turtlebot3_gazebo//launch/empty_world.launch.py
[21.581s] -- Up-to-date: /home/ayush/Desktop/ROS2 /ROS2_NAV2/install/turtlebot3_gazebo/share/turtlebot3_gazebo//models
[21.581s] -- Up-to-date: /home/ayush/Desktop/ROS2 /ROS2_NAV2/install/turtlebot3_gazebo/share/turtlebot3_gazebo//models/turtlebot3_waffle
[21.581s] -- Up-to-date: /home/ayush/Desktop/ROS2 /ROS2_NAV2/install/turtlebot3_gazebo/share/turtlebot3_gazebo//models/turtlebot3_waffle/model-1_4.sdf
[21.581s] -- Up-to-date: /home/ayush/Desktop/ROS2 /ROS2_NAV2/install/turtlebot3_gazebo/share/turtlebot3_gazebo//models/turtlebot3_waffle/model.config
[21.581s] -- Installing: /home/ayush/Desktop/ROS2 /ROS2_NAV2/install/turtlebot3_gazebo/share/turtlebot3_gazebo//models/turtlebot3_waffle/model.sdf
[21.582s] -- Up-to-date: /home/ayush/Desktop/ROS2 /ROS2_NAV2/install/turtlebot3_gazebo/share/turtlebot3_gazebo//models/turtlebot3_house
[21.582s] -- Up-to-date: /home/ayush/Desktop/ROS2 /ROS2_NAV2/install/turtlebot3_gazebo/share/turtlebot3_gazebo//models/turtlebot3_house/model.config
[21.582s] -- Up-to-date: /home/ayush/Desktop/ROS2 /ROS2_NAV2/install/turtlebot3_gazebo/share/turtlebot3_gazebo//models/turtlebot3_house/model.sdf
[21.582s] -- Up-to-date: /home/ayush/Desktop/ROS2 /ROS2_NAV2/install/turtlebot3_gazebo/share/turtlebot3_gazebo//models/turtlebot3_dqn_world
[21.582s] -- Up-to-date: /home/ayush/Desktop/ROS2 /ROS2_NAV2/install/turtlebot3_gazebo/share/turtlebot3_gazebo//models/turtlebot3_dqn_world/obstacle2
[21.582s] -- Up-to-date: /home/ayush/Desktop/ROS2 /ROS2_NAV2/install/turtlebot3_gazebo/share/turtlebot3_gazebo//models/turtlebot3_dqn_world/obstacle2/model.config
[21.583s] -- Up-to-date: /home/ayush/Desktop/ROS2 /ROS2_NAV2/install/turtlebot3_gazebo/share/turtlebot3_gazebo//models/turtlebot3_dqn_world/obstacle2/model.sdf
[21.583s] -- Installing: /home/ayush/Desktop/ROS2 /ROS2_NAV2/install/turtlebot3_gazebo/share/turtlebot3_gazebo//models/turtlebot3_dqn_world/obstacle_plugin
[21.583s] -- Installing: /home/ayush/Desktop/ROS2 /ROS2_NAV2/install/turtlebot3_gazebo/share/turtlebot3_gazebo//models/turtlebot3_dqn_world/obstacle_plugin/obstacle2.cc
[21.583s] -- Installing: /home/ayush/Desktop/ROS2 /ROS2_NAV2/install/turtlebot3_gazebo/share/turtlebot3_gazebo//models/turtlebot3_dqn_world/obstacle_plugin/CMakeLists.txt
[21.584s] -- Installing: /home/ayush/Desktop/ROS2 /ROS2_NAV2/install/turtlebot3_gazebo/share/turtlebot3_gazebo//models/turtlebot3_dqn_world/obstacle_plugin/obstacles.cc
[21.584s] -- Installing: /home/ayush/Desktop/ROS2 /ROS2_NAV2/install/turtlebot3_gazebo/share/turtlebot3_gazebo//models/turtlebot3_dqn_world/obstacle_plugin/obstacle1.cc
[21.584s] -- Up-to-date: /home/ayush/Desktop/ROS2 /ROS2_NAV2/install/turtlebot3_gazebo/share/turtlebot3_gazebo//models/turtlebot3_dqn_world/model.config
[21.584s] -- Up-to-date: /home/ayush/Desktop/ROS2 /ROS2_NAV2/install/turtlebot3_gazebo/share/turtlebot3_gazebo//models/turtlebot3_dqn_world/goal_box
[21.584s] -- Up-to-date: /home/ayush/Desktop/ROS2 /ROS2_NAV2/install/turtlebot3_gazebo/share/turtlebot3_gazebo//models/turtlebot3_dqn_world/goal_box/model.config
[21.584s] -- Up-to-date: /home/ayush/Desktop/ROS2 /ROS2_NAV2/install/turtlebot3_gazebo/share/turtlebot3_gazebo//models/turtlebot3_dqn_world/goal_box/model.sdf
[21.584s] -- Up-to-date: /home/ayush/Desktop/ROS2 /ROS2_NAV2/install/turtlebot3_gazebo/share/turtlebot3_gazebo//models/turtlebot3_dqn_world/model.sdf
[21.584s] -- Up-to-date: /home/ayush/Desktop/ROS2 /ROS2_NAV2/install/turtlebot3_gazebo/share/turtlebot3_gazebo//models/turtlebot3_dqn_world/obstacle1
[21.584s] -- Up-to-date: /home/ayush/Desktop/ROS2 /ROS2_NAV2/install/turtlebot3_gazebo/share/turtlebot3_gazebo//models/turtlebot3_dqn_world/obstacle1/model.config
[21.584s] -- Up-to-date: /home/ayush/Desktop/ROS2 /ROS2_NAV2/install/turtlebot3_gazebo/share/turtlebot3_gazebo//models/turtlebot3_dqn_world/obstacle1/model.sdf
[21.585s] -- Up-to-date: /home/ayush/Desktop/ROS2 /ROS2_NAV2/install/turtlebot3_gazebo/share/turtlebot3_gazebo//models/turtlebot3_dqn_world/inner_walls
[21.585s] -- Up-to-date: /home/ayush/Desktop/ROS2 /ROS2_NAV2/install/turtlebot3_gazebo/share/turtlebot3_gazebo//models/turtlebot3_dqn_world/inner_walls/model.config
[21.585s] -- Up-to-date: /home/ayush/Desktop/ROS2 /ROS2_NAV2/install/turtlebot3_gazebo/share/turtlebot3_gazebo//models/turtlebot3_dqn_world/inner_walls/model.sdf
[21.585s] -- Up-to-date: /home/ayush/Desktop/ROS2 /ROS2_NAV2/install/turtlebot3_gazebo/share/turtlebot3_gazebo//models/turtlebot3_dqn_world/obstacles
[21.585s] -- Up-to-date: /home/ayush/Desktop/ROS2 /ROS2_NAV2/install/turtlebot3_gazebo/share/turtlebot3_gazebo//models/turtlebot3_dqn_world/obstacles/model.config
[21.585s] -- Up-to-date: /home/ayush/Desktop/ROS2 /ROS2_NAV2/install/turtlebot3_gazebo/share/turtlebot3_gazebo//models/turtlebot3_dqn_world/obstacles/model.sdf
[21.585s] -- Up-to-date: /home/ayush/Desktop/ROS2 /ROS2_NAV2/install/turtlebot3_gazebo/share/turtlebot3_gazebo//models/turtlebot3_waffle_pi
[21.585s] -- Up-to-date: /home/ayush/Desktop/ROS2 /ROS2_NAV2/install/turtlebot3_gazebo/share/turtlebot3_gazebo//models/turtlebot3_waffle_pi/model.config
[21.586s] -- Up-to-date: /home/ayush/Desktop/ROS2 /ROS2_NAV2/install/turtlebot3_gazebo/share/turtlebot3_gazebo//models/turtlebot3_waffle_pi/model-1_4_.sdf
[21.586s] -- Installing: /home/ayush/Desktop/ROS2 /ROS2_NAV2/install/turtlebot3_gazebo/share/turtlebot3_gazebo//models/turtlebot3_waffle_pi/model.sdf
[21.586s] -- Up-to-date: /home/ayush/Desktop/ROS2 /ROS2_NAV2/install/turtlebot3_gazebo/share/turtlebot3_gazebo//models/turtlebot3_burger
[21.586s] -- Up-to-date: /home/ayush/Desktop/ROS2 /ROS2_NAV2/install/turtlebot3_gazebo/share/turtlebot3_gazebo//models/turtlebot3_burger/model-1_4.sdf
[21.586s] -- Up-to-date: /home/ayush/Desktop/ROS2 /ROS2_NAV2/install/turtlebot3_gazebo/share/turtlebot3_gazebo//models/turtlebot3_burger/model.config
[21.586s] -- Installing: /home/ayush/Desktop/ROS2 /ROS2_NAV2/install/turtlebot3_gazebo/share/turtlebot3_gazebo//models/turtlebot3_burger/model.sdf
[21.586s] -- Up-to-date: /home/ayush/Desktop/ROS2 /ROS2_NAV2/install/turtlebot3_gazebo/share/turtlebot3_gazebo//models/turtlebot3_world
[21.587s] -- Up-to-date: /home/ayush/Desktop/ROS2 /ROS2_NAV2/install/turtlebot3_gazebo/share/turtlebot3_gazebo//models/turtlebot3_world/model-1_4.sdf
[21.587s] -- Up-to-date: /home/ayush/Desktop/ROS2 /ROS2_NAV2/install/turtlebot3_gazebo/share/turtlebot3_gazebo//models/turtlebot3_world/model.config
[21.587s] -- Up-to-date: /home/ayush/Desktop/ROS2 /ROS2_NAV2/install/turtlebot3_gazebo/share/turtlebot3_gazebo//models/turtlebot3_world/model.sdf
[21.587s] -- Up-to-date: /home/ayush/Desktop/ROS2 /ROS2_NAV2/install/turtlebot3_gazebo/share/turtlebot3_gazebo//models/turtlebot3_world/meshes
[21.587s] -- Up-to-date: /home/ayush/Desktop/ROS2 /ROS2_NAV2/install/turtlebot3_gazebo/share/turtlebot3_gazebo//models/turtlebot3_world/meshes/wall.dae
[21.587s] -- Up-to-date: /home/ayush/Desktop/ROS2 /ROS2_NAV2/install/turtlebot3_gazebo/share/turtlebot3_gazebo//models/turtlebot3_world/meshes/hexagon.dae
[21.587s] -- Up-to-date: /home/ayush/Desktop/ROS2 /ROS2_NAV2/install/turtlebot3_gazebo/share/turtlebot3_gazebo//models/turtlebot3_common
[21.587s] -- Up-to-date: /home/ayush/Desktop/ROS2 /ROS2_NAV2/install/turtlebot3_gazebo/share/turtlebot3_gazebo//models/turtlebot3_common/model.config
[21.588s] -- Up-to-date: /home/ayush/Desktop/ROS2 /ROS2_NAV2/install/turtlebot3_gazebo/share/turtlebot3_gazebo//models/turtlebot3_common/meshes
[21.588s] -- Up-to-date: /home/ayush/Desktop/ROS2 /ROS2_NAV2/install/turtlebot3_gazebo/share/turtlebot3_gazebo//models/turtlebot3_common/meshes/r200.dae
[21.588s] -- Up-to-date: /home/ayush/Desktop/ROS2 /ROS2_NAV2/install/turtlebot3_gazebo/share/turtlebot3_gazebo//models/turtlebot3_common/meshes/lds.dae
[21.588s] -- Up-to-date: /home/ayush/Desktop/ROS2 /ROS2_NAV2/install/turtlebot3_gazebo/share/turtlebot3_gazebo//models/turtlebot3_common/meshes/burger_base.dae
[21.588s] -- Up-to-date: /home/ayush/Desktop/ROS2 /ROS2_NAV2/install/turtlebot3_gazebo/share/turtlebot3_gazebo//models/turtlebot3_common/meshes/tire.dae
[21.588s] -- Up-to-date: /home/ayush/Desktop/ROS2 /ROS2_NAV2/install/turtlebot3_gazebo/share/turtlebot3_gazebo//models/turtlebot3_common/meshes/waffle_pi_base.dae
[21.588s] -- Up-to-date: /home/ayush/Desktop/ROS2 /ROS2_NAV2/install/turtlebot3_gazebo/share/turtlebot3_gazebo//models/turtlebot3_common/meshes/waffle_base.dae
[21.588s] -- Up-to-date: /home/ayush/Desktop/ROS2 /ROS2_NAV2/install/turtlebot3_gazebo/share/turtlebot3_gazebo//rviz
[21.589s] -- Up-to-date: /home/ayush/Desktop/ROS2 /ROS2_NAV2/install/turtlebot3_gazebo/share/turtlebot3_gazebo//rviz/tb3_gazebo.rviz
[21.589s] -- Up-to-date: /home/ayush/Desktop/ROS2 /ROS2_NAV2/install/turtlebot3_gazebo/share/turtlebot3_gazebo//urdf
[21.589s] -- Up-to-date: /home/ayush/Desktop/ROS2 /ROS2_NAV2/install/turtlebot3_gazebo/share/turtlebot3_gazebo//urdf/common_properties.urdf
[21.589s] -- Installing: /home/ayush/Desktop/ROS2 /ROS2_NAV2/install/turtlebot3_gazebo/share/turtlebot3_gazebo//urdf/turtlebot3_waffle_pi.urdf
[21.590s] -- Installing: /home/ayush/Desktop/ROS2 /ROS2_NAV2/install/turtlebot3_gazebo/share/turtlebot3_gazebo//urdf/turtlebot3_burger.urdf
[21.590s] -- Installing: /home/ayush/Desktop/ROS2 /ROS2_NAV2/install/turtlebot3_gazebo/share/turtlebot3_gazebo//urdf/turtlebot3_waffle.urdf
[21.590s] -- Up-to-date: /home/ayush/Desktop/ROS2 /ROS2_NAV2/install/turtlebot3_gazebo/share/turtlebot3_gazebo//worlds
[21.590s] -- Up-to-date: /home/ayush/Desktop/ROS2 /ROS2_NAV2/install/turtlebot3_gazebo/share/turtlebot3_gazebo//worlds/turtlebot3_dqn_stage1.world
[21.590s] -- Installing: /home/ayush/Desktop/ROS2 /ROS2_NAV2/install/turtlebot3_gazebo/share/turtlebot3_gazebo//worlds/my_world.world
[21.590s] -- Up-to-date: /home/ayush/Desktop/ROS2 /ROS2_NAV2/install/turtlebot3_gazebo/share/turtlebot3_gazebo//worlds/empty_world.world
[21.591s] -- Up-to-date: /home/ayush/Desktop/ROS2 /ROS2_NAV2/install/turtlebot3_gazebo/share/turtlebot3_gazebo//worlds/turtlebot3_world.world
[21.591s] -- Up-to-date: /home/ayush/Desktop/ROS2 /ROS2_NAV2/install/turtlebot3_gazebo/share/turtlebot3_gazebo//worlds/turtlebot3_dqn_stage4.world
[21.591s] -- Up-to-date: /home/ayush/Desktop/ROS2 /ROS2_NAV2/install/turtlebot3_gazebo/share/turtlebot3_gazebo//worlds/turtlebot3_dqn_stage3.world
[21.592s] -- Up-to-date: /home/ayush/Desktop/ROS2 /ROS2_NAV2/install/turtlebot3_gazebo/share/turtlebot3_gazebo//worlds/turtlebot3_dqn_stage2.world
[21.592s] -- Up-to-date: /home/ayush/Desktop/ROS2 /ROS2_NAV2/install/turtlebot3_gazebo/share/turtlebot3_gazebo//worlds/turtlebot3_house.world
[21.592s] -- Up-to-date: /home/ayush/Desktop/ROS2 /ROS2_NAV2/install/turtlebot3_gazebo/include/
[21.593s] -- Up-to-date: /home/ayush/Desktop/ROS2 /ROS2_NAV2/install/turtlebot3_gazebo/include//turtlebot3_gazebo
[21.593s] -- Installing: /home/ayush/Desktop/ROS2 /ROS2_NAV2/install/turtlebot3_gazebo/include//turtlebot3_gazebo/turtlebot3_drive.hpp
[21.593s] -- Up-to-date: /home/ayush/Desktop/ROS2 /ROS2_NAV2/install/turtlebot3_gazebo/share/ament_index/resource_index/package_run_dependencies/turtlebot3_gazebo
[21.593s] -- Up-to-date: /home/ayush/Desktop/ROS2 /ROS2_NAV2/install/turtlebot3_gazebo/share/ament_index/resource_index/parent_prefix_path/turtlebot3_gazebo
[21.593s] -- Up-to-date: /home/ayush/Desktop/ROS2 /ROS2_NAV2/install/turtlebot3_gazebo/share/turtlebot3_gazebo/environment/ament_prefix_path.sh
[21.593s] -- Installing: /home/ayush/Desktop/ROS2 /ROS2_NAV2/install/turtlebot3_gazebo/share/turtlebot3_gazebo/environment/ament_prefix_path.dsv
[21.593s] -- Up-to-date: /home/ayush/Desktop/ROS2 /ROS2_NAV2/install/turtlebot3_gazebo/share/turtlebot3_gazebo/environment/path.sh
[21.593s] -- Installing: /home/ayush/Desktop/ROS2 /ROS2_NAV2/install/turtlebot3_gazebo/share/turtlebot3_gazebo/environment/path.dsv
[21.594s] -- Up-to-date: /home/ayush/Desktop/ROS2 /ROS2_NAV2/install/turtlebot3_gazebo/share/turtlebot3_gazebo/local_setup.bash
[21.594s] -- Up-to-date: /home/ayush/Desktop/ROS2 /ROS2_NAV2/install/turtlebot3_gazebo/share/turtlebot3_gazebo/local_setup.sh
[21.594s] -- Up-to-date: /home/ayush/Desktop/ROS2 /ROS2_NAV2/install/turtlebot3_gazebo/share/turtlebot3_gazebo/local_setup.zsh
[21.594s] -- Installing: /home/ayush/Desktop/ROS2 /ROS2_NAV2/install/turtlebot3_gazebo/share/turtlebot3_gazebo/local_setup.dsv
[21.594s] -- Installing: /home/ayush/Desktop/ROS2 /ROS2_NAV2/install/turtlebot3_gazebo/share/turtlebot3_gazebo/package.dsv
[21.594s] -- Up-to-date: /home/ayush/Desktop/ROS2 /ROS2_NAV2/install/turtlebot3_gazebo/share/ament_index/resource_index/packages/turtlebot3_gazebo
[21.595s] -- Up-to-date: /home/ayush/Desktop/ROS2 /ROS2_NAV2/install/turtlebot3_gazebo/share/turtlebot3_gazebo/cmake/ament_cmake_export_include_directories-extras.cmake
[21.595s] -- Up-to-date: /home/ayush/Desktop/ROS2 /ROS2_NAV2/install/turtlebot3_gazebo/share/turtlebot3_gazebo/cmake/ament_cmake_export_dependencies-extras.cmake
[21.595s] -- Installing: /home/ayush/Desktop/ROS2 /ROS2_NAV2/install/turtlebot3_gazebo/share/turtlebot3_gazebo/cmake/turtlebot3_gazeboConfig.cmake
[21.595s] -- Installing: /home/ayush/Desktop/ROS2 /ROS2_NAV2/install/turtlebot3_gazebo/share/turtlebot3_gazebo/cmake/turtlebot3_gazeboConfig-version.cmake
[21.595s] -- Installing: /home/ayush/Desktop/ROS2 /ROS2_NAV2/install/turtlebot3_gazebo/share/turtlebot3_gazebo/package.xml
[21.596s] Invoked command in '/home/ayush/Desktop/ROS2 /ROS2_NAV2/build/turtlebot3_gazebo' returned '0': CMAKE_PREFIX_PATH=/opt/ros/humble /usr/bin/cmake --install /home/ayush/Desktop/ROS2 /ROS2_NAV2/build/turtlebot3_gazebo
