[0.217s] DEBUG:colcon:Command line arguments: ['/usr/bin/colcon', 'build']
[0.217s] DEBUG:colcon:Parsed command line arguments: Namespace(log_base=None, log_level=None, verb_name='build', build_base='build', install_base='install', merge_install=False, symlink_install=False, test_result_base=None, continue_on_error=False, executor='parallel', parallel_workers=8, event_handlers=None, ignore_user_meta=False, metas=['./colcon.meta'], base_paths=['.'], packages_ignore=None, packages_ignore_regex=None, paths=None, packages_up_to=None, packages_up_to_regex=None, packages_above=None, packages_above_and_dependencies=None, packages_above_depth=None, packages_select_by_dep=None, packages_skip_by_dep=None, packages_skip_up_to=None, packages_select_build_failed=False, packages_skip_build_finished=False, packages_select_test_failures=False, packages_skip_test_passed=False, packages_select=None, packages_skip=None, packages_select_regex=None, packages_skip_regex=None, packages_start=None, packages_end=None, allow_overriding=[], cmake_args=None, cmake_target=None, cmake_target_skip_unavailable=False, cmake_clean_cache=False, cmake_clean_first=False, cmake_force_configure=False, ament_cmake_args=None, catkin_cmake_args=None, catkin_skip_building_tests=False, verb_parser=<colcon_defaults.argument_parser.defaults.DefaultArgumentsDecorator object at 0x73a99ca5d120>, verb_extension=<colcon_core.verb.build.BuildVerb object at 0x73a99cb76560>, main=<bound method BuildVerb.main of <colcon_core.verb.build.BuildVerb object at 0x73a99cb76560>>)
[0.583s] Level 1:colcon.colcon_core.package_discovery:discover_packages(colcon_meta) check parameters
[0.583s] Level 1:colcon.colcon_core.package_discovery:discover_packages(recursive) check parameters
[0.583s] Level 1:colcon.colcon_core.package_discovery:discover_packages(ignore) check parameters
[0.584s] Level 1:colcon.colcon_core.package_discovery:discover_packages(path) check parameters
[0.584s] Level 1:colcon.colcon_core.package_discovery:discover_packages(colcon_meta) discover
[0.584s] Level 1:colcon.colcon_core.package_discovery:discover_packages(recursive) discover
[0.584s] INFO:colcon.colcon_core.package_discovery:Crawling recursively for packages in '/home/ayush/Desktop/ROS2 /ROS2_NAV2'
[0.584s] Level 1:colcon.colcon_core.package_identification:_identify(.) by extensions ['ignore', 'ignore_ament_install']
[0.584s] Level 1:colcon.colcon_core.package_identification:_identify(.) by extension 'ignore'
[0.584s] Level 1:colcon.colcon_core.package_identification:_identify(.) by extension 'ignore_ament_install'
[0.584s] Level 1:colcon.colcon_core.package_identification:_identify(.) by extensions ['colcon_pkg']
[0.584s] Level 1:colcon.colcon_core.package_identification:_identify(.) by extension 'colcon_pkg'
[0.584s] Level 1:colcon.colcon_core.package_identification:_identify(.) by extensions ['colcon_meta']
[0.584s] Level 1:colcon.colcon_core.package_identification:_identify(.) by extension 'colcon_meta'
[0.584s] Level 1:colcon.colcon_core.package_identification:_identify(.) by extensions ['ros']
[0.584s] Level 1:colcon.colcon_core.package_identification:_identify(.) by extension 'ros'
[0.595s] Level 1:colcon.colcon_core.package_identification:_identify(.) by extensions ['cmake', 'python']
[0.595s] Level 1:colcon.colcon_core.package_identification:_identify(.) by extension 'cmake'
[0.595s] Level 1:colcon.colcon_core.package_identification:_identify(.) by extension 'python'
[0.595s] Level 1:colcon.colcon_core.package_identification:_identify(.) by extensions ['python_setup_py']
[0.595s] Level 1:colcon.colcon_core.package_identification:_identify(.) by extension 'python_setup_py'
[0.595s] Level 1:colcon.colcon_core.package_identification:_identify(build) by extensions ['ignore', 'ignore_ament_install']
[0.595s] Level 1:colcon.colcon_core.package_identification:_identify(build) by extension 'ignore'
[0.595s] Level 1:colcon.colcon_core.package_identification:_identify(build) ignored
[0.595s] Level 1:colcon.colcon_core.package_identification:_identify(install) by extensions ['ignore', 'ignore_ament_install']
[0.596s] Level 1:colcon.colcon_core.package_identification:_identify(install) by extension 'ignore'
[0.596s] Level 1:colcon.colcon_core.package_identification:_identify(install) ignored
[0.596s] Level 1:colcon.colcon_core.package_identification:_identify(log) by extensions ['ignore', 'ignore_ament_install']
[0.596s] Level 1:colcon.colcon_core.package_identification:_identify(log) by extension 'ignore'
[0.596s] Level 1:colcon.colcon_core.package_identification:_identify(log) ignored
[0.596s] Level 1:colcon.colcon_core.package_identification:_identify(src) by extensions ['ignore', 'ignore_ament_install']
[0.596s] Level 1:colcon.colcon_core.package_identification:_identify(src) by extension 'ignore'
[0.596s] Level 1:colcon.colcon_core.package_identification:_identify(src) by extension 'ignore_ament_install'
[0.596s] Level 1:colcon.colcon_core.package_identification:_identify(src) by extensions ['colcon_pkg']
[0.596s] Level 1:colcon.colcon_core.package_identification:_identify(src) by extension 'colcon_pkg'
[0.596s] Level 1:colcon.colcon_core.package_identification:_identify(src) by extensions ['colcon_meta']
[0.596s] Level 1:colcon.colcon_core.package_identification:_identify(src) by extension 'colcon_meta'
[0.596s] Level 1:colcon.colcon_core.package_identification:_identify(src) by extensions ['ros']
[0.596s] Level 1:colcon.colcon_core.package_identification:_identify(src) by extension 'ros'
[0.596s] Level 1:colcon.colcon_core.package_identification:_identify(src) by extensions ['cmake', 'python']
[0.596s] Level 1:colcon.colcon_core.package_identification:_identify(src) by extension 'cmake'
[0.596s] Level 1:colcon.colcon_core.package_identification:_identify(src) by extension 'python'
[0.597s] Level 1:colcon.colcon_core.package_identification:_identify(src) by extensions ['python_setup_py']
[0.597s] Level 1:colcon.colcon_core.package_identification:_identify(src) by extension 'python_setup_py'
[0.597s] Level 1:colcon.colcon_core.package_identification:_identify(src/turtlebot3_fake_node) by extensions ['ignore', 'ignore_ament_install']
[0.597s] Level 1:colcon.colcon_core.package_identification:_identify(src/turtlebot3_fake_node) by extension 'ignore'
[0.597s] Level 1:colcon.colcon_core.package_identification:_identify(src/turtlebot3_fake_node) by extension 'ignore_ament_install'
[0.597s] Level 1:colcon.colcon_core.package_identification:_identify(src/turtlebot3_fake_node) by extensions ['colcon_pkg']
[0.597s] Level 1:colcon.colcon_core.package_identification:_identify(src/turtlebot3_fake_node) by extension 'colcon_pkg'
[0.597s] Level 1:colcon.colcon_core.package_identification:_identify(src/turtlebot3_fake_node) by extensions ['colcon_meta']
[0.597s] Level 1:colcon.colcon_core.package_identification:_identify(src/turtlebot3_fake_node) by extension 'colcon_meta'
[0.597s] Level 1:colcon.colcon_core.package_identification:_identify(src/turtlebot3_fake_node) by extensions ['ros']
[0.597s] Level 1:colcon.colcon_core.package_identification:_identify(src/turtlebot3_fake_node) by extension 'ros'
[0.601s] DEBUG:colcon.colcon_core.package_identification:Package 'src/turtlebot3_fake_node' with type 'ros.ament_cmake' and name 'turtlebot3_fake_node'
[0.601s] Level 1:colcon.colcon_core.package_identification:_identify(src/turtlebot3_gazebo) by extensions ['ignore', 'ignore_ament_install']
[0.601s] Level 1:colcon.colcon_core.package_identification:_identify(src/turtlebot3_gazebo) by extension 'ignore'
[0.601s] Level 1:colcon.colcon_core.package_identification:_identify(src/turtlebot3_gazebo) by extension 'ignore_ament_install'
[0.602s] Level 1:colcon.colcon_core.package_identification:_identify(src/turtlebot3_gazebo) by extensions ['colcon_pkg']
[0.602s] Level 1:colcon.colcon_core.package_identification:_identify(src/turtlebot3_gazebo) by extension 'colcon_pkg'
[0.602s] Level 1:colcon.colcon_core.package_identification:_identify(src/turtlebot3_gazebo) by extensions ['colcon_meta']
[0.602s] Level 1:colcon.colcon_core.package_identification:_identify(src/turtlebot3_gazebo) by extension 'colcon_meta'
[0.602s] Level 1:colcon.colcon_core.package_identification:_identify(src/turtlebot3_gazebo) by extensions ['ros']
[0.602s] Level 1:colcon.colcon_core.package_identification:_identify(src/turtlebot3_gazebo) by extension 'ros'
[0.603s] DEBUG:colcon.colcon_core.package_identification:Package 'src/turtlebot3_gazebo' with type 'ros.ament_cmake' and name 'turtlebot3_gazebo'
[0.603s] Level 1:colcon.colcon_core.package_identification:_identify(src/turtlebot3_simulations) by extensions ['ignore', 'ignore_ament_install']
[0.603s] Level 1:colcon.colcon_core.package_identification:_identify(src/turtlebot3_simulations) by extension 'ignore'
[0.603s] Level 1:colcon.colcon_core.package_identification:_identify(src/turtlebot3_simulations) by extension 'ignore_ament_install'
[0.603s] Level 1:colcon.colcon_core.package_identification:_identify(src/turtlebot3_simulations) by extensions ['colcon_pkg']
[0.603s] Level 1:colcon.colcon_core.package_identification:_identify(src/turtlebot3_simulations) by extension 'colcon_pkg'
[0.603s] Level 1:colcon.colcon_core.package_identification:_identify(src/turtlebot3_simulations) by extensions ['colcon_meta']
[0.603s] Level 1:colcon.colcon_core.package_identification:_identify(src/turtlebot3_simulations) by extension 'colcon_meta'
[0.603s] Level 1:colcon.colcon_core.package_identification:_identify(src/turtlebot3_simulations) by extensions ['ros']
[0.603s] Level 1:colcon.colcon_core.package_identification:_identify(src/turtlebot3_simulations) by extension 'ros'
[0.604s] DEBUG:colcon.colcon_core.package_identification:Package 'src/turtlebot3_simulations' with type 'ros.ament_cmake' and name 'turtlebot3_simulations'
[0.604s] Level 1:colcon.colcon_core.package_discovery:discover_packages(recursive) using defaults
[0.604s] Level 1:colcon.colcon_core.package_discovery:discover_packages(ignore) discover
[0.604s] Level 1:colcon.colcon_core.package_discovery:discover_packages(ignore) using defaults
[0.604s] Level 1:colcon.colcon_core.package_discovery:discover_packages(path) discover
[0.604s] Level 1:colcon.colcon_core.package_discovery:discover_packages(path) using defaults
[0.639s] Level 1:colcon.colcon_core.package_discovery:discover_packages(prefix_path) check parameters
[0.639s] Level 1:colcon.colcon_core.package_discovery:discover_packages(prefix_path) discover
[0.644s] DEBUG:colcon.colcon_installed_package_information.package_discovery:Found 402 installed packages in /opt/ros/humble
[0.645s] Level 1:colcon.colcon_core.package_discovery:discover_packages(prefix_path) using defaults
[0.700s] Level 5:colcon.colcon_core.verb:set package 'turtlebot3_fake_node' build argument 'cmake_args' from command line to 'None'
[0.700s] Level 5:colcon.colcon_core.verb:set package 'turtlebot3_fake_node' build argument 'cmake_target' from command line to 'None'
[0.700s] Level 5:colcon.colcon_core.verb:set package 'turtlebot3_fake_node' build argument 'cmake_target_skip_unavailable' from command line to 'False'
[0.700s] Level 5:colcon.colcon_core.verb:set package 'turtlebot3_fake_node' build argument 'cmake_clean_cache' from command line to 'False'
[0.700s] Level 5:colcon.colcon_core.verb:set package 'turtlebot3_fake_node' build argument 'cmake_clean_first' from command line to 'False'
[0.700s] Level 5:colcon.colcon_core.verb:set package 'turtlebot3_fake_node' build argument 'cmake_force_configure' from command line to 'False'
[0.700s] Level 5:colcon.colcon_core.verb:set package 'turtlebot3_fake_node' build argument 'ament_cmake_args' from command line to 'None'
[0.700s] Level 5:colcon.colcon_core.verb:set package 'turtlebot3_fake_node' build argument 'catkin_cmake_args' from command line to 'None'
[0.700s] Level 5:colcon.colcon_core.verb:set package 'turtlebot3_fake_node' build argument 'catkin_skip_building_tests' from command line to 'False'
[0.700s] DEBUG:colcon.colcon_core.verb:Building package 'turtlebot3_fake_node' with the following arguments: {'ament_cmake_args': None, 'build_base': '/home/ayush/Desktop/ROS2 /ROS2_NAV2/build/turtlebot3_fake_node', 'catkin_cmake_args': None, 'catkin_skip_building_tests': False, 'cmake_args': None, 'cmake_clean_cache': False, 'cmake_clean_first': False, 'cmake_force_configure': False, 'cmake_target': None, 'cmake_target_skip_unavailable': False, 'install_base': '/home/ayush/Desktop/ROS2 /ROS2_NAV2/install/turtlebot3_fake_node', 'merge_install': False, 'path': '/home/ayush/Desktop/ROS2 /ROS2_NAV2/src/turtlebot3_fake_node', 'symlink_install': False, 'test_result_base': None}
[0.701s] Level 5:colcon.colcon_core.verb:set package 'turtlebot3_gazebo' build argument 'cmake_args' from command line to 'None'
[0.701s] Level 5:colcon.colcon_core.verb:set package 'turtlebot3_gazebo' build argument 'cmake_target' from command line to 'None'
[0.701s] Level 5:colcon.colcon_core.verb:set package 'turtlebot3_gazebo' build argument 'cmake_target_skip_unavailable' from command line to 'False'
[0.701s] Level 5:colcon.colcon_core.verb:set package 'turtlebot3_gazebo' build argument 'cmake_clean_cache' from command line to 'False'
[0.701s] Level 5:colcon.colcon_core.verb:set package 'turtlebot3_gazebo' build argument 'cmake_clean_first' from command line to 'False'
[0.701s] Level 5:colcon.colcon_core.verb:set package 'turtlebot3_gazebo' build argument 'cmake_force_configure' from command line to 'False'
[0.701s] Level 5:colcon.colcon_core.verb:set package 'turtlebot3_gazebo' build argument 'ament_cmake_args' from command line to 'None'
[0.701s] Level 5:colcon.colcon_core.verb:set package 'turtlebot3_gazebo' build argument 'catkin_cmake_args' from command line to 'None'
[0.701s] Level 5:colcon.colcon_core.verb:set package 'turtlebot3_gazebo' build argument 'catkin_skip_building_tests' from command line to 'False'
[0.701s] DEBUG:colcon.colcon_core.verb:Building package 'turtlebot3_gazebo' with the following arguments: {'ament_cmake_args': None, 'build_base': '/home/ayush/Desktop/ROS2 /ROS2_NAV2/build/turtlebot3_gazebo', 'catkin_cmake_args': None, 'catkin_skip_building_tests': False, 'cmake_args': None, 'cmake_clean_cache': False, 'cmake_clean_first': False, 'cmake_force_configure': False, 'cmake_target': None, 'cmake_target_skip_unavailable': False, 'install_base': '/home/ayush/Desktop/ROS2 /ROS2_NAV2/install/turtlebot3_gazebo', 'merge_install': False, 'path': '/home/ayush/Desktop/ROS2 /ROS2_NAV2/src/turtlebot3_gazebo', 'symlink_install': False, 'test_result_base': None}
[0.701s] Level 5:colcon.colcon_core.verb:set package 'turtlebot3_simulations' build argument 'cmake_args' from command line to 'None'
[0.701s] Level 5:colcon.colcon_core.verb:set package 'turtlebot3_simulations' build argument 'cmake_target' from command line to 'None'
[0.701s] Level 5:colcon.colcon_core.verb:set package 'turtlebot3_simulations' build argument 'cmake_target_skip_unavailable' from command line to 'False'
[0.701s] Level 5:colcon.colcon_core.verb:set package 'turtlebot3_simulations' build argument 'cmake_clean_cache' from command line to 'False'
[0.701s] Level 5:colcon.colcon_core.verb:set package 'turtlebot3_simulations' build argument 'cmake_clean_first' from command line to 'False'
[0.701s] Level 5:colcon.colcon_core.verb:set package 'turtlebot3_simulations' build argument 'cmake_force_configure' from command line to 'False'
[0.701s] Level 5:colcon.colcon_core.verb:set package 'turtlebot3_simulations' build argument 'ament_cmake_args' from command line to 'None'
[0.701s] Level 5:colcon.colcon_core.verb:set package 'turtlebot3_simulations' build argument 'catkin_cmake_args' from command line to 'None'
[0.701s] Level 5:colcon.colcon_core.verb:set package 'turtlebot3_simulations' build argument 'catkin_skip_building_tests' from command line to 'False'
[0.701s] DEBUG:colcon.colcon_core.verb:Building package 'turtlebot3_simulations' with the following arguments: {'ament_cmake_args': None, 'build_base': '/home/ayush/Desktop/ROS2 /ROS2_NAV2/build/turtlebot3_simulations', 'catkin_cmake_args': None, 'catkin_skip_building_tests': False, 'cmake_args': None, 'cmake_clean_cache': False, 'cmake_clean_first': False, 'cmake_force_configure': False, 'cmake_target': None, 'cmake_target_skip_unavailable': False, 'install_base': '/home/ayush/Desktop/ROS2 /ROS2_NAV2/install/turtlebot3_simulations', 'merge_install': False, 'path': '/home/ayush/Desktop/ROS2 /ROS2_NAV2/src/turtlebot3_simulations', 'symlink_install': False, 'test_result_base': None}
[0.702s] INFO:colcon.colcon_core.executor:Executing jobs using 'parallel' executor
[0.703s] DEBUG:colcon.colcon_parallel_executor.executor.parallel:run_until_complete
[0.703s] INFO:colcon.colcon_ros.task.ament_cmake.build:Building ROS package in '/home/ayush/Desktop/ROS2 /ROS2_NAV2/src/turtlebot3_fake_node' with build type 'ament_cmake'
[0.703s] INFO:colcon.colcon_cmake.task.cmake.build:Building CMake package in '/home/ayush/Desktop/ROS2 /ROS2_NAV2/src/turtlebot3_fake_node'
[0.708s] INFO:colcon.colcon_core.plugin_system:Skipping extension 'colcon_core.shell.bat': Not used on non-Windows systems
[0.708s] INFO:colcon.colcon_core.shell:Skip shell extension 'powershell' for command environment: Not usable outside of PowerShell
[0.708s] DEBUG:colcon.colcon_core.shell:Skip shell extension 'dsv' for command environment
[0.712s] INFO:colcon.colcon_ros.task.ament_cmake.build:Building ROS package in '/home/ayush/Desktop/ROS2 /ROS2_NAV2/src/turtlebot3_gazebo' with build type 'ament_cmake'
[0.712s] INFO:colcon.colcon_cmake.task.cmake.build:Building CMake package in '/home/ayush/Desktop/ROS2 /ROS2_NAV2/src/turtlebot3_gazebo'
[0.712s] INFO:colcon.colcon_core.shell:Skip shell extension 'powershell' for command environment: Not usable outside of PowerShell
[0.712s] DEBUG:colcon.colcon_core.shell:Skip shell extension 'dsv' for command environment
[0.720s] DEBUG:colcon.colcon_core.event_handler.log_command:Invoking command in '/home/ayush/Desktop/ROS2 /ROS2_NAV2/build/turtlebot3_fake_node': CMAKE_PREFIX_PATH=/opt/ros/humble /usr/bin/cmake --build /home/ayush/Desktop/ROS2 /ROS2_NAV2/build/turtlebot3_fake_node -- -j8 -l8
[0.727s] DEBUG:colcon.colcon_core.event_handler.log_command:Invoking command in '/home/ayush/Desktop/ROS2 /ROS2_NAV2/build/turtlebot3_gazebo': CMAKE_PREFIX_PATH=/opt/ros/humble /usr/bin/cmake --build /home/ayush/Desktop/ROS2 /ROS2_NAV2/build/turtlebot3_gazebo -- -j8 -l8
[19.833s] DEBUG:colcon.colcon_core.event_handler.log_command:Invoked command in '/home/ayush/Desktop/ROS2 /ROS2_NAV2/build/turtlebot3_fake_node' returned '0': CMAKE_PREFIX_PATH=/opt/ros/humble /usr/bin/cmake --build /home/ayush/Desktop/ROS2 /ROS2_NAV2/build/turtlebot3_fake_node -- -j8 -l8
[19.846s] DEBUG:colcon.colcon_core.event_handler.log_command:Invoking command in '/home/ayush/Desktop/ROS2 /ROS2_NAV2/build/turtlebot3_fake_node': CMAKE_PREFIX_PATH=/opt/ros/humble /usr/bin/cmake --install /home/ayush/Desktop/ROS2 /ROS2_NAV2/build/turtlebot3_fake_node
[19.871s] Level 1:colcon.colcon_core.environment:create_environment_scripts_only(turtlebot3_fake_node)
[19.872s] DEBUG:colcon.colcon_core.event_handler.log_command:Invoked command in '/home/ayush/Desktop/ROS2 /ROS2_NAV2/build/turtlebot3_fake_node' returned '0': CMAKE_PREFIX_PATH=/opt/ros/humble /usr/bin/cmake --install /home/ayush/Desktop/ROS2 /ROS2_NAV2/build/turtlebot3_fake_node
[19.878s] Level 1:colcon.colcon_core.environment:checking '/home/ayush/Desktop/ROS2 /ROS2_NAV2/install/turtlebot3_fake_node' for CMake module files
[19.879s] Level 1:colcon.colcon_core.environment:checking '/home/ayush/Desktop/ROS2 /ROS2_NAV2/install/turtlebot3_fake_node' for CMake config files
[19.879s] Level 1:colcon.colcon_core.shell:create_environment_hook('turtlebot3_fake_node', 'cmake_prefix_path')
[19.880s] INFO:colcon.colcon_core.shell:Creating environment hook '/home/ayush/Desktop/ROS2 /ROS2_NAV2/install/turtlebot3_fake_node/share/turtlebot3_fake_node/hook/cmake_prefix_path.ps1'
[19.881s] INFO:colcon.colcon_core.shell:Creating environment descriptor '/home/ayush/Desktop/ROS2 /ROS2_NAV2/install/turtlebot3_fake_node/share/turtlebot3_fake_node/hook/cmake_prefix_path.dsv'
[19.882s] INFO:colcon.colcon_core.shell:Creating environment hook '/home/ayush/Desktop/ROS2 /ROS2_NAV2/install/turtlebot3_fake_node/share/turtlebot3_fake_node/hook/cmake_prefix_path.sh'
[19.884s] Level 1:colcon.colcon_core.environment:checking '/home/ayush/Desktop/ROS2 /ROS2_NAV2/install/turtlebot3_fake_node/lib'
[19.885s] Level 1:colcon.colcon_core.environment:checking '/home/ayush/Desktop/ROS2 /ROS2_NAV2/install/turtlebot3_fake_node/bin'
[19.885s] Level 1:colcon.colcon_core.environment:checking '/home/ayush/Desktop/ROS2 /ROS2_NAV2/install/turtlebot3_fake_node/lib/pkgconfig/turtlebot3_fake_node.pc'
[19.886s] Level 1:colcon.colcon_core.environment:checking '/home/ayush/Desktop/ROS2 /ROS2_NAV2/install/turtlebot3_fake_node/lib/python3.10/site-packages'
[19.887s] Level 1:colcon.colcon_core.environment:checking '/home/ayush/Desktop/ROS2 /ROS2_NAV2/install/turtlebot3_fake_node/bin'
[19.887s] INFO:colcon.colcon_core.shell:Creating package script '/home/ayush/Desktop/ROS2 /ROS2_NAV2/install/turtlebot3_fake_node/share/turtlebot3_fake_node/package.ps1'
[19.888s] INFO:colcon.colcon_core.shell:Creating package descriptor '/home/ayush/Desktop/ROS2 /ROS2_NAV2/install/turtlebot3_fake_node/share/turtlebot3_fake_node/package.dsv'
[19.889s] INFO:colcon.colcon_core.shell:Creating package script '/home/ayush/Desktop/ROS2 /ROS2_NAV2/install/turtlebot3_fake_node/share/turtlebot3_fake_node/package.sh'
[19.890s] INFO:colcon.colcon_core.shell:Creating package script '/home/ayush/Desktop/ROS2 /ROS2_NAV2/install/turtlebot3_fake_node/share/turtlebot3_fake_node/package.bash'
[19.891s] INFO:colcon.colcon_core.shell:Creating package script '/home/ayush/Desktop/ROS2 /ROS2_NAV2/install/turtlebot3_fake_node/share/turtlebot3_fake_node/package.zsh'
[19.892s] Level 1:colcon.colcon_core.environment:create_file_with_runtime_dependencies(/home/ayush/Desktop/ROS2 /ROS2_NAV2/install/turtlebot3_fake_node/share/colcon-core/packages/turtlebot3_fake_node)
[19.892s] Level 1:colcon.colcon_core.environment:create_environment_scripts_only(turtlebot3_fake_node)
[19.893s] Level 1:colcon.colcon_core.environment:checking '/home/ayush/Desktop/ROS2 /ROS2_NAV2/install/turtlebot3_fake_node' for CMake module files
[19.893s] Level 1:colcon.colcon_core.environment:checking '/home/ayush/Desktop/ROS2 /ROS2_NAV2/install/turtlebot3_fake_node' for CMake config files
[19.893s] Level 1:colcon.colcon_core.shell:create_environment_hook('turtlebot3_fake_node', 'cmake_prefix_path')
[19.894s] INFO:colcon.colcon_core.shell:Creating environment hook '/home/ayush/Desktop/ROS2 /ROS2_NAV2/install/turtlebot3_fake_node/share/turtlebot3_fake_node/hook/cmake_prefix_path.ps1'
[19.894s] INFO:colcon.colcon_core.shell:Creating environment descriptor '/home/ayush/Desktop/ROS2 /ROS2_NAV2/install/turtlebot3_fake_node/share/turtlebot3_fake_node/hook/cmake_prefix_path.dsv'
[19.894s] INFO:colcon.colcon_core.shell:Creating environment hook '/home/ayush/Desktop/ROS2 /ROS2_NAV2/install/turtlebot3_fake_node/share/turtlebot3_fake_node/hook/cmake_prefix_path.sh'
[19.895s] Level 1:colcon.colcon_core.environment:checking '/home/ayush/Desktop/ROS2 /ROS2_NAV2/install/turtlebot3_fake_node/lib'
[19.895s] Level 1:colcon.colcon_core.environment:checking '/home/ayush/Desktop/ROS2 /ROS2_NAV2/install/turtlebot3_fake_node/bin'
[19.895s] Level 1:colcon.colcon_core.environment:checking '/home/ayush/Desktop/ROS2 /ROS2_NAV2/install/turtlebot3_fake_node/lib/pkgconfig/turtlebot3_fake_node.pc'
[19.895s] Level 1:colcon.colcon_core.environment:checking '/home/ayush/Desktop/ROS2 /ROS2_NAV2/install/turtlebot3_fake_node/lib/python3.10/site-packages'
[19.896s] Level 1:colcon.colcon_core.environment:checking '/home/ayush/Desktop/ROS2 /ROS2_NAV2/install/turtlebot3_fake_node/bin'
[19.896s] INFO:colcon.colcon_core.shell:Creating package script '/home/ayush/Desktop/ROS2 /ROS2_NAV2/install/turtlebot3_fake_node/share/turtlebot3_fake_node/package.ps1'
[19.897s] INFO:colcon.colcon_core.shell:Creating package descriptor '/home/ayush/Desktop/ROS2 /ROS2_NAV2/install/turtlebot3_fake_node/share/turtlebot3_fake_node/package.dsv'
[19.897s] INFO:colcon.colcon_core.shell:Creating package script '/home/ayush/Desktop/ROS2 /ROS2_NAV2/install/turtlebot3_fake_node/share/turtlebot3_fake_node/package.sh'
[19.898s] INFO:colcon.colcon_core.shell:Creating package script '/home/ayush/Desktop/ROS2 /ROS2_NAV2/install/turtlebot3_fake_node/share/turtlebot3_fake_node/package.bash'
[19.899s] INFO:colcon.colcon_core.shell:Creating package script '/home/ayush/Desktop/ROS2 /ROS2_NAV2/install/turtlebot3_fake_node/share/turtlebot3_fake_node/package.zsh'
[19.899s] Level 1:colcon.colcon_core.environment:create_file_with_runtime_dependencies(/home/ayush/Desktop/ROS2 /ROS2_NAV2/install/turtlebot3_fake_node/share/colcon-core/packages/turtlebot3_fake_node)
[22.272s] DEBUG:colcon.colcon_core.event_handler.log_command:Invoked command in '/home/ayush/Desktop/ROS2 /ROS2_NAV2/build/turtlebot3_gazebo' returned '0': CMAKE_PREFIX_PATH=/opt/ros/humble /usr/bin/cmake --build /home/ayush/Desktop/ROS2 /ROS2_NAV2/build/turtlebot3_gazebo -- -j8 -l8
[22.274s] DEBUG:colcon.colcon_core.event_handler.log_command:Invoking command in '/home/ayush/Desktop/ROS2 /ROS2_NAV2/build/turtlebot3_gazebo': CMAKE_PREFIX_PATH=/opt/ros/humble /usr/bin/cmake --install /home/ayush/Desktop/ROS2 /ROS2_NAV2/build/turtlebot3_gazebo
[22.304s] Level 1:colcon.colcon_core.environment:create_environment_scripts_only(turtlebot3_gazebo)
[22.304s] Level 1:colcon.colcon_core.environment:checking '/home/ayush/Desktop/ROS2 /ROS2_NAV2/install/turtlebot3_gazebo' for CMake module files
[22.308s] DEBUG:colcon.colcon_core.event_handler.log_command:Invoked command in '/home/ayush/Desktop/ROS2 /ROS2_NAV2/build/turtlebot3_gazebo' returned '0': CMAKE_PREFIX_PATH=/opt/ros/humble /usr/bin/cmake --install /home/ayush/Desktop/ROS2 /ROS2_NAV2/build/turtlebot3_gazebo
[22.309s] Level 1:colcon.colcon_core.environment:checking '/home/ayush/Desktop/ROS2 /ROS2_NAV2/install/turtlebot3_gazebo' for CMake config files
[22.311s] Level 1:colcon.colcon_core.shell:create_environment_hook('turtlebot3_gazebo', 'cmake_prefix_path')
[22.311s] INFO:colcon.colcon_core.shell:Creating environment hook '/home/ayush/Desktop/ROS2 /ROS2_NAV2/install/turtlebot3_gazebo/share/turtlebot3_gazebo/hook/cmake_prefix_path.ps1'
[22.312s] INFO:colcon.colcon_core.shell:Creating environment descriptor '/home/ayush/Desktop/ROS2 /ROS2_NAV2/install/turtlebot3_gazebo/share/turtlebot3_gazebo/hook/cmake_prefix_path.dsv'
[22.312s] INFO:colcon.colcon_core.shell:Creating environment hook '/home/ayush/Desktop/ROS2 /ROS2_NAV2/install/turtlebot3_gazebo/share/turtlebot3_gazebo/hook/cmake_prefix_path.sh'
[22.313s] Level 1:colcon.colcon_core.environment:checking '/home/ayush/Desktop/ROS2 /ROS2_NAV2/install/turtlebot3_gazebo/lib'
[22.313s] Level 1:colcon.colcon_core.environment:checking '/home/ayush/Desktop/ROS2 /ROS2_NAV2/install/turtlebot3_gazebo/bin'
[22.313s] Level 1:colcon.colcon_core.environment:checking '/home/ayush/Desktop/ROS2 /ROS2_NAV2/install/turtlebot3_gazebo/lib/pkgconfig/turtlebot3_gazebo.pc'
[22.314s] Level 1:colcon.colcon_core.environment:checking '/home/ayush/Desktop/ROS2 /ROS2_NAV2/install/turtlebot3_gazebo/lib/python3.10/site-packages'
[22.314s] Level 1:colcon.colcon_core.environment:checking '/home/ayush/Desktop/ROS2 /ROS2_NAV2/install/turtlebot3_gazebo/bin'
[22.315s] INFO:colcon.colcon_core.shell:Creating package script '/home/ayush/Desktop/ROS2 /ROS2_NAV2/install/turtlebot3_gazebo/share/turtlebot3_gazebo/package.ps1'
[22.315s] INFO:colcon.colcon_core.shell:Creating package descriptor '/home/ayush/Desktop/ROS2 /ROS2_NAV2/install/turtlebot3_gazebo/share/turtlebot3_gazebo/package.dsv'
[22.316s] INFO:colcon.colcon_core.shell:Creating package script '/home/ayush/Desktop/ROS2 /ROS2_NAV2/install/turtlebot3_gazebo/share/turtlebot3_gazebo/package.sh'
[22.316s] INFO:colcon.colcon_core.shell:Creating package script '/home/ayush/Desktop/ROS2 /ROS2_NAV2/install/turtlebot3_gazebo/share/turtlebot3_gazebo/package.bash'
[22.316s] INFO:colcon.colcon_core.shell:Creating package script '/home/ayush/Desktop/ROS2 /ROS2_NAV2/install/turtlebot3_gazebo/share/turtlebot3_gazebo/package.zsh'
[22.317s] Level 1:colcon.colcon_core.environment:create_file_with_runtime_dependencies(/home/ayush/Desktop/ROS2 /ROS2_NAV2/install/turtlebot3_gazebo/share/colcon-core/packages/turtlebot3_gazebo)
[22.317s] Level 1:colcon.colcon_core.environment:create_environment_scripts_only(turtlebot3_gazebo)
[22.318s] Level 1:colcon.colcon_core.environment:checking '/home/ayush/Desktop/ROS2 /ROS2_NAV2/install/turtlebot3_gazebo' for CMake module files
[22.318s] Level 1:colcon.colcon_core.environment:checking '/home/ayush/Desktop/ROS2 /ROS2_NAV2/install/turtlebot3_gazebo' for CMake config files
[22.320s] Level 1:colcon.colcon_core.shell:create_environment_hook('turtlebot3_gazebo', 'cmake_prefix_path')
[22.320s] INFO:colcon.colcon_core.shell:Creating environment hook '/home/ayush/Desktop/ROS2 /ROS2_NAV2/install/turtlebot3_gazebo/share/turtlebot3_gazebo/hook/cmake_prefix_path.ps1'
[22.321s] INFO:colcon.colcon_core.shell:Creating environment descriptor '/home/ayush/Desktop/ROS2 /ROS2_NAV2/install/turtlebot3_gazebo/share/turtlebot3_gazebo/hook/cmake_prefix_path.dsv'
[22.321s] INFO:colcon.colcon_core.shell:Creating environment hook '/home/ayush/Desktop/ROS2 /ROS2_NAV2/install/turtlebot3_gazebo/share/turtlebot3_gazebo/hook/cmake_prefix_path.sh'
[22.322s] Level 1:colcon.colcon_core.environment:checking '/home/ayush/Desktop/ROS2 /ROS2_NAV2/install/turtlebot3_gazebo/lib'
[22.322s] Level 1:colcon.colcon_core.environment:checking '/home/ayush/Desktop/ROS2 /ROS2_NAV2/install/turtlebot3_gazebo/bin'
[22.322s] Level 1:colcon.colcon_core.environment:checking '/home/ayush/Desktop/ROS2 /ROS2_NAV2/install/turtlebot3_gazebo/lib/pkgconfig/turtlebot3_gazebo.pc'
[22.322s] Level 1:colcon.colcon_core.environment:checking '/home/ayush/Desktop/ROS2 /ROS2_NAV2/install/turtlebot3_gazebo/lib/python3.10/site-packages'
[22.322s] Level 1:colcon.colcon_core.environment:checking '/home/ayush/Desktop/ROS2 /ROS2_NAV2/install/turtlebot3_gazebo/bin'
[22.323s] INFO:colcon.colcon_core.shell:Creating package script '/home/ayush/Desktop/ROS2 /ROS2_NAV2/install/turtlebot3_gazebo/share/turtlebot3_gazebo/package.ps1'
[22.323s] INFO:colcon.colcon_core.shell:Creating package descriptor '/home/ayush/Desktop/ROS2 /ROS2_NAV2/install/turtlebot3_gazebo/share/turtlebot3_gazebo/package.dsv'
[22.324s] INFO:colcon.colcon_core.shell:Creating package script '/home/ayush/Desktop/ROS2 /ROS2_NAV2/install/turtlebot3_gazebo/share/turtlebot3_gazebo/package.sh'
[22.324s] INFO:colcon.colcon_core.shell:Creating package script '/home/ayush/Desktop/ROS2 /ROS2_NAV2/install/turtlebot3_gazebo/share/turtlebot3_gazebo/package.bash'
[22.325s] INFO:colcon.colcon_core.shell:Creating package script '/home/ayush/Desktop/ROS2 /ROS2_NAV2/install/turtlebot3_gazebo/share/turtlebot3_gazebo/package.zsh'
[22.325s] Level 1:colcon.colcon_core.environment:create_file_with_runtime_dependencies(/home/ayush/Desktop/ROS2 /ROS2_NAV2/install/turtlebot3_gazebo/share/colcon-core/packages/turtlebot3_gazebo)
[22.325s] INFO:colcon.colcon_ros.task.ament_cmake.build:Building ROS package in '/home/ayush/Desktop/ROS2 /ROS2_NAV2/src/turtlebot3_simulations' with build type 'ament_cmake'
[22.326s] INFO:colcon.colcon_cmake.task.cmake.build:Building CMake package in '/home/ayush/Desktop/ROS2 /ROS2_NAV2/src/turtlebot3_simulations'
[22.326s] INFO:colcon.colcon_core.shell:Skip shell extension 'powershell' for command environment: Not usable outside of PowerShell
[22.326s] DEBUG:colcon.colcon_core.shell:Skip shell extension 'dsv' for command environment
[22.341s] DEBUG:colcon.colcon_core.event_handler.log_command:Invoking command in '/home/ayush/Desktop/ROS2 /ROS2_NAV2/build/turtlebot3_simulations': AMENT_PREFIX_PATH=/home/ayush/Desktop/ROS2 /ROS2_NAV2/install/turtlebot3_gazebo:/home/ayush/Desktop/ROS2 /ROS2_NAV2/install/turtlebot3_fake_node:${AMENT_PREFIX_PATH} CMAKE_PREFIX_PATH=/home/ayush/Desktop/ROS2 /ROS2_NAV2/install/turtlebot3_gazebo:/home/ayush/Desktop/ROS2 /ROS2_NAV2/install/turtlebot3_fake_node:/opt/ros/humble /usr/bin/cmake --build /home/ayush/Desktop/ROS2 /ROS2_NAV2/build/turtlebot3_simulations -- -j8 -l8
[22.621s] DEBUG:colcon.colcon_core.event_handler.log_command:Invoked command in '/home/ayush/Desktop/ROS2 /ROS2_NAV2/build/turtlebot3_simulations' returned '0': AMENT_PREFIX_PATH=/home/ayush/Desktop/ROS2 /ROS2_NAV2/install/turtlebot3_gazebo:/home/ayush/Desktop/ROS2 /ROS2_NAV2/install/turtlebot3_fake_node:${AMENT_PREFIX_PATH} CMAKE_PREFIX_PATH=/home/ayush/Desktop/ROS2 /ROS2_NAV2/install/turtlebot3_gazebo:/home/ayush/Desktop/ROS2 /ROS2_NAV2/install/turtlebot3_fake_node:/opt/ros/humble /usr/bin/cmake --build /home/ayush/Desktop/ROS2 /ROS2_NAV2/build/turtlebot3_simulations -- -j8 -l8
[22.622s] DEBUG:colcon.colcon_core.event_handler.log_command:Invoking command in '/home/ayush/Desktop/ROS2 /ROS2_NAV2/build/turtlebot3_simulations': AMENT_PREFIX_PATH=/home/ayush/Desktop/ROS2 /ROS2_NAV2/install/turtlebot3_gazebo:/home/ayush/Desktop/ROS2 /ROS2_NAV2/install/turtlebot3_fake_node:${AMENT_PREFIX_PATH} CMAKE_PREFIX_PATH=/home/ayush/Desktop/ROS2 /ROS2_NAV2/install/turtlebot3_gazebo:/home/ayush/Desktop/ROS2 /ROS2_NAV2/install/turtlebot3_fake_node:/opt/ros/humble /usr/bin/cmake --install /home/ayush/Desktop/ROS2 /ROS2_NAV2/build/turtlebot3_simulations
[22.636s] Level 1:colcon.colcon_core.environment:create_environment_scripts_only(turtlebot3_simulations)
[22.636s] Level 1:colcon.colcon_core.environment:checking '/home/ayush/Desktop/ROS2 /ROS2_NAV2/install/turtlebot3_simulations' for CMake module files
[22.636s] DEBUG:colcon.colcon_core.event_handler.log_command:Invoked command in '/home/ayush/Desktop/ROS2 /ROS2_NAV2/build/turtlebot3_simulations' returned '0': AMENT_PREFIX_PATH=/home/ayush/Desktop/ROS2 /ROS2_NAV2/install/turtlebot3_gazebo:/home/ayush/Desktop/ROS2 /ROS2_NAV2/install/turtlebot3_fake_node:${AMENT_PREFIX_PATH} CMAKE_PREFIX_PATH=/home/ayush/Desktop/ROS2 /ROS2_NAV2/install/turtlebot3_gazebo:/home/ayush/Desktop/ROS2 /ROS2_NAV2/install/turtlebot3_fake_node:/opt/ros/humble /usr/bin/cmake --install /home/ayush/Desktop/ROS2 /ROS2_NAV2/build/turtlebot3_simulations
[22.637s] Level 1:colcon.colcon_core.environment:checking '/home/ayush/Desktop/ROS2 /ROS2_NAV2/install/turtlebot3_simulations' for CMake config files
[22.637s] Level 1:colcon.colcon_core.shell:create_environment_hook('turtlebot3_simulations', 'cmake_prefix_path')
[22.637s] INFO:colcon.colcon_core.shell:Creating environment hook '/home/ayush/Desktop/ROS2 /ROS2_NAV2/install/turtlebot3_simulations/share/turtlebot3_simulations/hook/cmake_prefix_path.ps1'
[22.638s] INFO:colcon.colcon_core.shell:Creating environment descriptor '/home/ayush/Desktop/ROS2 /ROS2_NAV2/install/turtlebot3_simulations/share/turtlebot3_simulations/hook/cmake_prefix_path.dsv'
[22.638s] INFO:colcon.colcon_core.shell:Creating environment hook '/home/ayush/Desktop/ROS2 /ROS2_NAV2/install/turtlebot3_simulations/share/turtlebot3_simulations/hook/cmake_prefix_path.sh'
[22.639s] Level 1:colcon.colcon_core.environment:checking '/home/ayush/Desktop/ROS2 /ROS2_NAV2/install/turtlebot3_simulations/bin'
[22.639s] Level 1:colcon.colcon_core.environment:checking '/home/ayush/Desktop/ROS2 /ROS2_NAV2/install/turtlebot3_simulations/lib/pkgconfig/turtlebot3_simulations.pc'
[22.639s] Level 1:colcon.colcon_core.environment:checking '/home/ayush/Desktop/ROS2 /ROS2_NAV2/install/turtlebot3_simulations/lib/python3.10/site-packages'
[22.639s] Level 1:colcon.colcon_core.environment:checking '/home/ayush/Desktop/ROS2 /ROS2_NAV2/install/turtlebot3_simulations/bin'
[22.640s] INFO:colcon.colcon_core.shell:Creating package script '/home/ayush/Desktop/ROS2 /ROS2_NAV2/install/turtlebot3_simulations/share/turtlebot3_simulations/package.ps1'
[22.640s] INFO:colcon.colcon_core.shell:Creating package descriptor '/home/ayush/Desktop/ROS2 /ROS2_NAV2/install/turtlebot3_simulations/share/turtlebot3_simulations/package.dsv'
[22.640s] INFO:colcon.colcon_core.shell:Creating package script '/home/ayush/Desktop/ROS2 /ROS2_NAV2/install/turtlebot3_simulations/share/turtlebot3_simulations/package.sh'
[22.641s] INFO:colcon.colcon_core.shell:Creating package script '/home/ayush/Desktop/ROS2 /ROS2_NAV2/install/turtlebot3_simulations/share/turtlebot3_simulations/package.bash'
[22.641s] INFO:colcon.colcon_core.shell:Creating package script '/home/ayush/Desktop/ROS2 /ROS2_NAV2/install/turtlebot3_simulations/share/turtlebot3_simulations/package.zsh'
[22.641s] Level 1:colcon.colcon_core.environment:create_file_with_runtime_dependencies(/home/ayush/Desktop/ROS2 /ROS2_NAV2/install/turtlebot3_simulations/share/colcon-core/packages/turtlebot3_simulations)
[22.642s] Level 1:colcon.colcon_core.environment:create_environment_scripts_only(turtlebot3_simulations)
[22.642s] Level 1:colcon.colcon_core.environment:checking '/home/ayush/Desktop/ROS2 /ROS2_NAV2/install/turtlebot3_simulations' for CMake module files
[22.643s] Level 1:colcon.colcon_core.environment:checking '/home/ayush/Desktop/ROS2 /ROS2_NAV2/install/turtlebot3_simulations' for CMake config files
[22.643s] Level 1:colcon.colcon_core.shell:create_environment_hook('turtlebot3_simulations', 'cmake_prefix_path')
[22.643s] INFO:colcon.colcon_core.shell:Creating environment hook '/home/ayush/Desktop/ROS2 /ROS2_NAV2/install/turtlebot3_simulations/share/turtlebot3_simulations/hook/cmake_prefix_path.ps1'
[22.644s] INFO:colcon.colcon_core.shell:Creating environment descriptor '/home/ayush/Desktop/ROS2 /ROS2_NAV2/install/turtlebot3_simulations/share/turtlebot3_simulations/hook/cmake_prefix_path.dsv'
[22.644s] INFO:colcon.colcon_core.shell:Creating environment hook '/home/ayush/Desktop/ROS2 /ROS2_NAV2/install/turtlebot3_simulations/share/turtlebot3_simulations/hook/cmake_prefix_path.sh'
[22.644s] Level 1:colcon.colcon_core.environment:checking '/home/ayush/Desktop/ROS2 /ROS2_NAV2/install/turtlebot3_simulations/bin'
[22.645s] Level 1:colcon.colcon_core.environment:checking '/home/ayush/Desktop/ROS2 /ROS2_NAV2/install/turtlebot3_simulations/lib/pkgconfig/turtlebot3_simulations.pc'
[22.645s] Level 1:colcon.colcon_core.environment:checking '/home/ayush/Desktop/ROS2 /ROS2_NAV2/install/turtlebot3_simulations/lib/python3.10/site-packages'
[22.645s] Level 1:colcon.colcon_core.environment:checking '/home/ayush/Desktop/ROS2 /ROS2_NAV2/install/turtlebot3_simulations/bin'
[22.645s] INFO:colcon.colcon_core.shell:Creating package script '/home/ayush/Desktop/ROS2 /ROS2_NAV2/install/turtlebot3_simulations/share/turtlebot3_simulations/package.ps1'
[22.646s] INFO:colcon.colcon_core.shell:Creating package descriptor '/home/ayush/Desktop/ROS2 /ROS2_NAV2/install/turtlebot3_simulations/share/turtlebot3_simulations/package.dsv'
[22.646s] INFO:colcon.colcon_core.shell:Creating package script '/home/ayush/Desktop/ROS2 /ROS2_NAV2/install/turtlebot3_simulations/share/turtlebot3_simulations/package.sh'
[22.647s] INFO:colcon.colcon_core.shell:Creating package script '/home/ayush/Desktop/ROS2 /ROS2_NAV2/install/turtlebot3_simulations/share/turtlebot3_simulations/package.bash'
[22.647s] INFO:colcon.colcon_core.shell:Creating package script '/home/ayush/Desktop/ROS2 /ROS2_NAV2/install/turtlebot3_simulations/share/turtlebot3_simulations/package.zsh'
[22.648s] Level 1:colcon.colcon_core.environment:create_file_with_runtime_dependencies(/home/ayush/Desktop/ROS2 /ROS2_NAV2/install/turtlebot3_simulations/share/colcon-core/packages/turtlebot3_simulations)
[22.648s] DEBUG:colcon.colcon_parallel_executor.executor.parallel:closing loop
[22.649s] DEBUG:colcon.colcon_parallel_executor.executor.parallel:loop closed
[22.649s] DEBUG:colcon.colcon_parallel_executor.executor.parallel:run_until_complete finished with '0'
[22.650s] DEBUG:colcon.colcon_core.event_reactor:joining thread
[22.656s] INFO:colcon.colcon_core.plugin_system:Skipping extension 'colcon_notification.desktop_notification.terminal_notifier': Not used on non-Darwin systems
[22.656s] INFO:colcon.colcon_core.plugin_system:Skipping extension 'colcon_notification.desktop_notification.win32': Not used on non-Windows systems
[22.656s] INFO:colcon.colcon_notification.desktop_notification:Sending desktop notification using 'notify2'
[22.672s] DEBUG:colcon.colcon_core.event_reactor:joined thread
[22.672s] INFO:colcon.colcon_core.shell:Creating prefix script '/home/ayush/Desktop/ROS2 /ROS2_NAV2/install/local_setup.ps1'
[22.673s] INFO:colcon.colcon_core.shell:Creating prefix util module '/home/ayush/Desktop/ROS2 /ROS2_NAV2/install/_local_setup_util_ps1.py'
[22.675s] INFO:colcon.colcon_core.shell:Creating prefix chain script '/home/ayush/Desktop/ROS2 /ROS2_NAV2/install/setup.ps1'
[22.676s] INFO:colcon.colcon_core.shell:Creating prefix script '/home/ayush/Desktop/ROS2 /ROS2_NAV2/install/local_setup.sh'
[22.677s] INFO:colcon.colcon_core.shell:Creating prefix util module '/home/ayush/Desktop/ROS2 /ROS2_NAV2/install/_local_setup_util_sh.py'
[22.678s] INFO:colcon.colcon_core.shell:Creating prefix chain script '/home/ayush/Desktop/ROS2 /ROS2_NAV2/install/setup.sh'
[22.679s] INFO:colcon.colcon_core.shell:Creating prefix script '/home/ayush/Desktop/ROS2 /ROS2_NAV2/install/local_setup.bash'
[22.680s] INFO:colcon.colcon_core.shell:Creating prefix chain script '/home/ayush/Desktop/ROS2 /ROS2_NAV2/install/setup.bash'
[22.681s] INFO:colcon.colcon_core.shell:Creating prefix script '/home/ayush/Desktop/ROS2 /ROS2_NAV2/install/local_setup.zsh'
[22.682s] INFO:colcon.colcon_core.shell:Creating prefix chain script '/home/ayush/Desktop/ROS2 /ROS2_NAV2/install/setup.zsh'
