[0.114s] DEBUG:colcon:Command line arguments: ['/usr/bin/colcon', 'build', '--symlink-install']
[0.114s] DEBUG:colcon:Parsed command line arguments: Namespace(log_base=None, log_level=None, verb_name='build', build_base='build', install_base='install', merge_install=False, symlink_install=True, test_result_base=None, continue_on_error=False, executor='parallel', parallel_workers=8, event_handlers=None, ignore_user_meta=False, metas=['./colcon.meta'], base_paths=['.'], packages_ignore=None, packages_ignore_regex=None, paths=None, packages_up_to=None, packages_up_to_regex=None, packages_above=None, packages_above_and_dependencies=None, packages_above_depth=None, packages_select_by_dep=None, packages_skip_by_dep=None, packages_skip_up_to=None, packages_select_build_failed=False, packages_skip_build_finished=False, packages_select_test_failures=False, packages_skip_test_passed=False, packages_select=None, packages_skip=None, packages_select_regex=None, packages_skip_regex=None, packages_start=None, packages_end=None, allow_overriding=[], cmake_args=None, cmake_target=None, cmake_target_skip_unavailable=False, cmake_clean_cache=False, cmake_clean_first=False, cmake_force_configure=False, ament_cmake_args=None, catkin_cmake_args=None, catkin_skip_building_tests=False, verb_parser=<colcon_defaults.argument_parser.defaults.DefaultArgumentsDecorator object at 0x7622481650f0>, verb_extension=<colcon_core.verb.build.BuildVerb object at 0x76224827e530>, main=<bound method BuildVerb.main of <colcon_core.verb.build.BuildVerb object at 0x76224827e530>>)
[0.330s] Level 1:colcon.colcon_core.package_discovery:discover_packages(colcon_meta) check parameters
[0.330s] Level 1:colcon.colcon_core.package_discovery:discover_packages(recursive) check parameters
[0.330s] Level 1:colcon.colcon_core.package_discovery:discover_packages(ignore) check parameters
[0.330s] Level 1:colcon.colcon_core.package_discovery:discover_packages(path) check parameters
[0.330s] Level 1:colcon.colcon_core.package_discovery:discover_packages(colcon_meta) discover
[0.330s] Level 1:colcon.colcon_core.package_discovery:discover_packages(recursive) discover
[0.330s] INFO:colcon.colcon_core.package_discovery:Crawling recursively for packages in '/home/ayush/Desktop/ROS2 /ROS2_NAV2'
[0.330s] Level 1:colcon.colcon_core.package_identification:_identify(.) by extensions ['ignore', 'ignore_ament_install']
[0.330s] Level 1:colcon.colcon_core.package_identification:_identify(.) by extension 'ignore'
[0.330s] Level 1:colcon.colcon_core.package_identification:_identify(.) by extension 'ignore_ament_install'
[0.330s] Level 1:colcon.colcon_core.package_identification:_identify(.) by extensions ['colcon_pkg']
[0.330s] Level 1:colcon.colcon_core.package_identification:_identify(.) by extension 'colcon_pkg'
[0.330s] Level 1:colcon.colcon_core.package_identification:_identify(.) by extensions ['colcon_meta']
[0.330s] Level 1:colcon.colcon_core.package_identification:_identify(.) by extension 'colcon_meta'
[0.330s] Level 1:colcon.colcon_core.package_identification:_identify(.) by extensions ['ros']
[0.330s] Level 1:colcon.colcon_core.package_identification:_identify(.) by extension 'ros'
[0.342s] Level 1:colcon.colcon_core.package_identification:_identify(.) by extensions ['cmake', 'python']
[0.342s] Level 1:colcon.colcon_core.package_identification:_identify(.) by extension 'cmake'
[0.342s] Level 1:colcon.colcon_core.package_identification:_identify(.) by extension 'python'
[0.342s] Level 1:colcon.colcon_core.package_identification:_identify(.) by extensions ['python_setup_py']
[0.342s] Level 1:colcon.colcon_core.package_identification:_identify(.) by extension 'python_setup_py'
[0.342s] Level 1:colcon.colcon_core.package_identification:_identify(build) by extensions ['ignore', 'ignore_ament_install']
[0.342s] Level 1:colcon.colcon_core.package_identification:_identify(build) by extension 'ignore'
[0.342s] Level 1:colcon.colcon_core.package_identification:_identify(build) ignored
[0.342s] Level 1:colcon.colcon_core.package_identification:_identify(install) by extensions ['ignore', 'ignore_ament_install']
[0.343s] Level 1:colcon.colcon_core.package_identification:_identify(install) by extension 'ignore'
[0.343s] Level 1:colcon.colcon_core.package_identification:_identify(install) ignored
[0.343s] Level 1:colcon.colcon_core.package_identification:_identify(log) by extensions ['ignore', 'ignore_ament_install']
[0.343s] Level 1:colcon.colcon_core.package_identification:_identify(log) by extension 'ignore'
[0.343s] Level 1:colcon.colcon_core.package_identification:_identify(log) ignored
[0.343s] Level 1:colcon.colcon_core.package_identification:_identify(src) by extensions ['ignore', 'ignore_ament_install']
[0.343s] Level 1:colcon.colcon_core.package_identification:_identify(src) by extension 'ignore'
[0.343s] Level 1:colcon.colcon_core.package_identification:_identify(src) by extension 'ignore_ament_install'
[0.343s] Level 1:colcon.colcon_core.package_identification:_identify(src) by extensions ['colcon_pkg']
[0.343s] Level 1:colcon.colcon_core.package_identification:_identify(src) by extension 'colcon_pkg'
[0.343s] Level 1:colcon.colcon_core.package_identification:_identify(src) by extensions ['colcon_meta']
[0.343s] Level 1:colcon.colcon_core.package_identification:_identify(src) by extension 'colcon_meta'
[0.343s] Level 1:colcon.colcon_core.package_identification:_identify(src) by extensions ['ros']
[0.343s] Level 1:colcon.colcon_core.package_identification:_identify(src) by extension 'ros'
[0.343s] Level 1:colcon.colcon_core.package_identification:_identify(src) by extensions ['cmake', 'python']
[0.343s] Level 1:colcon.colcon_core.package_identification:_identify(src) by extension 'cmake'
[0.343s] Level 1:colcon.colcon_core.package_identification:_identify(src) by extension 'python'
[0.344s] Level 1:colcon.colcon_core.package_identification:_identify(src) by extensions ['python_setup_py']
[0.344s] Level 1:colcon.colcon_core.package_identification:_identify(src) by extension 'python_setup_py'
[0.344s] Level 1:colcon.colcon_core.package_identification:_identify(src/turtlebot3_fake_node) by extensions ['ignore', 'ignore_ament_install']
[0.344s] Level 1:colcon.colcon_core.package_identification:_identify(src/turtlebot3_fake_node) by extension 'ignore'
[0.344s] Level 1:colcon.colcon_core.package_identification:_identify(src/turtlebot3_fake_node) by extension 'ignore_ament_install'
[0.344s] Level 1:colcon.colcon_core.package_identification:_identify(src/turtlebot3_fake_node) by extensions ['colcon_pkg']
[0.344s] Level 1:colcon.colcon_core.package_identification:_identify(src/turtlebot3_fake_node) by extension 'colcon_pkg'
[0.344s] Level 1:colcon.colcon_core.package_identification:_identify(src/turtlebot3_fake_node) by extensions ['colcon_meta']
[0.344s] Level 1:colcon.colcon_core.package_identification:_identify(src/turtlebot3_fake_node) by extension 'colcon_meta'
[0.344s] Level 1:colcon.colcon_core.package_identification:_identify(src/turtlebot3_fake_node) by extensions ['ros']
[0.344s] Level 1:colcon.colcon_core.package_identification:_identify(src/turtlebot3_fake_node) by extension 'ros'
[0.349s] DEBUG:colcon.colcon_core.package_identification:Package 'src/turtlebot3_fake_node' with type 'ros.ament_cmake' and name 'turtlebot3_fake_node'
[0.349s] Level 1:colcon.colcon_core.package_identification:_identify(src/turtlebot3_gazebo) by extensions ['ignore', 'ignore_ament_install']
[0.349s] Level 1:colcon.colcon_core.package_identification:_identify(src/turtlebot3_gazebo) by extension 'ignore'
[0.349s] Level 1:colcon.colcon_core.package_identification:_identify(src/turtlebot3_gazebo) by extension 'ignore_ament_install'
[0.349s] Level 1:colcon.colcon_core.package_identification:_identify(src/turtlebot3_gazebo) by extensions ['colcon_pkg']
[0.349s] Level 1:colcon.colcon_core.package_identification:_identify(src/turtlebot3_gazebo) by extension 'colcon_pkg'
[0.349s] Level 1:colcon.colcon_core.package_identification:_identify(src/turtlebot3_gazebo) by extensions ['colcon_meta']
[0.349s] Level 1:colcon.colcon_core.package_identification:_identify(src/turtlebot3_gazebo) by extension 'colcon_meta'
[0.349s] Level 1:colcon.colcon_core.package_identification:_identify(src/turtlebot3_gazebo) by extensions ['ros']
[0.349s] Level 1:colcon.colcon_core.package_identification:_identify(src/turtlebot3_gazebo) by extension 'ros'
[0.351s] DEBUG:colcon.colcon_core.package_identification:Package 'src/turtlebot3_gazebo' with type 'ros.ament_cmake' and name 'turtlebot3_gazebo'
[0.351s] Level 1:colcon.colcon_core.package_identification:_identify(src/turtlebot3_simulations) by extensions ['ignore', 'ignore_ament_install']
[0.351s] Level 1:colcon.colcon_core.package_identification:_identify(src/turtlebot3_simulations) by extension 'ignore'
[0.351s] Level 1:colcon.colcon_core.package_identification:_identify(src/turtlebot3_simulations) by extension 'ignore_ament_install'
[0.351s] Level 1:colcon.colcon_core.package_identification:_identify(src/turtlebot3_simulations) by extensions ['colcon_pkg']
[0.351s] Level 1:colcon.colcon_core.package_identification:_identify(src/turtlebot3_simulations) by extension 'colcon_pkg'
[0.352s] Level 1:colcon.colcon_core.package_identification:_identify(src/turtlebot3_simulations) by extensions ['colcon_meta']
[0.352s] Level 1:colcon.colcon_core.package_identification:_identify(src/turtlebot3_simulations) by extension 'colcon_meta'
[0.352s] Level 1:colcon.colcon_core.package_identification:_identify(src/turtlebot3_simulations) by extensions ['ros']
[0.352s] Level 1:colcon.colcon_core.package_identification:_identify(src/turtlebot3_simulations) by extension 'ros'
[0.353s] DEBUG:colcon.colcon_core.package_identification:Package 'src/turtlebot3_simulations' with type 'ros.ament_cmake' and name 'turtlebot3_simulations'
[0.353s] Level 1:colcon.colcon_core.package_discovery:discover_packages(recursive) using defaults
[0.353s] Level 1:colcon.colcon_core.package_discovery:discover_packages(ignore) discover
[0.353s] Level 1:colcon.colcon_core.package_discovery:discover_packages(ignore) using defaults
[0.353s] Level 1:colcon.colcon_core.package_discovery:discover_packages(path) discover
[0.353s] Level 1:colcon.colcon_core.package_discovery:discover_packages(path) using defaults
[0.388s] Level 1:colcon.colcon_core.package_discovery:discover_packages(prefix_path) check parameters
[0.388s] Level 1:colcon.colcon_core.package_discovery:discover_packages(prefix_path) discover
[0.391s] DEBUG:colcon.colcon_installed_package_information.package_discovery:Found 402 installed packages in /opt/ros/humble
[0.393s] Level 1:colcon.colcon_core.package_discovery:discover_packages(prefix_path) using defaults
[0.447s] Level 5:colcon.colcon_core.verb:set package 'turtlebot3_fake_node' build argument 'cmake_args' from command line to 'None'
[0.447s] Level 5:colcon.colcon_core.verb:set package 'turtlebot3_fake_node' build argument 'cmake_target' from command line to 'None'
[0.447s] Level 5:colcon.colcon_core.verb:set package 'turtlebot3_fake_node' build argument 'cmake_target_skip_unavailable' from command line to 'False'
[0.447s] Level 5:colcon.colcon_core.verb:set package 'turtlebot3_fake_node' build argument 'cmake_clean_cache' from command line to 'False'
[0.447s] Level 5:colcon.colcon_core.verb:set package 'turtlebot3_fake_node' build argument 'cmake_clean_first' from command line to 'False'
[0.447s] Level 5:colcon.colcon_core.verb:set package 'turtlebot3_fake_node' build argument 'cmake_force_configure' from command line to 'False'
[0.447s] Level 5:colcon.colcon_core.verb:set package 'turtlebot3_fake_node' build argument 'ament_cmake_args' from command line to 'None'
[0.447s] Level 5:colcon.colcon_core.verb:set package 'turtlebot3_fake_node' build argument 'catkin_cmake_args' from command line to 'None'
[0.447s] Level 5:colcon.colcon_core.verb:set package 'turtlebot3_fake_node' build argument 'catkin_skip_building_tests' from command line to 'False'
[0.447s] DEBUG:colcon.colcon_core.verb:Building package 'turtlebot3_fake_node' with the following arguments: {'ament_cmake_args': None, 'build_base': '/home/ayush/Desktop/ROS2 /ROS2_NAV2/build/turtlebot3_fake_node', 'catkin_cmake_args': None, 'catkin_skip_building_tests': False, 'cmake_args': None, 'cmake_clean_cache': False, 'cmake_clean_first': False, 'cmake_force_configure': False, 'cmake_target': None, 'cmake_target_skip_unavailable': False, 'install_base': '/home/ayush/Desktop/ROS2 /ROS2_NAV2/install/turtlebot3_fake_node', 'merge_install': False, 'path': '/home/ayush/Desktop/ROS2 /ROS2_NAV2/src/turtlebot3_fake_node', 'symlink_install': True, 'test_result_base': None}
[0.447s] Level 5:colcon.colcon_core.verb:set package 'turtlebot3_gazebo' build argument 'cmake_args' from command line to 'None'
[0.447s] Level 5:colcon.colcon_core.verb:set package 'turtlebot3_gazebo' build argument 'cmake_target' from command line to 'None'
[0.447s] Level 5:colcon.colcon_core.verb:set package 'turtlebot3_gazebo' build argument 'cmake_target_skip_unavailable' from command line to 'False'
[0.447s] Level 5:colcon.colcon_core.verb:set package 'turtlebot3_gazebo' build argument 'cmake_clean_cache' from command line to 'False'
[0.447s] Level 5:colcon.colcon_core.verb:set package 'turtlebot3_gazebo' build argument 'cmake_clean_first' from command line to 'False'
[0.447s] Level 5:colcon.colcon_core.verb:set package 'turtlebot3_gazebo' build argument 'cmake_force_configure' from command line to 'False'
[0.447s] Level 5:colcon.colcon_core.verb:set package 'turtlebot3_gazebo' build argument 'ament_cmake_args' from command line to 'None'
[0.447s] Level 5:colcon.colcon_core.verb:set package 'turtlebot3_gazebo' build argument 'catkin_cmake_args' from command line to 'None'
[0.447s] Level 5:colcon.colcon_core.verb:set package 'turtlebot3_gazebo' build argument 'catkin_skip_building_tests' from command line to 'False'
[0.447s] DEBUG:colcon.colcon_core.verb:Building package 'turtlebot3_gazebo' with the following arguments: {'ament_cmake_args': None, 'build_base': '/home/ayush/Desktop/ROS2 /ROS2_NAV2/build/turtlebot3_gazebo', 'catkin_cmake_args': None, 'catkin_skip_building_tests': False, 'cmake_args': None, 'cmake_clean_cache': False, 'cmake_clean_first': False, 'cmake_force_configure': False, 'cmake_target': None, 'cmake_target_skip_unavailable': False, 'install_base': '/home/ayush/Desktop/ROS2 /ROS2_NAV2/install/turtlebot3_gazebo', 'merge_install': False, 'path': '/home/ayush/Desktop/ROS2 /ROS2_NAV2/src/turtlebot3_gazebo', 'symlink_install': True, 'test_result_base': None}
[0.448s] Level 5:colcon.colcon_core.verb:set package 'turtlebot3_simulations' build argument 'cmake_args' from command line to 'None'
[0.448s] Level 5:colcon.colcon_core.verb:set package 'turtlebot3_simulations' build argument 'cmake_target' from command line to 'None'
[0.448s] Level 5:colcon.colcon_core.verb:set package 'turtlebot3_simulations' build argument 'cmake_target_skip_unavailable' from command line to 'False'
[0.448s] Level 5:colcon.colcon_core.verb:set package 'turtlebot3_simulations' build argument 'cmake_clean_cache' from command line to 'False'
[0.448s] Level 5:colcon.colcon_core.verb:set package 'turtlebot3_simulations' build argument 'cmake_clean_first' from command line to 'False'
[0.448s] Level 5:colcon.colcon_core.verb:set package 'turtlebot3_simulations' build argument 'cmake_force_configure' from command line to 'False'
[0.448s] Level 5:colcon.colcon_core.verb:set package 'turtlebot3_simulations' build argument 'ament_cmake_args' from command line to 'None'
[0.448s] Level 5:colcon.colcon_core.verb:set package 'turtlebot3_simulations' build argument 'catkin_cmake_args' from command line to 'None'
[0.448s] Level 5:colcon.colcon_core.verb:set package 'turtlebot3_simulations' build argument 'catkin_skip_building_tests' from command line to 'False'
[0.448s] DEBUG:colcon.colcon_core.verb:Building package 'turtlebot3_simulations' with the following arguments: {'ament_cmake_args': None, 'build_base': '/home/ayush/Desktop/ROS2 /ROS2_NAV2/build/turtlebot3_simulations', 'catkin_cmake_args': None, 'catkin_skip_building_tests': False, 'cmake_args': None, 'cmake_clean_cache': False, 'cmake_clean_first': False, 'cmake_force_configure': False, 'cmake_target': None, 'cmake_target_skip_unavailable': False, 'install_base': '/home/ayush/Desktop/ROS2 /ROS2_NAV2/install/turtlebot3_simulations', 'merge_install': False, 'path': '/home/ayush/Desktop/ROS2 /ROS2_NAV2/src/turtlebot3_simulations', 'symlink_install': True, 'test_result_base': None}
[0.448s] INFO:colcon.colcon_core.executor:Executing jobs using 'parallel' executor
[0.449s] DEBUG:colcon.colcon_parallel_executor.executor.parallel:run_until_complete
[0.450s] INFO:colcon.colcon_ros.task.ament_cmake.build:Building ROS package in '/home/ayush/Desktop/ROS2 /ROS2_NAV2/src/turtlebot3_fake_node' with build type 'ament_cmake'
[0.450s] INFO:colcon.colcon_cmake.task.cmake.build:Building CMake package in '/home/ayush/Desktop/ROS2 /ROS2_NAV2/src/turtlebot3_fake_node'
[0.452s] INFO:colcon.colcon_core.plugin_system:Skipping extension 'colcon_core.shell.bat': Not used on non-Windows systems
[0.452s] INFO:colcon.colcon_core.shell:Skip shell extension 'powershell' for command environment: Not usable outside of PowerShell
[0.452s] DEBUG:colcon.colcon_core.shell:Skip shell extension 'dsv' for command environment
[0.455s] INFO:colcon.colcon_ros.task.ament_cmake.build:Building ROS package in '/home/ayush/Desktop/ROS2 /ROS2_NAV2/src/turtlebot3_gazebo' with build type 'ament_cmake'
[0.455s] INFO:colcon.colcon_cmake.task.cmake.build:Building CMake package in '/home/ayush/Desktop/ROS2 /ROS2_NAV2/src/turtlebot3_gazebo'
[0.456s] INFO:colcon.colcon_core.shell:Skip shell extension 'powershell' for command environment: Not usable outside of PowerShell
[0.456s] DEBUG:colcon.colcon_core.shell:Skip shell extension 'dsv' for command environment
[0.463s] DEBUG:colcon.colcon_core.event_handler.log_command:Invoking command in '/home/ayush/Desktop/ROS2 /ROS2_NAV2/build/turtlebot3_fake_node': CMAKE_PREFIX_PATH=/opt/ros/humble /usr/bin/cmake /home/ayush/Desktop/ROS2 /ROS2_NAV2/src/turtlebot3_fake_node -DAMENT_CMAKE_SYMLINK_INSTALL=1 -DCMAKE_INSTALL_PREFIX=/home/ayush/Desktop/ROS2 /ROS2_NAV2/install/turtlebot3_fake_node
[0.469s] DEBUG:colcon.colcon_core.event_handler.log_command:Invoking command in '/home/ayush/Desktop/ROS2 /ROS2_NAV2/build/turtlebot3_gazebo': CMAKE_PREFIX_PATH=/opt/ros/humble /usr/bin/cmake /home/ayush/Desktop/ROS2 /ROS2_NAV2/src/turtlebot3_gazebo -DAMENT_CMAKE_SYMLINK_INSTALL=1 -DCMAKE_INSTALL_PREFIX=/home/ayush/Desktop/ROS2 /ROS2_NAV2/install/turtlebot3_gazebo
[1.047s] DEBUG:colcon.colcon_core.event_handler.log_command:Invoked command in '/home/ayush/Desktop/ROS2 /ROS2_NAV2/build/turtlebot3_fake_node' returned '0': CMAKE_PREFIX_PATH=/opt/ros/humble /usr/bin/cmake /home/ayush/Desktop/ROS2 /ROS2_NAV2/src/turtlebot3_fake_node -DAMENT_CMAKE_SYMLINK_INSTALL=1 -DCMAKE_INSTALL_PREFIX=/home/ayush/Desktop/ROS2 /ROS2_NAV2/install/turtlebot3_fake_node
[1.048s] DEBUG:colcon.colcon_core.event_handler.log_command:Invoking command in '/home/ayush/Desktop/ROS2 /ROS2_NAV2/build/turtlebot3_fake_node': CMAKE_PREFIX_PATH=/opt/ros/humble /usr/bin/cmake --build /home/ayush/Desktop/ROS2 /ROS2_NAV2/build/turtlebot3_fake_node -- -j8 -l8
[1.685s] DEBUG:colcon.colcon_core.event_handler.log_command:Invoked command in '/home/ayush/Desktop/ROS2 /ROS2_NAV2/build/turtlebot3_gazebo' returned '0': CMAKE_PREFIX_PATH=/opt/ros/humble /usr/bin/cmake /home/ayush/Desktop/ROS2 /ROS2_NAV2/src/turtlebot3_gazebo -DAMENT_CMAKE_SYMLINK_INSTALL=1 -DCMAKE_INSTALL_PREFIX=/home/ayush/Desktop/ROS2 /ROS2_NAV2/install/turtlebot3_gazebo
[1.685s] DEBUG:colcon.colcon_core.event_handler.log_command:Invoking command in '/home/ayush/Desktop/ROS2 /ROS2_NAV2/build/turtlebot3_gazebo': CMAKE_PREFIX_PATH=/opt/ros/humble /usr/bin/cmake --build /home/ayush/Desktop/ROS2 /ROS2_NAV2/build/turtlebot3_gazebo -- -j8 -l8
[1.804s] DEBUG:colcon.colcon_core.event_handler.log_command:Invoked command in '/home/ayush/Desktop/ROS2 /ROS2_NAV2/build/turtlebot3_fake_node' returned '0': CMAKE_PREFIX_PATH=/opt/ros/humble /usr/bin/cmake --build /home/ayush/Desktop/ROS2 /ROS2_NAV2/build/turtlebot3_fake_node -- -j8 -l8
[1.818s] DEBUG:colcon.colcon_core.event_handler.log_command:Invoking command in '/home/ayush/Desktop/ROS2 /ROS2_NAV2/build/turtlebot3_fake_node': CMAKE_PREFIX_PATH=/opt/ros/humble /usr/bin/cmake --install /home/ayush/Desktop/ROS2 /ROS2_NAV2/build/turtlebot3_fake_node
[2.083s] Level 1:colcon.colcon_core.environment:create_environment_scripts_only(turtlebot3_fake_node)
[2.084s] DEBUG:colcon.colcon_core.event_handler.log_command:Invoked command in '/home/ayush/Desktop/ROS2 /ROS2_NAV2/build/turtlebot3_fake_node' returned '0': CMAKE_PREFIX_PATH=/opt/ros/humble /usr/bin/cmake --install /home/ayush/Desktop/ROS2 /ROS2_NAV2/build/turtlebot3_fake_node
[2.087s] Level 1:colcon.colcon_core.environment:checking '/home/ayush/Desktop/ROS2 /ROS2_NAV2/install/turtlebot3_fake_node' for CMake module files
[2.089s] Level 1:colcon.colcon_core.environment:checking '/home/ayush/Desktop/ROS2 /ROS2_NAV2/install/turtlebot3_fake_node' for CMake config files
[2.089s] Level 1:colcon.colcon_core.shell:create_environment_hook('turtlebot3_fake_node', 'cmake_prefix_path')
[2.090s] INFO:colcon.colcon_core.shell:Creating environment hook '/home/ayush/Desktop/ROS2 /ROS2_NAV2/install/turtlebot3_fake_node/share/turtlebot3_fake_node/hook/cmake_prefix_path.ps1'
[2.091s] INFO:colcon.colcon_core.shell:Creating environment descriptor '/home/ayush/Desktop/ROS2 /ROS2_NAV2/install/turtlebot3_fake_node/share/turtlebot3_fake_node/hook/cmake_prefix_path.dsv'
[2.091s] INFO:colcon.colcon_core.shell:Creating environment hook '/home/ayush/Desktop/ROS2 /ROS2_NAV2/install/turtlebot3_fake_node/share/turtlebot3_fake_node/hook/cmake_prefix_path.sh'
[2.093s] Level 1:colcon.colcon_core.environment:checking '/home/ayush/Desktop/ROS2 /ROS2_NAV2/install/turtlebot3_fake_node/lib'
[2.093s] Level 1:colcon.colcon_core.environment:checking '/home/ayush/Desktop/ROS2 /ROS2_NAV2/install/turtlebot3_fake_node/bin'
[2.093s] Level 1:colcon.colcon_core.environment:checking '/home/ayush/Desktop/ROS2 /ROS2_NAV2/install/turtlebot3_fake_node/lib/pkgconfig/turtlebot3_fake_node.pc'
[2.093s] Level 1:colcon.colcon_core.environment:checking '/home/ayush/Desktop/ROS2 /ROS2_NAV2/install/turtlebot3_fake_node/lib/python3.10/site-packages'
[2.094s] Level 1:colcon.colcon_core.environment:checking '/home/ayush/Desktop/ROS2 /ROS2_NAV2/install/turtlebot3_fake_node/bin'
[2.094s] INFO:colcon.colcon_core.shell:Creating package script '/home/ayush/Desktop/ROS2 /ROS2_NAV2/install/turtlebot3_fake_node/share/turtlebot3_fake_node/package.ps1'
[2.095s] INFO:colcon.colcon_core.shell:Creating package descriptor '/home/ayush/Desktop/ROS2 /ROS2_NAV2/install/turtlebot3_fake_node/share/turtlebot3_fake_node/package.dsv'
[2.096s] INFO:colcon.colcon_core.shell:Creating package script '/home/ayush/Desktop/ROS2 /ROS2_NAV2/install/turtlebot3_fake_node/share/turtlebot3_fake_node/package.sh'
[2.097s] INFO:colcon.colcon_core.shell:Creating package script '/home/ayush/Desktop/ROS2 /ROS2_NAV2/install/turtlebot3_fake_node/share/turtlebot3_fake_node/package.bash'
[2.097s] INFO:colcon.colcon_core.shell:Creating package script '/home/ayush/Desktop/ROS2 /ROS2_NAV2/install/turtlebot3_fake_node/share/turtlebot3_fake_node/package.zsh'
[2.098s] Level 1:colcon.colcon_core.environment:create_file_with_runtime_dependencies(/home/ayush/Desktop/ROS2 /ROS2_NAV2/install/turtlebot3_fake_node/share/colcon-core/packages/turtlebot3_fake_node)
[2.099s] Level 1:colcon.colcon_core.environment:create_environment_scripts_only(turtlebot3_fake_node)
[2.099s] Level 1:colcon.colcon_core.environment:checking '/home/ayush/Desktop/ROS2 /ROS2_NAV2/install/turtlebot3_fake_node' for CMake module files
[2.100s] Level 1:colcon.colcon_core.environment:checking '/home/ayush/Desktop/ROS2 /ROS2_NAV2/install/turtlebot3_fake_node' for CMake config files
[2.100s] Level 1:colcon.colcon_core.shell:create_environment_hook('turtlebot3_fake_node', 'cmake_prefix_path')
[2.100s] INFO:colcon.colcon_core.shell:Creating environment hook '/home/ayush/Desktop/ROS2 /ROS2_NAV2/install/turtlebot3_fake_node/share/turtlebot3_fake_node/hook/cmake_prefix_path.ps1'
[2.101s] INFO:colcon.colcon_core.shell:Creating environment descriptor '/home/ayush/Desktop/ROS2 /ROS2_NAV2/install/turtlebot3_fake_node/share/turtlebot3_fake_node/hook/cmake_prefix_path.dsv'
[2.101s] INFO:colcon.colcon_core.shell:Creating environment hook '/home/ayush/Desktop/ROS2 /ROS2_NAV2/install/turtlebot3_fake_node/share/turtlebot3_fake_node/hook/cmake_prefix_path.sh'
[2.102s] Level 1:colcon.colcon_core.environment:checking '/home/ayush/Desktop/ROS2 /ROS2_NAV2/install/turtlebot3_fake_node/lib'
[2.102s] Level 1:colcon.colcon_core.environment:checking '/home/ayush/Desktop/ROS2 /ROS2_NAV2/install/turtlebot3_fake_node/bin'
[2.102s] Level 1:colcon.colcon_core.environment:checking '/home/ayush/Desktop/ROS2 /ROS2_NAV2/install/turtlebot3_fake_node/lib/pkgconfig/turtlebot3_fake_node.pc'
[2.102s] Level 1:colcon.colcon_core.environment:checking '/home/ayush/Desktop/ROS2 /ROS2_NAV2/install/turtlebot3_fake_node/lib/python3.10/site-packages'
[2.102s] Level 1:colcon.colcon_core.environment:checking '/home/ayush/Desktop/ROS2 /ROS2_NAV2/install/turtlebot3_fake_node/bin'
[2.103s] INFO:colcon.colcon_core.shell:Creating package script '/home/ayush/Desktop/ROS2 /ROS2_NAV2/install/turtlebot3_fake_node/share/turtlebot3_fake_node/package.ps1'
[2.103s] INFO:colcon.colcon_core.shell:Creating package descriptor '/home/ayush/Desktop/ROS2 /ROS2_NAV2/install/turtlebot3_fake_node/share/turtlebot3_fake_node/package.dsv'
[2.104s] INFO:colcon.colcon_core.shell:Creating package script '/home/ayush/Desktop/ROS2 /ROS2_NAV2/install/turtlebot3_fake_node/share/turtlebot3_fake_node/package.sh'
[2.104s] INFO:colcon.colcon_core.shell:Creating package script '/home/ayush/Desktop/ROS2 /ROS2_NAV2/install/turtlebot3_fake_node/share/turtlebot3_fake_node/package.bash'
[2.105s] INFO:colcon.colcon_core.shell:Creating package script '/home/ayush/Desktop/ROS2 /ROS2_NAV2/install/turtlebot3_fake_node/share/turtlebot3_fake_node/package.zsh'
[2.105s] Level 1:colcon.colcon_core.environment:create_file_with_runtime_dependencies(/home/ayush/Desktop/ROS2 /ROS2_NAV2/install/turtlebot3_fake_node/share/colcon-core/packages/turtlebot3_fake_node)
[2.437s] DEBUG:colcon.colcon_core.event_handler.log_command:Invoked command in '/home/ayush/Desktop/ROS2 /ROS2_NAV2/build/turtlebot3_gazebo' returned '0': CMAKE_PREFIX_PATH=/opt/ros/humble /usr/bin/cmake --build /home/ayush/Desktop/ROS2 /ROS2_NAV2/build/turtlebot3_gazebo -- -j8 -l8
[2.438s] DEBUG:colcon.colcon_core.event_handler.log_command:Invoking command in '/home/ayush/Desktop/ROS2 /ROS2_NAV2/build/turtlebot3_gazebo': CMAKE_PREFIX_PATH=/opt/ros/humble /usr/bin/cmake --install /home/ayush/Desktop/ROS2 /ROS2_NAV2/build/turtlebot3_gazebo
[3.203s] Level 1:colcon.colcon_core.environment:create_environment_scripts_only(turtlebot3_gazebo)
[3.204s] Level 1:colcon.colcon_core.environment:checking '/home/ayush/Desktop/ROS2 /ROS2_NAV2/install/turtlebot3_gazebo' for CMake module files
[3.204s] DEBUG:colcon.colcon_core.event_handler.log_command:Invoked command in '/home/ayush/Desktop/ROS2 /ROS2_NAV2/build/turtlebot3_gazebo' returned '0': CMAKE_PREFIX_PATH=/opt/ros/humble /usr/bin/cmake --install /home/ayush/Desktop/ROS2 /ROS2_NAV2/build/turtlebot3_gazebo
[3.205s] Level 1:colcon.colcon_core.environment:checking '/home/ayush/Desktop/ROS2 /ROS2_NAV2/install/turtlebot3_gazebo' for CMake config files
[3.207s] Level 1:colcon.colcon_core.shell:create_environment_hook('turtlebot3_gazebo', 'cmake_prefix_path')
[3.207s] INFO:colcon.colcon_core.shell:Creating environment hook '/home/ayush/Desktop/ROS2 /ROS2_NAV2/install/turtlebot3_gazebo/share/turtlebot3_gazebo/hook/cmake_prefix_path.ps1'
[3.208s] INFO:colcon.colcon_core.shell:Creating environment descriptor '/home/ayush/Desktop/ROS2 /ROS2_NAV2/install/turtlebot3_gazebo/share/turtlebot3_gazebo/hook/cmake_prefix_path.dsv'
[3.208s] INFO:colcon.colcon_core.shell:Creating environment hook '/home/ayush/Desktop/ROS2 /ROS2_NAV2/install/turtlebot3_gazebo/share/turtlebot3_gazebo/hook/cmake_prefix_path.sh'
[3.209s] Level 1:colcon.colcon_core.environment:checking '/home/ayush/Desktop/ROS2 /ROS2_NAV2/install/turtlebot3_gazebo/lib'
[3.209s] Level 1:colcon.colcon_core.environment:checking '/home/ayush/Desktop/ROS2 /ROS2_NAV2/install/turtlebot3_gazebo/bin'
[3.209s] Level 1:colcon.colcon_core.environment:checking '/home/ayush/Desktop/ROS2 /ROS2_NAV2/install/turtlebot3_gazebo/lib/pkgconfig/turtlebot3_gazebo.pc'
[3.209s] Level 1:colcon.colcon_core.environment:checking '/home/ayush/Desktop/ROS2 /ROS2_NAV2/install/turtlebot3_gazebo/lib/python3.10/site-packages'
[3.209s] Level 1:colcon.colcon_core.environment:checking '/home/ayush/Desktop/ROS2 /ROS2_NAV2/install/turtlebot3_gazebo/bin'
[3.210s] INFO:colcon.colcon_core.shell:Creating package script '/home/ayush/Desktop/ROS2 /ROS2_NAV2/install/turtlebot3_gazebo/share/turtlebot3_gazebo/package.ps1'
[3.210s] INFO:colcon.colcon_core.shell:Creating package descriptor '/home/ayush/Desktop/ROS2 /ROS2_NAV2/install/turtlebot3_gazebo/share/turtlebot3_gazebo/package.dsv'
[3.211s] INFO:colcon.colcon_core.shell:Creating package script '/home/ayush/Desktop/ROS2 /ROS2_NAV2/install/turtlebot3_gazebo/share/turtlebot3_gazebo/package.sh'
[3.211s] INFO:colcon.colcon_core.shell:Creating package script '/home/ayush/Desktop/ROS2 /ROS2_NAV2/install/turtlebot3_gazebo/share/turtlebot3_gazebo/package.bash'
[3.212s] INFO:colcon.colcon_core.shell:Creating package script '/home/ayush/Desktop/ROS2 /ROS2_NAV2/install/turtlebot3_gazebo/share/turtlebot3_gazebo/package.zsh'
[3.212s] Level 1:colcon.colcon_core.environment:create_file_with_runtime_dependencies(/home/ayush/Desktop/ROS2 /ROS2_NAV2/install/turtlebot3_gazebo/share/colcon-core/packages/turtlebot3_gazebo)
[3.213s] Level 1:colcon.colcon_core.environment:create_environment_scripts_only(turtlebot3_gazebo)
[3.213s] Level 1:colcon.colcon_core.environment:checking '/home/ayush/Desktop/ROS2 /ROS2_NAV2/install/turtlebot3_gazebo' for CMake module files
[3.214s] Level 1:colcon.colcon_core.environment:checking '/home/ayush/Desktop/ROS2 /ROS2_NAV2/install/turtlebot3_gazebo' for CMake config files
[3.217s] Level 1:colcon.colcon_core.shell:create_environment_hook('turtlebot3_gazebo', 'cmake_prefix_path')
[3.217s] INFO:colcon.colcon_core.shell:Creating environment hook '/home/ayush/Desktop/ROS2 /ROS2_NAV2/install/turtlebot3_gazebo/share/turtlebot3_gazebo/hook/cmake_prefix_path.ps1'
[3.218s] INFO:colcon.colcon_core.shell:Creating environment descriptor '/home/ayush/Desktop/ROS2 /ROS2_NAV2/install/turtlebot3_gazebo/share/turtlebot3_gazebo/hook/cmake_prefix_path.dsv'
[3.218s] INFO:colcon.colcon_core.shell:Creating environment hook '/home/ayush/Desktop/ROS2 /ROS2_NAV2/install/turtlebot3_gazebo/share/turtlebot3_gazebo/hook/cmake_prefix_path.sh'
[3.219s] Level 1:colcon.colcon_core.environment:checking '/home/ayush/Desktop/ROS2 /ROS2_NAV2/install/turtlebot3_gazebo/lib'
[3.219s] Level 1:colcon.colcon_core.environment:checking '/home/ayush/Desktop/ROS2 /ROS2_NAV2/install/turtlebot3_gazebo/bin'
[3.219s] Level 1:colcon.colcon_core.environment:checking '/home/ayush/Desktop/ROS2 /ROS2_NAV2/install/turtlebot3_gazebo/lib/pkgconfig/turtlebot3_gazebo.pc'
[3.220s] Level 1:colcon.colcon_core.environment:checking '/home/ayush/Desktop/ROS2 /ROS2_NAV2/install/turtlebot3_gazebo/lib/python3.10/site-packages'
[3.220s] Level 1:colcon.colcon_core.environment:checking '/home/ayush/Desktop/ROS2 /ROS2_NAV2/install/turtlebot3_gazebo/bin'
[3.220s] INFO:colcon.colcon_core.shell:Creating package script '/home/ayush/Desktop/ROS2 /ROS2_NAV2/install/turtlebot3_gazebo/share/turtlebot3_gazebo/package.ps1'
[3.221s] INFO:colcon.colcon_core.shell:Creating package descriptor '/home/ayush/Desktop/ROS2 /ROS2_NAV2/install/turtlebot3_gazebo/share/turtlebot3_gazebo/package.dsv'
[3.222s] INFO:colcon.colcon_core.shell:Creating package script '/home/ayush/Desktop/ROS2 /ROS2_NAV2/install/turtlebot3_gazebo/share/turtlebot3_gazebo/package.sh'
[3.222s] INFO:colcon.colcon_core.shell:Creating package script '/home/ayush/Desktop/ROS2 /ROS2_NAV2/install/turtlebot3_gazebo/share/turtlebot3_gazebo/package.bash'
[3.223s] INFO:colcon.colcon_core.shell:Creating package script '/home/ayush/Desktop/ROS2 /ROS2_NAV2/install/turtlebot3_gazebo/share/turtlebot3_gazebo/package.zsh'
[3.223s] Level 1:colcon.colcon_core.environment:create_file_with_runtime_dependencies(/home/ayush/Desktop/ROS2 /ROS2_NAV2/install/turtlebot3_gazebo/share/colcon-core/packages/turtlebot3_gazebo)
[3.224s] INFO:colcon.colcon_ros.task.ament_cmake.build:Building ROS package in '/home/ayush/Desktop/ROS2 /ROS2_NAV2/src/turtlebot3_simulations' with build type 'ament_cmake'
[3.224s] INFO:colcon.colcon_cmake.task.cmake.build:Building CMake package in '/home/ayush/Desktop/ROS2 /ROS2_NAV2/src/turtlebot3_simulations'
[3.224s] INFO:colcon.colcon_core.shell:Skip shell extension 'powershell' for command environment: Not usable outside of PowerShell
[3.225s] DEBUG:colcon.colcon_core.shell:Skip shell extension 'dsv' for command environment
[3.237s] DEBUG:colcon.colcon_core.event_handler.log_command:Invoking command in '/home/ayush/Desktop/ROS2 /ROS2_NAV2/build/turtlebot3_simulations': AMENT_PREFIX_PATH=/home/ayush/Desktop/ROS2 /ROS2_NAV2/install/turtlebot3_gazebo:/home/ayush/Desktop/ROS2 /ROS2_NAV2/install/turtlebot3_fake_node:${AMENT_PREFIX_PATH} CMAKE_PREFIX_PATH=/home/ayush/Desktop/ROS2 /ROS2_NAV2/install/turtlebot3_gazebo:/home/ayush/Desktop/ROS2 /ROS2_NAV2/install/turtlebot3_fake_node:/opt/ros/humble /usr/bin/cmake /home/ayush/Desktop/ROS2 /ROS2_NAV2/src/turtlebot3_simulations -DAMENT_CMAKE_SYMLINK_INSTALL=1 -DCMAKE_INSTALL_PREFIX=/home/ayush/Desktop/ROS2 /ROS2_NAV2/install/turtlebot3_simulations
[3.459s] DEBUG:colcon.colcon_core.event_handler.log_command:Invoked command in '/home/ayush/Desktop/ROS2 /ROS2_NAV2/build/turtlebot3_simulations' returned '0': AMENT_PREFIX_PATH=/home/ayush/Desktop/ROS2 /ROS2_NAV2/install/turtlebot3_gazebo:/home/ayush/Desktop/ROS2 /ROS2_NAV2/install/turtlebot3_fake_node:${AMENT_PREFIX_PATH} CMAKE_PREFIX_PATH=/home/ayush/Desktop/ROS2 /ROS2_NAV2/install/turtlebot3_gazebo:/home/ayush/Desktop/ROS2 /ROS2_NAV2/install/turtlebot3_fake_node:/opt/ros/humble /usr/bin/cmake /home/ayush/Desktop/ROS2 /ROS2_NAV2/src/turtlebot3_simulations -DAMENT_CMAKE_SYMLINK_INSTALL=1 -DCMAKE_INSTALL_PREFIX=/home/ayush/Desktop/ROS2 /ROS2_NAV2/install/turtlebot3_simulations
[3.461s] DEBUG:colcon.colcon_core.event_handler.log_command:Invoking command in '/home/ayush/Desktop/ROS2 /ROS2_NAV2/build/turtlebot3_simulations': AMENT_PREFIX_PATH=/home/ayush/Desktop/ROS2 /ROS2_NAV2/install/turtlebot3_gazebo:/home/ayush/Desktop/ROS2 /ROS2_NAV2/install/turtlebot3_fake_node:${AMENT_PREFIX_PATH} CMAKE_PREFIX_PATH=/home/ayush/Desktop/ROS2 /ROS2_NAV2/install/turtlebot3_gazebo:/home/ayush/Desktop/ROS2 /ROS2_NAV2/install/turtlebot3_fake_node:/opt/ros/humble /usr/bin/cmake --build /home/ayush/Desktop/ROS2 /ROS2_NAV2/build/turtlebot3_simulations -- -j8 -l8
[3.501s] DEBUG:colcon.colcon_core.event_handler.log_command:Invoked command in '/home/ayush/Desktop/ROS2 /ROS2_NAV2/build/turtlebot3_simulations' returned '0': AMENT_PREFIX_PATH=/home/ayush/Desktop/ROS2 /ROS2_NAV2/install/turtlebot3_gazebo:/home/ayush/Desktop/ROS2 /ROS2_NAV2/install/turtlebot3_fake_node:${AMENT_PREFIX_PATH} CMAKE_PREFIX_PATH=/home/ayush/Desktop/ROS2 /ROS2_NAV2/install/turtlebot3_gazebo:/home/ayush/Desktop/ROS2 /ROS2_NAV2/install/turtlebot3_fake_node:/opt/ros/humble /usr/bin/cmake --build /home/ayush/Desktop/ROS2 /ROS2_NAV2/build/turtlebot3_simulations -- -j8 -l8
[3.502s] DEBUG:colcon.colcon_core.event_handler.log_command:Invoking command in '/home/ayush/Desktop/ROS2 /ROS2_NAV2/build/turtlebot3_simulations': AMENT_PREFIX_PATH=/home/ayush/Desktop/ROS2 /ROS2_NAV2/install/turtlebot3_gazebo:/home/ayush/Desktop/ROS2 /ROS2_NAV2/install/turtlebot3_fake_node:${AMENT_PREFIX_PATH} CMAKE_PREFIX_PATH=/home/ayush/Desktop/ROS2 /ROS2_NAV2/install/turtlebot3_gazebo:/home/ayush/Desktop/ROS2 /ROS2_NAV2/install/turtlebot3_fake_node:/opt/ros/humble /usr/bin/cmake --install /home/ayush/Desktop/ROS2 /ROS2_NAV2/build/turtlebot3_simulations
[3.650s] Level 1:colcon.colcon_core.environment:create_environment_scripts_only(turtlebot3_simulations)
[3.650s] DEBUG:colcon.colcon_core.event_handler.log_command:Invoked command in '/home/ayush/Desktop/ROS2 /ROS2_NAV2/build/turtlebot3_simulations' returned '0': AMENT_PREFIX_PATH=/home/ayush/Desktop/ROS2 /ROS2_NAV2/install/turtlebot3_gazebo:/home/ayush/Desktop/ROS2 /ROS2_NAV2/install/turtlebot3_fake_node:${AMENT_PREFIX_PATH} CMAKE_PREFIX_PATH=/home/ayush/Desktop/ROS2 /ROS2_NAV2/install/turtlebot3_gazebo:/home/ayush/Desktop/ROS2 /ROS2_NAV2/install/turtlebot3_fake_node:/opt/ros/humble /usr/bin/cmake --install /home/ayush/Desktop/ROS2 /ROS2_NAV2/build/turtlebot3_simulations
[3.651s] Level 1:colcon.colcon_core.environment:checking '/home/ayush/Desktop/ROS2 /ROS2_NAV2/install/turtlebot3_simulations' for CMake module files
[3.652s] Level 1:colcon.colcon_core.environment:checking '/home/ayush/Desktop/ROS2 /ROS2_NAV2/install/turtlebot3_simulations' for CMake config files
[3.652s] Level 1:colcon.colcon_core.shell:create_environment_hook('turtlebot3_simulations', 'cmake_prefix_path')
[3.652s] INFO:colcon.colcon_core.shell:Creating environment hook '/home/ayush/Desktop/ROS2 /ROS2_NAV2/install/turtlebot3_simulations/share/turtlebot3_simulations/hook/cmake_prefix_path.ps1'
[3.653s] INFO:colcon.colcon_core.shell:Creating environment descriptor '/home/ayush/Desktop/ROS2 /ROS2_NAV2/install/turtlebot3_simulations/share/turtlebot3_simulations/hook/cmake_prefix_path.dsv'
[3.653s] INFO:colcon.colcon_core.shell:Creating environment hook '/home/ayush/Desktop/ROS2 /ROS2_NAV2/install/turtlebot3_simulations/share/turtlebot3_simulations/hook/cmake_prefix_path.sh'
[3.654s] Level 1:colcon.colcon_core.environment:checking '/home/ayush/Desktop/ROS2 /ROS2_NAV2/install/turtlebot3_simulations/bin'
[3.654s] Level 1:colcon.colcon_core.environment:checking '/home/ayush/Desktop/ROS2 /ROS2_NAV2/install/turtlebot3_simulations/lib/pkgconfig/turtlebot3_simulations.pc'
[3.655s] Level 1:colcon.colcon_core.environment:checking '/home/ayush/Desktop/ROS2 /ROS2_NAV2/install/turtlebot3_simulations/lib/python3.10/site-packages'
[3.655s] Level 1:colcon.colcon_core.environment:checking '/home/ayush/Desktop/ROS2 /ROS2_NAV2/install/turtlebot3_simulations/bin'
[3.655s] INFO:colcon.colcon_core.shell:Creating package script '/home/ayush/Desktop/ROS2 /ROS2_NAV2/install/turtlebot3_simulations/share/turtlebot3_simulations/package.ps1'
[3.656s] INFO:colcon.colcon_core.shell:Creating package descriptor '/home/ayush/Desktop/ROS2 /ROS2_NAV2/install/turtlebot3_simulations/share/turtlebot3_simulations/package.dsv'
[3.657s] INFO:colcon.colcon_core.shell:Creating package script '/home/ayush/Desktop/ROS2 /ROS2_NAV2/install/turtlebot3_simulations/share/turtlebot3_simulations/package.sh'
[3.657s] INFO:colcon.colcon_core.shell:Creating package script '/home/ayush/Desktop/ROS2 /ROS2_NAV2/install/turtlebot3_simulations/share/turtlebot3_simulations/package.bash'
[3.658s] INFO:colcon.colcon_core.shell:Creating package script '/home/ayush/Desktop/ROS2 /ROS2_NAV2/install/turtlebot3_simulations/share/turtlebot3_simulations/package.zsh'
[3.658s] Level 1:colcon.colcon_core.environment:create_file_with_runtime_dependencies(/home/ayush/Desktop/ROS2 /ROS2_NAV2/install/turtlebot3_simulations/share/colcon-core/packages/turtlebot3_simulations)
[3.659s] Level 1:colcon.colcon_core.environment:create_environment_scripts_only(turtlebot3_simulations)
[3.659s] Level 1:colcon.colcon_core.environment:checking '/home/ayush/Desktop/ROS2 /ROS2_NAV2/install/turtlebot3_simulations' for CMake module files
[3.660s] Level 1:colcon.colcon_core.environment:checking '/home/ayush/Desktop/ROS2 /ROS2_NAV2/install/turtlebot3_simulations' for CMake config files
[3.661s] Level 1:colcon.colcon_core.shell:create_environment_hook('turtlebot3_simulations', 'cmake_prefix_path')
[3.661s] INFO:colcon.colcon_core.shell:Creating environment hook '/home/ayush/Desktop/ROS2 /ROS2_NAV2/install/turtlebot3_simulations/share/turtlebot3_simulations/hook/cmake_prefix_path.ps1'
[3.661s] INFO:colcon.colcon_core.shell:Creating environment descriptor '/home/ayush/Desktop/ROS2 /ROS2_NAV2/install/turtlebot3_simulations/share/turtlebot3_simulations/hook/cmake_prefix_path.dsv'
[3.662s] INFO:colcon.colcon_core.shell:Creating environment hook '/home/ayush/Desktop/ROS2 /ROS2_NAV2/install/turtlebot3_simulations/share/turtlebot3_simulations/hook/cmake_prefix_path.sh'
[3.663s] Level 1:colcon.colcon_core.environment:checking '/home/ayush/Desktop/ROS2 /ROS2_NAV2/install/turtlebot3_simulations/bin'
[3.663s] Level 1:colcon.colcon_core.environment:checking '/home/ayush/Desktop/ROS2 /ROS2_NAV2/install/turtlebot3_simulations/lib/pkgconfig/turtlebot3_simulations.pc'
[3.663s] Level 1:colcon.colcon_core.environment:checking '/home/ayush/Desktop/ROS2 /ROS2_NAV2/install/turtlebot3_simulations/lib/python3.10/site-packages'
[3.663s] Level 1:colcon.colcon_core.environment:checking '/home/ayush/Desktop/ROS2 /ROS2_NAV2/install/turtlebot3_simulations/bin'
[3.664s] INFO:colcon.colcon_core.shell:Creating package script '/home/ayush/Desktop/ROS2 /ROS2_NAV2/install/turtlebot3_simulations/share/turtlebot3_simulations/package.ps1'
[3.665s] INFO:colcon.colcon_core.shell:Creating package descriptor '/home/ayush/Desktop/ROS2 /ROS2_NAV2/install/turtlebot3_simulations/share/turtlebot3_simulations/package.dsv'
[3.665s] INFO:colcon.colcon_core.shell:Creating package script '/home/ayush/Desktop/ROS2 /ROS2_NAV2/install/turtlebot3_simulations/share/turtlebot3_simulations/package.sh'
[3.666s] INFO:colcon.colcon_core.shell:Creating package script '/home/ayush/Desktop/ROS2 /ROS2_NAV2/install/turtlebot3_simulations/share/turtlebot3_simulations/package.bash'
[3.667s] INFO:colcon.colcon_core.shell:Creating package script '/home/ayush/Desktop/ROS2 /ROS2_NAV2/install/turtlebot3_simulations/share/turtlebot3_simulations/package.zsh'
[3.667s] Level 1:colcon.colcon_core.environment:create_file_with_runtime_dependencies(/home/ayush/Desktop/ROS2 /ROS2_NAV2/install/turtlebot3_simulations/share/colcon-core/packages/turtlebot3_simulations)
[3.667s] DEBUG:colcon.colcon_parallel_executor.executor.parallel:closing loop
[3.668s] DEBUG:colcon.colcon_parallel_executor.executor.parallel:loop closed
[3.668s] DEBUG:colcon.colcon_parallel_executor.executor.parallel:run_until_complete finished with '0'
[3.668s] DEBUG:colcon.colcon_core.event_reactor:joining thread
[3.675s] INFO:colcon.colcon_core.plugin_system:Skipping extension 'colcon_notification.desktop_notification.terminal_notifier': Not used on non-Darwin systems
[3.675s] INFO:colcon.colcon_core.plugin_system:Skipping extension 'colcon_notification.desktop_notification.win32': Not used on non-Windows systems
[3.676s] INFO:colcon.colcon_notification.desktop_notification:Sending desktop notification using 'notify2'
[3.690s] DEBUG:colcon.colcon_core.event_reactor:joined thread
[3.690s] INFO:colcon.colcon_core.shell:Creating prefix script '/home/ayush/Desktop/ROS2 /ROS2_NAV2/install/local_setup.ps1'
[3.691s] INFO:colcon.colcon_core.shell:Creating prefix util module '/home/ayush/Desktop/ROS2 /ROS2_NAV2/install/_local_setup_util_ps1.py'
[3.693s] INFO:colcon.colcon_core.shell:Creating prefix chain script '/home/ayush/Desktop/ROS2 /ROS2_NAV2/install/setup.ps1'
[3.695s] INFO:colcon.colcon_core.shell:Creating prefix script '/home/ayush/Desktop/ROS2 /ROS2_NAV2/install/local_setup.sh'
[3.695s] INFO:colcon.colcon_core.shell:Creating prefix util module '/home/ayush/Desktop/ROS2 /ROS2_NAV2/install/_local_setup_util_sh.py'
[3.696s] INFO:colcon.colcon_core.shell:Creating prefix chain script '/home/ayush/Desktop/ROS2 /ROS2_NAV2/install/setup.sh'
[3.698s] INFO:colcon.colcon_core.shell:Creating prefix script '/home/ayush/Desktop/ROS2 /ROS2_NAV2/install/local_setup.bash'
[3.698s] INFO:colcon.colcon_core.shell:Creating prefix chain script '/home/ayush/Desktop/ROS2 /ROS2_NAV2/install/setup.bash'
[3.700s] INFO:colcon.colcon_core.shell:Creating prefix script '/home/ayush/Desktop/ROS2 /ROS2_NAV2/install/local_setup.zsh'
[3.700s] INFO:colcon.colcon_core.shell:Creating prefix chain script '/home/ayush/Desktop/ROS2 /ROS2_NAV2/install/setup.zsh'
