[0.012s] Invoking command in '/home/ayush/Desktop/ROS2 /ROS2_NAV2/build/turtlebot3_simulations': AMENT_PREFIX_PATH=/home/ayush/Desktop/ROS2 /ROS2_NAV2/install/turtlebot3_gazebo:/home/ayush/Desktop/ROS2 /ROS2_NAV2/install/turtlebot3_fake_node:${AMENT_PREFIX_PATH} CMAKE_PREFIX_PATH=/home/ayush/Desktop/ROS2 /ROS2_NAV2/install/turtlebot3_gazebo:/home/ayush/Desktop/ROS2 /ROS2_NAV2/install/turtlebot3_fake_node:/opt/ros/humble /usr/bin/cmake /home/ayush/Desktop/ROS2 /ROS2_NAV2/src/turtlebot3_simulations -DCMAKE_INSTALL_PREFIX=/home/ayush/Desktop/ROS2 /ROS2_NAV2/install/turtlebot3_simulations
[0.085s] -- The C compiler identification is GNU 11.4.0
[0.163s] -- The CXX compiler identification is GNU 11.4.0
[0.174s] -- Detecting C compiler ABI info
[0.247s] -- Detecting C compiler ABI info - done
[0.255s] -- Check for working C compiler: /usr/bin/cc - skipped
[0.256s] -- Detecting C compile features
[0.256s] -- Detecting C compile features - done
[0.260s] -- Detecting CXX compiler ABI info
[0.348s] -- Detecting CXX compiler ABI info - done
[0.357s] -- Check for working CXX compiler: /usr/bin/c++ - skipped
[0.358s] -- Detecting CXX compile features
[0.358s] -- Detecting CXX compile features - done
[0.372s] -- Found ament_cmake: 1.3.11 (/opt/ros/humble/share/ament_cmake/cmake)
[0.569s] -- Found Python3: /usr/bin/python3 (found version "3.10.12") found components: Interpreter 
[0.747s] -- Configuring done
[0.750s] -- Generating done
[0.751s] -- Build files have been written to: /home/ayush/Desktop/ROS2 /ROS2_NAV2/build/turtlebot3_simulations
[0.755s] Invoked command in '/home/ayush/Desktop/ROS2 /ROS2_NAV2/build/turtlebot3_simulations' returned '0': AMENT_PREFIX_PATH=/home/ayush/Desktop/ROS2 /ROS2_NAV2/install/turtlebot3_gazebo:/home/ayush/Desktop/ROS2 /ROS2_NAV2/install/turtlebot3_fake_node:${AMENT_PREFIX_PATH} CMAKE_PREFIX_PATH=/home/ayush/Desktop/ROS2 /ROS2_NAV2/install/turtlebot3_gazebo:/home/ayush/Desktop/ROS2 /ROS2_NAV2/install/turtlebot3_fake_node:/opt/ros/humble /usr/bin/cmake /home/ayush/Desktop/ROS2 /ROS2_NAV2/src/turtlebot3_simulations -DCMAKE_INSTALL_PREFIX=/home/ayush/Desktop/ROS2 /ROS2_NAV2/install/turtlebot3_simulations
[0.756s] Invoking command in '/home/ayush/Desktop/ROS2 /ROS2_NAV2/build/turtlebot3_simulations': AMENT_PREFIX_PATH=/home/ayush/Desktop/ROS2 /ROS2_NAV2/install/turtlebot3_gazebo:/home/ayush/Desktop/ROS2 /ROS2_NAV2/install/turtlebot3_fake_node:${AMENT_PREFIX_PATH} CMAKE_PREFIX_PATH=/home/ayush/Desktop/ROS2 /ROS2_NAV2/install/turtlebot3_gazebo:/home/ayush/Desktop/ROS2 /ROS2_NAV2/install/turtlebot3_fake_node:/opt/ros/humble /usr/bin/cmake --build /home/ayush/Desktop/ROS2 /ROS2_NAV2/build/turtlebot3_simulations -- -j8 -l8
[0.791s] Invoked command in '/home/ayush/Desktop/ROS2 /ROS2_NAV2/build/turtlebot3_simulations' returned '0': AMENT_PREFIX_PATH=/home/ayush/Desktop/ROS2 /ROS2_NAV2/install/turtlebot3_gazebo:/home/ayush/Desktop/ROS2 /ROS2_NAV2/install/turtlebot3_fake_node:${AMENT_PREFIX_PATH} CMAKE_PREFIX_PATH=/home/ayush/Desktop/ROS2 /ROS2_NAV2/install/turtlebot3_gazebo:/home/ayush/Desktop/ROS2 /ROS2_NAV2/install/turtlebot3_fake_node:/opt/ros/humble /usr/bin/cmake --build /home/ayush/Desktop/ROS2 /ROS2_NAV2/build/turtlebot3_simulations -- -j8 -l8
[0.793s] Invoking command in '/home/ayush/Desktop/ROS2 /ROS2_NAV2/build/turtlebot3_simulations': AMENT_PREFIX_PATH=/home/ayush/Desktop/ROS2 /ROS2_NAV2/install/turtlebot3_gazebo:/home/ayush/Desktop/ROS2 /ROS2_NAV2/install/turtlebot3_fake_node:${AMENT_PREFIX_PATH} CMAKE_PREFIX_PATH=/home/ayush/Desktop/ROS2 /ROS2_NAV2/install/turtlebot3_gazebo:/home/ayush/Desktop/ROS2 /ROS2_NAV2/install/turtlebot3_fake_node:/opt/ros/humble /usr/bin/cmake --install /home/ayush/Desktop/ROS2 /ROS2_NAV2/build/turtlebot3_simulations
[0.799s] -- Install configuration: ""
[0.799s] -- Installing: /home/ayush/Desktop/ROS2 /ROS2_NAV2/install/turtlebot3_simulations/share/ament_index/resource_index/package_run_dependencies/turtlebot3_simulations
[0.799s] -- Installing: /home/ayush/Desktop/ROS2 /ROS2_NAV2/install/turtlebot3_simulations/share/ament_index/resource_index/parent_prefix_path/turtlebot3_simulations
[0.799s] -- Installing: /home/ayush/Desktop/ROS2 /ROS2_NAV2/install/turtlebot3_simulations/share/turtlebot3_simulations/environment/ament_prefix_path.sh
[0.800s] -- Installing: /home/ayush/Desktop/ROS2 /ROS2_NAV2/install/turtlebot3_simulations/share/turtlebot3_simulations/environment/ament_prefix_path.dsv
[0.800s] -- Installing: /home/ayush/Desktop/ROS2 /ROS2_NAV2/install/turtlebot3_simulations/share/turtlebot3_simulations/environment/path.sh
[0.800s] -- Installing: /home/ayush/Desktop/ROS2 /ROS2_NAV2/install/turtlebot3_simulations/share/turtlebot3_simulations/environment/path.dsv
[0.800s] -- Installing: /home/ayush/Desktop/ROS2 /ROS2_NAV2/install/turtlebot3_simulations/share/turtlebot3_simulations/local_setup.bash
[0.800s] -- Installing: /home/ayush/Desktop/ROS2 /ROS2_NAV2/install/turtlebot3_simulations/share/turtlebot3_simulations/local_setup.sh
[0.800s] -- Installing: /home/ayush/Desktop/ROS2 /ROS2_NAV2/install/turtlebot3_simulations/share/turtlebot3_simulations/local_setup.zsh
[0.800s] -- Installing: /home/ayush/Desktop/ROS2 /ROS2_NAV2/install/turtlebot3_simulations/share/turtlebot3_simulations/local_setup.dsv
[0.800s] -- Installing: /home/ayush/Desktop/ROS2 /ROS2_NAV2/install/turtlebot3_simulations/share/turtlebot3_simulations/package.dsv
[0.801s] -- Installing: /home/ayush/Desktop/ROS2 /ROS2_NAV2/install/turtlebot3_simulations/share/ament_index/resource_index/packages/turtlebot3_simulations
[0.801s] -- Installing: /home/ayush/Desktop/ROS2 /ROS2_NAV2/install/turtlebot3_simulations/share/turtlebot3_simulations/cmake/turtlebot3_simulationsConfig.cmake
[0.801s] -- Installing: /home/ayush/Desktop/ROS2 /ROS2_NAV2/install/turtlebot3_simulations/share/turtlebot3_simulations/cmake/turtlebot3_simulationsConfig-version.cmake
[0.801s] -- Installing: /home/ayush/Desktop/ROS2 /ROS2_NAV2/install/turtlebot3_simulations/share/turtlebot3_simulations/package.xml
[0.803s] Invoked command in '/home/ayush/Desktop/ROS2 /ROS2_NAV2/build/turtlebot3_simulations' returned '0': AMENT_PREFIX_PATH=/home/ayush/Desktop/ROS2 /ROS2_NAV2/install/turtlebot3_gazebo:/home/ayush/Desktop/ROS2 /ROS2_NAV2/install/turtlebot3_fake_node:${AMENT_PREFIX_PATH} CMAKE_PREFIX_PATH=/home/ayush/Desktop/ROS2 /ROS2_NAV2/install/turtlebot3_gazebo:/home/ayush/Desktop/ROS2 /ROS2_NAV2/install/turtlebot3_fake_node:/opt/ros/humble /usr/bin/cmake --install /home/ayush/Desktop/ROS2 /ROS2_NAV2/build/turtlebot3_simulations
