[0.011s] Invoking command in '/home/ayush/Desktop/ROS2 /ROS2_NAV2/build/turtlebot3_simulations': AMENT_PREFIX_PATH=/home/ayush/Desktop/ROS2 /ROS2_NAV2/install/turtlebot3_gazebo:/home/ayush/Desktop/ROS2 /ROS2_NAV2/install/turtlebot3_fake_node:${AMENT_PREFIX_PATH} CMAKE_PREFIX_PATH=/home/ayush/Desktop/ROS2 /ROS2_NAV2/install/turtlebot3_gazebo:/home/ayush/Desktop/ROS2 /ROS2_NAV2/install/turtlebot3_fake_node:/opt/ros/humble /usr/bin/cmake /home/ayush/Desktop/ROS2 /ROS2_NAV2/src/turtlebot3_simulations -DAMENT_CMAKE_SYMLINK_INSTALL=1 -DCMAKE_INSTALL_PREFIX=/home/ayush/Desktop/ROS2 /ROS2_NAV2/install/turtlebot3_simulations
[0.024s] -- Found ament_cmake: 1.3.11 (/opt/ros/humble/share/ament_cmake/cmake)
[0.146s] -- Override CMake install command with custom implementation using symlinks instead of copying resources
[0.227s] -- Configuring done
[0.229s] -- Generating done
[0.231s] -- Build files have been written to: /home/ayush/Desktop/ROS2 /ROS2_NAV2/build/turtlebot3_simulations
[0.233s] Invoked command in '/home/ayush/Desktop/ROS2 /ROS2_NAV2/build/turtlebot3_simulations' returned '0': AMENT_PREFIX_PATH=/home/ayush/Desktop/ROS2 /ROS2_NAV2/install/turtlebot3_gazebo:/home/ayush/Desktop/ROS2 /ROS2_NAV2/install/turtlebot3_fake_node:${AMENT_PREFIX_PATH} CMAKE_PREFIX_PATH=/home/ayush/Desktop/ROS2 /ROS2_NAV2/install/turtlebot3_gazebo:/home/ayush/Desktop/ROS2 /ROS2_NAV2/install/turtlebot3_fake_node:/opt/ros/humble /usr/bin/cmake /home/ayush/Desktop/ROS2 /ROS2_NAV2/src/turtlebot3_simulations -DAMENT_CMAKE_SYMLINK_INSTALL=1 -DCMAKE_INSTALL_PREFIX=/home/ayush/Desktop/ROS2 /ROS2_NAV2/install/turtlebot3_simulations
[0.235s] Invoking command in '/home/ayush/Desktop/ROS2 /ROS2_NAV2/build/turtlebot3_simulations': AMENT_PREFIX_PATH=/home/ayush/Desktop/ROS2 /ROS2_NAV2/install/turtlebot3_gazebo:/home/ayush/Desktop/ROS2 /ROS2_NAV2/install/turtlebot3_fake_node:${AMENT_PREFIX_PATH} CMAKE_PREFIX_PATH=/home/ayush/Desktop/ROS2 /ROS2_NAV2/install/turtlebot3_gazebo:/home/ayush/Desktop/ROS2 /ROS2_NAV2/install/turtlebot3_fake_node:/opt/ros/humble /usr/bin/cmake --build /home/ayush/Desktop/ROS2 /ROS2_NAV2/build/turtlebot3_simulations -- -j8 -l8
[0.275s] Invoked command in '/home/ayush/Desktop/ROS2 /ROS2_NAV2/build/turtlebot3_simulations' returned '0': AMENT_PREFIX_PATH=/home/ayush/Desktop/ROS2 /ROS2_NAV2/install/turtlebot3_gazebo:/home/ayush/Desktop/ROS2 /ROS2_NAV2/install/turtlebot3_fake_node:${AMENT_PREFIX_PATH} CMAKE_PREFIX_PATH=/home/ayush/Desktop/ROS2 /ROS2_NAV2/install/turtlebot3_gazebo:/home/ayush/Desktop/ROS2 /ROS2_NAV2/install/turtlebot3_fake_node:/opt/ros/humble /usr/bin/cmake --build /home/ayush/Desktop/ROS2 /ROS2_NAV2/build/turtlebot3_simulations -- -j8 -l8
[0.276s] Invoking command in '/home/ayush/Desktop/ROS2 /ROS2_NAV2/build/turtlebot3_simulations': AMENT_PREFIX_PATH=/home/ayush/Desktop/ROS2 /ROS2_NAV2/install/turtlebot3_gazebo:/home/ayush/Desktop/ROS2 /ROS2_NAV2/install/turtlebot3_fake_node:${AMENT_PREFIX_PATH} CMAKE_PREFIX_PATH=/home/ayush/Desktop/ROS2 /ROS2_NAV2/install/turtlebot3_gazebo:/home/ayush/Desktop/ROS2 /ROS2_NAV2/install/turtlebot3_fake_node:/opt/ros/humble /usr/bin/cmake --install /home/ayush/Desktop/ROS2 /ROS2_NAV2/build/turtlebot3_simulations
[0.284s] -- Install configuration: ""
[0.285s] -- Execute custom install script
[0.285s] -- Symlinking: /home/ayush/Desktop/ROS2 /ROS2_NAV2/install/turtlebot3_simulations/share/ament_index/resource_index/package_run_dependencies/turtlebot3_simulations
[0.294s] -- Symlinking: /home/ayush/Desktop/ROS2 /ROS2_NAV2/install/turtlebot3_simulations/share/ament_index/resource_index/parent_prefix_path/turtlebot3_simulations
[0.303s] -- Symlinking: /home/ayush/Desktop/ROS2 /ROS2_NAV2/install/turtlebot3_simulations/share/turtlebot3_simulations/environment/ament_prefix_path.sh
[0.312s] -- Symlinking: /home/ayush/Desktop/ROS2 /ROS2_NAV2/install/turtlebot3_simulations/share/turtlebot3_simulations/environment/ament_prefix_path.dsv
[0.321s] -- Symlinking: /home/ayush/Desktop/ROS2 /ROS2_NAV2/install/turtlebot3_simulations/share/turtlebot3_simulations/environment/path.sh
[0.331s] -- Symlinking: /home/ayush/Desktop/ROS2 /ROS2_NAV2/install/turtlebot3_simulations/share/turtlebot3_simulations/environment/path.dsv
[0.341s] -- Symlinking: /home/ayush/Desktop/ROS2 /ROS2_NAV2/install/turtlebot3_simulations/share/turtlebot3_simulations/local_setup.bash
[0.350s] -- Symlinking: /home/ayush/Desktop/ROS2 /ROS2_NAV2/install/turtlebot3_simulations/share/turtlebot3_simulations/local_setup.sh
[0.360s] -- Symlinking: /home/ayush/Desktop/ROS2 /ROS2_NAV2/install/turtlebot3_simulations/share/turtlebot3_simulations/local_setup.zsh
[0.370s] -- Symlinking: /home/ayush/Desktop/ROS2 /ROS2_NAV2/install/turtlebot3_simulations/share/turtlebot3_simulations/local_setup.dsv
[0.378s] -- Symlinking: /home/ayush/Desktop/ROS2 /ROS2_NAV2/install/turtlebot3_simulations/share/turtlebot3_simulations/package.dsv
[0.387s] -- Symlinking: /home/ayush/Desktop/ROS2 /ROS2_NAV2/install/turtlebot3_simulations/share/ament_index/resource_index/packages/turtlebot3_simulations
[0.397s] -- Symlinking: /home/ayush/Desktop/ROS2 /ROS2_NAV2/install/turtlebot3_simulations/share/turtlebot3_simulations/cmake/turtlebot3_simulationsConfig.cmake
[0.404s] -- Symlinking: /home/ayush/Desktop/ROS2 /ROS2_NAV2/install/turtlebot3_simulations/share/turtlebot3_simulations/cmake/turtlebot3_simulationsConfig-version.cmake
[0.413s] -- Symlinking: /home/ayush/Desktop/ROS2 /ROS2_NAV2/install/turtlebot3_simulations/share/turtlebot3_simulations/package.xml
[0.425s] Invoked command in '/home/ayush/Desktop/ROS2 /ROS2_NAV2/build/turtlebot3_simulations' returned '0': AMENT_PREFIX_PATH=/home/ayush/Desktop/ROS2 /ROS2_NAV2/install/turtlebot3_gazebo:/home/ayush/Desktop/ROS2 /ROS2_NAV2/install/turtlebot3_fake_node:${AMENT_PREFIX_PATH} CMAKE_PREFIX_PATH=/home/ayush/Desktop/ROS2 /ROS2_NAV2/install/turtlebot3_gazebo:/home/ayush/Desktop/ROS2 /ROS2_NAV2/install/turtlebot3_fake_node:/opt/ros/humble /usr/bin/cmake --install /home/ayush/Desktop/ROS2 /ROS2_NAV2/build/turtlebot3_simulations
